<?xml version="1.0" encoding="UTF-8"?>

<DbAudiowarePreset product="DMXIS" major="1" minor="6" patch="3" name="Title 31" algoname="DMXIS">
  <Params>
    <Param nm="X Value" v="0" cc="-1" nrpn="-1" ch="0"/>
    <Param nm="Bank" v="0.3425" cc="-1" nrpn="-1" ch="0"/>
    <Param nm="Preset" v="0.3425" cc="-1" nrpn="-1" ch="0"/>
    <Param nm="PresetUp" v="0" cc="-1" nrpn="-1" ch="0"/>
    <Param nm="PresetDown" v="0" cc="-1" nrpn="-1" ch="0"/>
    <Param nm="ShowPresetPage" v="1" cc="-1" nrpn="-1" ch="0"/>
    <Param nm="BankUp" v="0" cc="-1" nrpn="-1" ch="0"/>
    <Param nm="BankDown" v="0" cc="-1" nrpn="-1" ch="0"/>
    <Param nm="NewPreset" v="0" cc="-1" nrpn="-1" ch="0"/>
    <Param nm="DeletePreset" v="0" cc="-1" nrpn="-1" ch="0"/>
    <Param nm="EditPreset" v="0" cc="-1" nrpn="-1" ch="0"/>
    <Param nm="NewBank" v="0" cc="-1" nrpn="-1" ch="0"/>
    <Param nm="DeleteBank" v="0" cc="-1" nrpn="-1" ch="0"/>
    <Param nm="EditBank" v="0" cc="-1" nrpn="-1" ch="0"/>
    <Param nm="Autoplay Bank" v="0" cc="-1" nrpn="-1" ch="0"/>
    <Param nm="OverwrtPst" v="0" cc="-1" nrpn="-1" ch="0"/>
    <Param nm="1" v="1" cc="-1" nrpn="-1" ch="0"/>
    <Param nm="2" v="0" cc="-1" nrpn="-1" ch="0"/>
    <Param nm="3" v="0" cc="-1" nrpn="-1" ch="0"/>
    <Param nm="4" v="0" cc="-1" nrpn="-1" ch="0"/>
    <Param nm="5" v="0" cc="-1" nrpn="-1" ch="0"/>
    <Param nm="6" v="0" cc="-1" nrpn="-1" ch="0"/>
    <Param nm="7" v="0" cc="-1" nrpn="-1" ch="0"/>
    <Param nm="8" v="0" cc="-1" nrpn="-1" ch="0"/>
    <Param nm="9" v="0" cc="-1" nrpn="-1" ch="0"/>
    <Param nm="10" v="0" cc="-1" nrpn="-1" ch="0"/>
    <Param nm="11" v="0" cc="-1" nrpn="-1" ch="0"/>
    <Param nm="12" v="0" cc="-1" nrpn="-1" ch="0"/>
    <Param nm="13" v="0" cc="-1" nrpn="-1" ch="0"/>
    <Param nm="14" v="0" cc="-1" nrpn="-1" ch="0"/>
    <Param nm="15" v="0" cc="-1" nrpn="-1" ch="0"/>
    <Param nm="16" v="0" cc="-1" nrpn="-1" ch="0"/>
    <Param nm="17" v="0" cc="-1" nrpn="-1" ch="0"/>
    <Param nm="18" v="1" cc="-1" nrpn="-1" ch="0"/>
    <Param nm="19" v="1" cc="-1" nrpn="-1" ch="0"/>
    <Param nm="20" v="1" cc="-1" nrpn="-1" ch="0"/>
    <Param nm="21" v="0" cc="-1" nrpn="-1" ch="0"/>
    <Param nm="22" v="1" cc="-1" nrpn="-1" ch="0"/>
    <Param nm="23" v="0" cc="-1" nrpn="-1" ch="0"/>
    <Param nm="24" v="0" cc="-1" nrpn="-1" ch="0"/>
    <Param nm="25" v="0" cc="-1" nrpn="-1" ch="0"/>
    <Param nm="26" v="0" cc="-1" nrpn="-1" ch="0"/>
    <Param nm="27" v="0" cc="-1" nrpn="-1" ch="0"/>
    <Param nm="28" v="0" cc="-1" nrpn="-1" ch="0"/>
    <Param nm="29" v="0" cc="-1" nrpn="-1" ch="0"/>
    <Param nm="30" v="0" cc="-1" nrpn="-1" ch="0"/>
    <Param nm="31" v="0" cc="-1" nrpn="-1" ch="0"/>
    <Param nm="32" v="0" cc="-1" nrpn="-1" ch="0"/>
    <Param nm="33" v="1" cc="-1" nrpn="-1" ch="0"/>
    <Param nm="34" v="1" cc="-1" nrpn="-1" ch="0"/>
    <Param nm="35" v="0" cc="-1" nrpn="-1" ch="0"/>
    <Param nm="36" v="0" cc="-1" nrpn="-1" ch="0"/>
    <Param nm="37" v="0" cc="-1" nrpn="-1" ch="0"/>
    <Param nm="38" v="0" cc="-1" nrpn="-1" ch="0"/>
    <Param nm="39" v="1" cc="-1" nrpn="-1" ch="0"/>
    <Param nm="40" v="0" cc="-1" nrpn="-1" ch="0"/>
    <Param nm="41" v="1" cc="-1" nrpn="-1" ch="0"/>
    <Param nm="42" v="1" cc="-1" nrpn="-1" ch="0"/>
    <Param nm="43" v="0" cc="-1" nrpn="-1" ch="0"/>
    <Param nm="44" v="0" cc="-1" nrpn="-1" ch="0"/>
    <Param nm="45" v="1" cc="-1" nrpn="-1" ch="0"/>
    <Param nm="46" v="1" cc="-1" nrpn="-1" ch="0"/>
    <Param nm="47" v="1" cc="-1" nrpn="-1" ch="0"/>
    <Param nm="48" v="0" cc="-1" nrpn="-1" ch="0"/>
    <Param nm="49" v="0" cc="-1" nrpn="-1" ch="0"/>
    <Param nm="50" v="0" cc="-1" nrpn="-1" ch="0"/>
    <Param nm="51" v="0" cc="-1" nrpn="-1" ch="0"/>
    <Param nm="52" v="0" cc="-1" nrpn="-1" ch="0"/>
    <Param nm="53" v="0" cc="-1" nrpn="-1" ch="0"/>
    <Param nm="54" v="1" cc="-1" nrpn="-1" ch="0"/>
    <Param nm="55" v="0" cc="-1" nrpn="-1" ch="0"/>
    <Param nm="56" v="0" cc="-1" nrpn="-1" ch="0"/>
    <Param nm="57" v="0" cc="-1" nrpn="-1" ch="0"/>
    <Param nm="58" v="1" cc="-1" nrpn="-1" ch="0"/>
    <Param nm="59" v="0" cc="-1" nrpn="-1" ch="0"/>
    <Param nm="60" v="0" cc="-1" nrpn="-1" ch="0"/>
    <Param nm="61" v="0" cc="-1" nrpn="-1" ch="0"/>
    <Param nm="62" v="0" cc="-1" nrpn="-1" ch="0"/>
    <Param nm="63" v="0" cc="-1" nrpn="-1" ch="0"/>
    <Param nm="64" v="0" cc="-1" nrpn="-1" ch="0"/>
    <Param nm="65" v="0" cc="-1" nrpn="-1" ch="0"/>
    <Param nm="66" v="0" cc="-1" nrpn="-1" ch="0"/>
    <Param nm="67" v="0" cc="-1" nrpn="-1" ch="0"/>
    <Param nm="68" v="0" cc="-1" nrpn="-1" ch="0"/>
    <Param nm="69" v="0" cc="-1" nrpn="-1" ch="0"/>
    <Param nm="70" v="0" cc="-1" nrpn="-1" ch="0"/>
    <Param nm="71" v="0" cc="-1" nrpn="-1" ch="0"/>
    <Param nm="72" v="0" cc="-1" nrpn="-1" ch="0"/>
    <Param nm="73" v="0" cc="-1" nrpn="-1" ch="0"/>
    <Param nm="74" v="0" cc="-1" nrpn="-1" ch="0"/>
    <Param nm="75" v="0" cc="-1" nrpn="-1" ch="0"/>
    <Param nm="76" v="0" cc="-1" nrpn="-1" ch="0"/>
    <Param nm="77" v="0" cc="-1" nrpn="-1" ch="0"/>
    <Param nm="78" v="0" cc="-1" nrpn="-1" ch="0"/>
    <Param nm="79" v="0" cc="-1" nrpn="-1" ch="0"/>
    <Param nm="80" v="0" cc="-1" nrpn="-1" ch="0"/>
    <Param nm="81" v="0" cc="-1" nrpn="-1" ch="0"/>
    <Param nm="82" v="0" cc="-1" nrpn="-1" ch="0"/>
    <Param nm="83" v="0" cc="-1" nrpn="-1" ch="0"/>
    <Param nm="84" v="0" cc="-1" nrpn="-1" ch="0"/>
    <Param nm="85" v="0" cc="-1" nrpn="-1" ch="0"/>
    <Param nm="86" v="0" cc="-1" nrpn="-1" ch="0"/>
    <Param nm="87" v="0" cc="-1" nrpn="-1" ch="0"/>
    <Param nm="88" v="0" cc="-1" nrpn="-1" ch="0"/>
    <Param nm="89" v="0" cc="-1" nrpn="-1" ch="0"/>
    <Param nm="90" v="0" cc="-1" nrpn="-1" ch="0"/>
    <Param nm="91" v="0" cc="-1" nrpn="-1" ch="0"/>
    <Param nm="92" v="0" cc="-1" nrpn="-1" ch="0"/>
    <Param nm="93" v="0" cc="-1" nrpn="-1" ch="0"/>
    <Param nm="94" v="0" cc="-1" nrpn="-1" ch="0"/>
    <Param nm="95" v="0" cc="-1" nrpn="-1" ch="0"/>
    <Param nm="96" v="0" cc="-1" nrpn="-1" ch="0"/>
    <Param nm="97" v="0" cc="-1" nrpn="-1" ch="0"/>
    <Param nm="98" v="0" cc="-1" nrpn="-1" ch="0"/>
    <Param nm="99" v="0" cc="-1" nrpn="-1" ch="0"/>
    <Param nm="100" v="0" cc="-1" nrpn="-1" ch="0"/>
    <Param nm="101" v="0" cc="-1" nrpn="-1" ch="0"/>
    <Param nm="102" v="0" cc="-1" nrpn="-1" ch="0"/>
    <Param nm="103" v="0" cc="-1" nrpn="-1" ch="0"/>
    <Param nm="104" v="0" cc="-1" nrpn="-1" ch="0"/>
    <Param nm="105" v="0" cc="-1" nrpn="-1" ch="0"/>
    <Param nm="106" v="0" cc="-1" nrpn="-1" ch="0"/>
    <Param nm="107" v="0" cc="-1" nrpn="-1" ch="0"/>
    <Param nm="108" v="0" cc="-1" nrpn="-1" ch="0"/>
    <Param nm="109" v="0" cc="-1" nrpn="-1" ch="0"/>
    <Param nm="110" v="0" cc="-1" nrpn="-1" ch="0"/>
    <Param nm="111" v="0" cc="-1" nrpn="-1" ch="0"/>
    <Param nm="112" v="0" cc="-1" nrpn="-1" ch="0"/>
    <Param nm="113" v="0" cc="-1" nrpn="-1" ch="0"/>
    <Param nm="114" v="0" cc="-1" nrpn="-1" ch="0"/>
    <Param nm="115" v="0" cc="-1" nrpn="-1" ch="0"/>
    <Param nm="116" v="0" cc="-1" nrpn="-1" ch="0"/>
    <Param nm="117" v="0" cc="-1" nrpn="-1" ch="0"/>
    <Param nm="118" v="0" cc="-1" nrpn="-1" ch="0"/>
    <Param nm="119" v="0" cc="-1" nrpn="-1" ch="0"/>
    <Param nm="120" v="0" cc="-1" nrpn="-1" ch="0"/>
    <Param nm="121" v="0" cc="-1" nrpn="-1" ch="0"/>
    <Param nm="122" v="0" cc="-1" nrpn="-1" ch="0"/>
    <Param nm="123" v="0" cc="-1" nrpn="-1" ch="0"/>
    <Param nm="124" v="0" cc="-1" nrpn="-1" ch="0"/>
    <Param nm="125" v="0" cc="-1" nrpn="-1" ch="0"/>
    <Param nm="126" v="0" cc="-1" nrpn="-1" ch="0"/>
    <Param nm="127" v="0" cc="-1" nrpn="-1" ch="0"/>
    <Param nm="128" v="0" cc="-1" nrpn="-1" ch="0"/>
    <Param nm="129" v="0" cc="-1" nrpn="-1" ch="0"/>
    <Param nm="130" v="0" cc="-1" nrpn="-1" ch="0"/>
    <Param nm="131" v="0" cc="-1" nrpn="-1" ch="0"/>
    <Param nm="132" v="0" cc="-1" nrpn="-1" ch="0"/>
    <Param nm="133" v="0" cc="-1" nrpn="-1" ch="0"/>
    <Param nm="134" v="0" cc="-1" nrpn="-1" ch="0"/>
    <Param nm="135" v="0" cc="-1" nrpn="-1" ch="0"/>
    <Param nm="136" v="0" cc="-1" nrpn="-1" ch="0"/>
    <Param nm="137" v="0" cc="-1" nrpn="-1" ch="0"/>
    <Param nm="138" v="0" cc="-1" nrpn="-1" ch="0"/>
    <Param nm="139" v="0" cc="-1" nrpn="-1" ch="0"/>
    <Param nm="140" v="0" cc="-1" nrpn="-1" ch="0"/>
    <Param nm="141" v="0" cc="-1" nrpn="-1" ch="0"/>
    <Param nm="142" v="0" cc="-1" nrpn="-1" ch="0"/>
    <Param nm="143" v="0" cc="-1" nrpn="-1" ch="0"/>
    <Param nm="144" v="0" cc="-1" nrpn="-1" ch="0"/>
    <Param nm="145" v="0" cc="-1" nrpn="-1" ch="0"/>
    <Param nm="146" v="0" cc="-1" nrpn="-1" ch="0"/>
    <Param nm="147" v="0" cc="-1" nrpn="-1" ch="0"/>
    <Param nm="148" v="0" cc="-1" nrpn="-1" ch="0"/>
    <Param nm="149" v="0" cc="-1" nrpn="-1" ch="0"/>
    <Param nm="150" v="0" cc="-1" nrpn="-1" ch="0"/>
    <Param nm="151" v="0" cc="-1" nrpn="-1" ch="0"/>
    <Param nm="152" v="0" cc="-1" nrpn="-1" ch="0"/>
    <Param nm="153" v="0" cc="-1" nrpn="-1" ch="0"/>
    <Param nm="154" v="0" cc="-1" nrpn="-1" ch="0"/>
    <Param nm="155" v="0" cc="-1" nrpn="-1" ch="0"/>
    <Param nm="156" v="0" cc="-1" nrpn="-1" ch="0"/>
    <Param nm="157" v="0" cc="-1" nrpn="-1" ch="0"/>
    <Param nm="158" v="0" cc="-1" nrpn="-1" ch="0"/>
    <Param nm="159" v="0" cc="-1" nrpn="-1" ch="0"/>
    <Param nm="160" v="0" cc="-1" nrpn="-1" ch="0"/>
    <Param nm="161" v="0" cc="-1" nrpn="-1" ch="0"/>
    <Param nm="162" v="0" cc="-1" nrpn="-1" ch="0"/>
    <Param nm="163" v="0" cc="-1" nrpn="-1" ch="0"/>
    <Param nm="164" v="0" cc="-1" nrpn="-1" ch="0"/>
    <Param nm="165" v="0" cc="-1" nrpn="-1" ch="0"/>
    <Param nm="166" v="0" cc="-1" nrpn="-1" ch="0"/>
    <Param nm="167" v="0" cc="-1" nrpn="-1" ch="0"/>
    <Param nm="168" v="0" cc="-1" nrpn="-1" ch="0"/>
    <Param nm="169" v="0" cc="-1" nrpn="-1" ch="0"/>
    <Param nm="170" v="0" cc="-1" nrpn="-1" ch="0"/>
    <Param nm="171" v="0" cc="-1" nrpn="-1" ch="0"/>
    <Param nm="172" v="0" cc="-1" nrpn="-1" ch="0"/>
    <Param nm="173" v="0" cc="-1" nrpn="-1" ch="0"/>
    <Param nm="174" v="0" cc="-1" nrpn="-1" ch="0"/>
    <Param nm="175" v="0" cc="-1" nrpn="-1" ch="0"/>
    <Param nm="176" v="0" cc="-1" nrpn="-1" ch="0"/>
    <Param nm="177" v="0" cc="-1" nrpn="-1" ch="0"/>
    <Param nm="178" v="0" cc="-1" nrpn="-1" ch="0"/>
    <Param nm="179" v="0" cc="-1" nrpn="-1" ch="0"/>
    <Param nm="180" v="0" cc="-1" nrpn="-1" ch="0"/>
    <Param nm="181" v="0" cc="-1" nrpn="-1" ch="0"/>
    <Param nm="182" v="0" cc="-1" nrpn="-1" ch="0"/>
    <Param nm="183" v="0" cc="-1" nrpn="-1" ch="0"/>
    <Param nm="184" v="0" cc="-1" nrpn="-1" ch="0"/>
    <Param nm="185" v="0" cc="-1" nrpn="-1" ch="0"/>
    <Param nm="186" v="0" cc="-1" nrpn="-1" ch="0"/>
    <Param nm="187" v="0" cc="-1" nrpn="-1" ch="0"/>
    <Param nm="188" v="0" cc="-1" nrpn="-1" ch="0"/>
    <Param nm="189" v="0" cc="-1" nrpn="-1" ch="0"/>
    <Param nm="190" v="0" cc="-1" nrpn="-1" ch="0"/>
    <Param nm="191" v="0" cc="-1" nrpn="-1" ch="0"/>
    <Param nm="192" v="0" cc="-1" nrpn="-1" ch="0"/>
    <Param nm="193" v="0" cc="-1" nrpn="-1" ch="0"/>
    <Param nm="194" v="0" cc="-1" nrpn="-1" ch="0"/>
    <Param nm="195" v="0" cc="-1" nrpn="-1" ch="0"/>
    <Param nm="196" v="0" cc="-1" nrpn="-1" ch="0"/>
    <Param nm="197" v="0" cc="-1" nrpn="-1" ch="0"/>
    <Param nm="198" v="0" cc="-1" nrpn="-1" ch="0"/>
    <Param nm="199" v="0" cc="-1" nrpn="-1" ch="0"/>
    <Param nm="200" v="0" cc="-1" nrpn="-1" ch="0"/>
    <Param nm="201" v="0" cc="-1" nrpn="-1" ch="0"/>
    <Param nm="202" v="0" cc="-1" nrpn="-1" ch="0"/>
    <Param nm="203" v="0" cc="-1" nrpn="-1" ch="0"/>
    <Param nm="204" v="0" cc="-1" nrpn="-1" ch="0"/>
    <Param nm="205" v="0" cc="-1" nrpn="-1" ch="0"/>
    <Param nm="206" v="0" cc="-1" nrpn="-1" ch="0"/>
    <Param nm="207" v="0" cc="-1" nrpn="-1" ch="0"/>
    <Param nm="208" v="0" cc="-1" nrpn="-1" ch="0"/>
    <Param nm="209" v="0" cc="-1" nrpn="-1" ch="0"/>
    <Param nm="210" v="0" cc="-1" nrpn="-1" ch="0"/>
    <Param nm="211" v="0" cc="-1" nrpn="-1" ch="0"/>
    <Param nm="212" v="0" cc="-1" nrpn="-1" ch="0"/>
    <Param nm="213" v="0" cc="-1" nrpn="-1" ch="0"/>
    <Param nm="214" v="0" cc="-1" nrpn="-1" ch="0"/>
    <Param nm="215" v="0" cc="-1" nrpn="-1" ch="0"/>
    <Param nm="216" v="0" cc="-1" nrpn="-1" ch="0"/>
    <Param nm="217" v="0" cc="-1" nrpn="-1" ch="0"/>
    <Param nm="218" v="0" cc="-1" nrpn="-1" ch="0"/>
    <Param nm="219" v="0" cc="-1" nrpn="-1" ch="0"/>
    <Param nm="220" v="0" cc="-1" nrpn="-1" ch="0"/>
    <Param nm="221" v="0" cc="-1" nrpn="-1" ch="0"/>
    <Param nm="222" v="0" cc="-1" nrpn="-1" ch="0"/>
    <Param nm="223" v="0" cc="-1" nrpn="-1" ch="0"/>
    <Param nm="224" v="0" cc="-1" nrpn="-1" ch="0"/>
    <Param nm="225" v="0" cc="-1" nrpn="-1" ch="0"/>
    <Param nm="226" v="0" cc="-1" nrpn="-1" ch="0"/>
    <Param nm="227" v="0" cc="-1" nrpn="-1" ch="0"/>
    <Param nm="228" v="0" cc="-1" nrpn="-1" ch="0"/>
    <Param nm="229" v="0" cc="-1" nrpn="-1" ch="0"/>
    <Param nm="230" v="0" cc="-1" nrpn="-1" ch="0"/>
    <Param nm="231" v="0" cc="-1" nrpn="-1" ch="0"/>
    <Param nm="232" v="0" cc="-1" nrpn="-1" ch="0"/>
    <Param nm="233" v="0" cc="-1" nrpn="-1" ch="0"/>
    <Param nm="234" v="0" cc="-1" nrpn="-1" ch="0"/>
    <Param nm="235" v="0" cc="-1" nrpn="-1" ch="0"/>
    <Param nm="236" v="0" cc="-1" nrpn="-1" ch="0"/>
    <Param nm="237" v="0" cc="-1" nrpn="-1" ch="0"/>
    <Param nm="238" v="0" cc="-1" nrpn="-1" ch="0"/>
    <Param nm="239" v="0" cc="-1" nrpn="-1" ch="0"/>
    <Param nm="240" v="0" cc="-1" nrpn="-1" ch="0"/>
    <Param nm="241" v="0" cc="-1" nrpn="-1" ch="0"/>
    <Param nm="242" v="0" cc="-1" nrpn="-1" ch="0"/>
    <Param nm="243" v="0" cc="-1" nrpn="-1" ch="0"/>
    <Param nm="244" v="0" cc="-1" nrpn="-1" ch="0"/>
    <Param nm="245" v="0" cc="-1" nrpn="-1" ch="0"/>
    <Param nm="246" v="0" cc="-1" nrpn="-1" ch="0"/>
    <Param nm="247" v="0" cc="-1" nrpn="-1" ch="0"/>
    <Param nm="248" v="0" cc="-1" nrpn="-1" ch="0"/>
    <Param nm="249" v="0" cc="-1" nrpn="-1" ch="0"/>
    <Param nm="250" v="0" cc="-1" nrpn="-1" ch="0"/>
    <Param nm="251" v="0" cc="-1" nrpn="-1" ch="0"/>
    <Param nm="252" v="0" cc="-1" nrpn="-1" ch="0"/>
    <Param nm="253" v="0" cc="-1" nrpn="-1" ch="0"/>
    <Param nm="254" v="0" cc="-1" nrpn="-1" ch="0"/>
    <Param nm="255" v="0" cc="-1" nrpn="-1" ch="0"/>
    <Param nm="256" v="0" cc="-1" nrpn="-1" ch="0"/>
    <Param nm="257" v="0" cc="-1" nrpn="-1" ch="0"/>
    <Param nm="258" v="0" cc="-1" nrpn="-1" ch="0"/>
    <Param nm="259" v="0" cc="-1" nrpn="-1" ch="0"/>
    <Param nm="260" v="0" cc="-1" nrpn="-1" ch="0"/>
    <Param nm="261" v="0" cc="-1" nrpn="-1" ch="0"/>
    <Param nm="262" v="0" cc="-1" nrpn="-1" ch="0"/>
    <Param nm="263" v="0" cc="-1" nrpn="-1" ch="0"/>
    <Param nm="264" v="0" cc="-1" nrpn="-1" ch="0"/>
    <Param nm="265" v="0" cc="-1" nrpn="-1" ch="0"/>
    <Param nm="266" v="0" cc="-1" nrpn="-1" ch="0"/>
    <Param nm="267" v="0" cc="-1" nrpn="-1" ch="0"/>
    <Param nm="268" v="0" cc="-1" nrpn="-1" ch="0"/>
    <Param nm="269" v="0" cc="-1" nrpn="-1" ch="0"/>
    <Param nm="270" v="0" cc="-1" nrpn="-1" ch="0"/>
    <Param nm="271" v="0" cc="-1" nrpn="-1" ch="0"/>
    <Param nm="272" v="0" cc="-1" nrpn="-1" ch="0"/>
    <Param nm="273" v="0" cc="-1" nrpn="-1" ch="0"/>
    <Param nm="274" v="0" cc="-1" nrpn="-1" ch="0"/>
    <Param nm="275" v="0" cc="-1" nrpn="-1" ch="0"/>
    <Param nm="276" v="0" cc="-1" nrpn="-1" ch="0"/>
    <Param nm="277" v="0" cc="-1" nrpn="-1" ch="0"/>
    <Param nm="278" v="0" cc="-1" nrpn="-1" ch="0"/>
    <Param nm="279" v="0" cc="-1" nrpn="-1" ch="0"/>
    <Param nm="280" v="0" cc="-1" nrpn="-1" ch="0"/>
    <Param nm="281" v="0" cc="-1" nrpn="-1" ch="0"/>
    <Param nm="282" v="0" cc="-1" nrpn="-1" ch="0"/>
    <Param nm="283" v="0" cc="-1" nrpn="-1" ch="0"/>
    <Param nm="284" v="0" cc="-1" nrpn="-1" ch="0"/>
    <Param nm="285" v="0" cc="-1" nrpn="-1" ch="0"/>
    <Param nm="286" v="0" cc="-1" nrpn="-1" ch="0"/>
    <Param nm="287" v="0" cc="-1" nrpn="-1" ch="0"/>
    <Param nm="288" v="0" cc="-1" nrpn="-1" ch="0"/>
    <Param nm="289" v="0" cc="-1" nrpn="-1" ch="0"/>
    <Param nm="290" v="0" cc="-1" nrpn="-1" ch="0"/>
    <Param nm="291" v="0" cc="-1" nrpn="-1" ch="0"/>
    <Param nm="292" v="0" cc="-1" nrpn="-1" ch="0"/>
    <Param nm="293" v="0" cc="-1" nrpn="-1" ch="0"/>
    <Param nm="294" v="0" cc="-1" nrpn="-1" ch="0"/>
    <Param nm="295" v="0" cc="-1" nrpn="-1" ch="0"/>
    <Param nm="296" v="0" cc="-1" nrpn="-1" ch="0"/>
    <Param nm="297" v="0" cc="-1" nrpn="-1" ch="0"/>
    <Param nm="298" v="0" cc="-1" nrpn="-1" ch="0"/>
    <Param nm="299" v="0" cc="-1" nrpn="-1" ch="0"/>
    <Param nm="300" v="0" cc="-1" nrpn="-1" ch="0"/>
    <Param nm="301" v="0" cc="-1" nrpn="-1" ch="0"/>
    <Param nm="302" v="0" cc="-1" nrpn="-1" ch="0"/>
    <Param nm="303" v="0" cc="-1" nrpn="-1" ch="0"/>
    <Param nm="304" v="0" cc="-1" nrpn="-1" ch="0"/>
    <Param nm="305" v="0" cc="-1" nrpn="-1" ch="0"/>
    <Param nm="306" v="0" cc="-1" nrpn="-1" ch="0"/>
    <Param nm="307" v="0" cc="-1" nrpn="-1" ch="0"/>
    <Param nm="308" v="0" cc="-1" nrpn="-1" ch="0"/>
    <Param nm="309" v="0" cc="-1" nrpn="-1" ch="0"/>
    <Param nm="310" v="0" cc="-1" nrpn="-1" ch="0"/>
    <Param nm="311" v="0" cc="-1" nrpn="-1" ch="0"/>
    <Param nm="312" v="0" cc="-1" nrpn="-1" ch="0"/>
    <Param nm="313" v="0" cc="-1" nrpn="-1" ch="0"/>
    <Param nm="314" v="0" cc="-1" nrpn="-1" ch="0"/>
    <Param nm="315" v="0" cc="-1" nrpn="-1" ch="0"/>
    <Param nm="316" v="0" cc="-1" nrpn="-1" ch="0"/>
    <Param nm="317" v="0" cc="-1" nrpn="-1" ch="0"/>
    <Param nm="318" v="0" cc="-1" nrpn="-1" ch="0"/>
    <Param nm="319" v="0" cc="-1" nrpn="-1" ch="0"/>
    <Param nm="320" v="0" cc="-1" nrpn="-1" ch="0"/>
    <Param nm="321" v="0" cc="-1" nrpn="-1" ch="0"/>
    <Param nm="322" v="0" cc="-1" nrpn="-1" ch="0"/>
    <Param nm="323" v="0" cc="-1" nrpn="-1" ch="0"/>
    <Param nm="324" v="0" cc="-1" nrpn="-1" ch="0"/>
    <Param nm="325" v="0" cc="-1" nrpn="-1" ch="0"/>
    <Param nm="326" v="0" cc="-1" nrpn="-1" ch="0"/>
    <Param nm="327" v="0" cc="-1" nrpn="-1" ch="0"/>
    <Param nm="328" v="0" cc="-1" nrpn="-1" ch="0"/>
    <Param nm="329" v="0" cc="-1" nrpn="-1" ch="0"/>
    <Param nm="330" v="0" cc="-1" nrpn="-1" ch="0"/>
    <Param nm="331" v="0" cc="-1" nrpn="-1" ch="0"/>
    <Param nm="332" v="0" cc="-1" nrpn="-1" ch="0"/>
    <Param nm="333" v="0" cc="-1" nrpn="-1" ch="0"/>
    <Param nm="334" v="0" cc="-1" nrpn="-1" ch="0"/>
    <Param nm="335" v="0" cc="-1" nrpn="-1" ch="0"/>
    <Param nm="336" v="0" cc="-1" nrpn="-1" ch="0"/>
    <Param nm="337" v="0" cc="-1" nrpn="-1" ch="0"/>
    <Param nm="338" v="0" cc="-1" nrpn="-1" ch="0"/>
    <Param nm="339" v="0" cc="-1" nrpn="-1" ch="0"/>
    <Param nm="340" v="0" cc="-1" nrpn="-1" ch="0"/>
    <Param nm="341" v="0" cc="-1" nrpn="-1" ch="0"/>
    <Param nm="342" v="0" cc="-1" nrpn="-1" ch="0"/>
    <Param nm="343" v="0" cc="-1" nrpn="-1" ch="0"/>
    <Param nm="344" v="0" cc="-1" nrpn="-1" ch="0"/>
    <Param nm="345" v="0" cc="-1" nrpn="-1" ch="0"/>
    <Param nm="346" v="0" cc="-1" nrpn="-1" ch="0"/>
    <Param nm="347" v="0" cc="-1" nrpn="-1" ch="0"/>
    <Param nm="348" v="0" cc="-1" nrpn="-1" ch="0"/>
    <Param nm="349" v="0" cc="-1" nrpn="-1" ch="0"/>
    <Param nm="350" v="0" cc="-1" nrpn="-1" ch="0"/>
    <Param nm="351" v="0" cc="-1" nrpn="-1" ch="0"/>
    <Param nm="352" v="0" cc="-1" nrpn="-1" ch="0"/>
    <Param nm="353" v="0" cc="-1" nrpn="-1" ch="0"/>
    <Param nm="354" v="0" cc="-1" nrpn="-1" ch="0"/>
    <Param nm="355" v="0" cc="-1" nrpn="-1" ch="0"/>
    <Param nm="356" v="0" cc="-1" nrpn="-1" ch="0"/>
    <Param nm="357" v="0" cc="-1" nrpn="-1" ch="0"/>
    <Param nm="358" v="0" cc="-1" nrpn="-1" ch="0"/>
    <Param nm="359" v="0" cc="-1" nrpn="-1" ch="0"/>
    <Param nm="360" v="0" cc="-1" nrpn="-1" ch="0"/>
    <Param nm="361" v="0" cc="-1" nrpn="-1" ch="0"/>
    <Param nm="362" v="0" cc="-1" nrpn="-1" ch="0"/>
    <Param nm="363" v="0" cc="-1" nrpn="-1" ch="0"/>
    <Param nm="364" v="0" cc="-1" nrpn="-1" ch="0"/>
    <Param nm="365" v="0" cc="-1" nrpn="-1" ch="0"/>
    <Param nm="366" v="0" cc="-1" nrpn="-1" ch="0"/>
    <Param nm="367" v="0" cc="-1" nrpn="-1" ch="0"/>
    <Param nm="368" v="0" cc="-1" nrpn="-1" ch="0"/>
    <Param nm="369" v="0" cc="-1" nrpn="-1" ch="0"/>
    <Param nm="370" v="0" cc="-1" nrpn="-1" ch="0"/>
    <Param nm="371" v="0" cc="-1" nrpn="-1" ch="0"/>
    <Param nm="372" v="0" cc="-1" nrpn="-1" ch="0"/>
    <Param nm="373" v="0" cc="-1" nrpn="-1" ch="0"/>
    <Param nm="374" v="0" cc="-1" nrpn="-1" ch="0"/>
    <Param nm="375" v="0" cc="-1" nrpn="-1" ch="0"/>
    <Param nm="376" v="0" cc="-1" nrpn="-1" ch="0"/>
    <Param nm="377" v="0" cc="-1" nrpn="-1" ch="0"/>
    <Param nm="378" v="0" cc="-1" nrpn="-1" ch="0"/>
    <Param nm="379" v="0" cc="-1" nrpn="-1" ch="0"/>
    <Param nm="380" v="0" cc="-1" nrpn="-1" ch="0"/>
    <Param nm="381" v="0" cc="-1" nrpn="-1" ch="0"/>
    <Param nm="382" v="0" cc="-1" nrpn="-1" ch="0"/>
    <Param nm="383" v="0" cc="-1" nrpn="-1" ch="0"/>
    <Param nm="384" v="0" cc="-1" nrpn="-1" ch="0"/>
    <Param nm="385" v="0" cc="-1" nrpn="-1" ch="0"/>
    <Param nm="386" v="0" cc="-1" nrpn="-1" ch="0"/>
    <Param nm="387" v="0" cc="-1" nrpn="-1" ch="0"/>
    <Param nm="388" v="0" cc="-1" nrpn="-1" ch="0"/>
    <Param nm="389" v="0" cc="-1" nrpn="-1" ch="0"/>
    <Param nm="390" v="0" cc="-1" nrpn="-1" ch="0"/>
    <Param nm="391" v="0" cc="-1" nrpn="-1" ch="0"/>
    <Param nm="392" v="0" cc="-1" nrpn="-1" ch="0"/>
    <Param nm="393" v="0" cc="-1" nrpn="-1" ch="0"/>
    <Param nm="394" v="0" cc="-1" nrpn="-1" ch="0"/>
    <Param nm="395" v="0" cc="-1" nrpn="-1" ch="0"/>
    <Param nm="396" v="0" cc="-1" nrpn="-1" ch="0"/>
    <Param nm="397" v="0" cc="-1" nrpn="-1" ch="0"/>
    <Param nm="398" v="0" cc="-1" nrpn="-1" ch="0"/>
    <Param nm="399" v="0" cc="-1" nrpn="-1" ch="0"/>
    <Param nm="400" v="0" cc="-1" nrpn="-1" ch="0"/>
    <Param nm="401" v="0" cc="-1" nrpn="-1" ch="0"/>
    <Param nm="402" v="0" cc="-1" nrpn="-1" ch="0"/>
    <Param nm="403" v="0" cc="-1" nrpn="-1" ch="0"/>
    <Param nm="404" v="0" cc="-1" nrpn="-1" ch="0"/>
    <Param nm="405" v="0" cc="-1" nrpn="-1" ch="0"/>
    <Param nm="406" v="0" cc="-1" nrpn="-1" ch="0"/>
    <Param nm="407" v="0" cc="-1" nrpn="-1" ch="0"/>
    <Param nm="408" v="0" cc="-1" nrpn="-1" ch="0"/>
    <Param nm="409" v="0" cc="-1" nrpn="-1" ch="0"/>
    <Param nm="410" v="0" cc="-1" nrpn="-1" ch="0"/>
    <Param nm="411" v="0" cc="-1" nrpn="-1" ch="0"/>
    <Param nm="412" v="0" cc="-1" nrpn="-1" ch="0"/>
    <Param nm="413" v="0" cc="-1" nrpn="-1" ch="0"/>
    <Param nm="414" v="0" cc="-1" nrpn="-1" ch="0"/>
    <Param nm="415" v="0" cc="-1" nrpn="-1" ch="0"/>
    <Param nm="416" v="0" cc="-1" nrpn="-1" ch="0"/>
    <Param nm="417" v="0" cc="-1" nrpn="-1" ch="0"/>
    <Param nm="418" v="0" cc="-1" nrpn="-1" ch="0"/>
    <Param nm="419" v="0" cc="-1" nrpn="-1" ch="0"/>
    <Param nm="420" v="0" cc="-1" nrpn="-1" ch="0"/>
    <Param nm="421" v="0" cc="-1" nrpn="-1" ch="0"/>
    <Param nm="422" v="0" cc="-1" nrpn="-1" ch="0"/>
    <Param nm="423" v="0" cc="-1" nrpn="-1" ch="0"/>
    <Param nm="424" v="0" cc="-1" nrpn="-1" ch="0"/>
    <Param nm="425" v="0" cc="-1" nrpn="-1" ch="0"/>
    <Param nm="426" v="0" cc="-1" nrpn="-1" ch="0"/>
    <Param nm="427" v="0" cc="-1" nrpn="-1" ch="0"/>
    <Param nm="428" v="0" cc="-1" nrpn="-1" ch="0"/>
    <Param nm="429" v="0" cc="-1" nrpn="-1" ch="0"/>
    <Param nm="430" v="0" cc="-1" nrpn="-1" ch="0"/>
    <Param nm="431" v="0" cc="-1" nrpn="-1" ch="0"/>
    <Param nm="432" v="0" cc="-1" nrpn="-1" ch="0"/>
    <Param nm="433" v="0" cc="-1" nrpn="-1" ch="0"/>
    <Param nm="434" v="0" cc="-1" nrpn="-1" ch="0"/>
    <Param nm="435" v="0" cc="-1" nrpn="-1" ch="0"/>
    <Param nm="436" v="0" cc="-1" nrpn="-1" ch="0"/>
    <Param nm="437" v="0" cc="-1" nrpn="-1" ch="0"/>
    <Param nm="438" v="0" cc="-1" nrpn="-1" ch="0"/>
    <Param nm="439" v="0" cc="-1" nrpn="-1" ch="0"/>
    <Param nm="440" v="0" cc="-1" nrpn="-1" ch="0"/>
    <Param nm="441" v="0" cc="-1" nrpn="-1" ch="0"/>
    <Param nm="442" v="0" cc="-1" nrpn="-1" ch="0"/>
    <Param nm="443" v="0" cc="-1" nrpn="-1" ch="0"/>
    <Param nm="444" v="0" cc="-1" nrpn="-1" ch="0"/>
    <Param nm="445" v="0" cc="-1" nrpn="-1" ch="0"/>
    <Param nm="446" v="0" cc="-1" nrpn="-1" ch="0"/>
    <Param nm="447" v="0" cc="-1" nrpn="-1" ch="0"/>
    <Param nm="448" v="0" cc="-1" nrpn="-1" ch="0"/>
    <Param nm="449" v="0" cc="-1" nrpn="-1" ch="0"/>
    <Param nm="450" v="0" cc="-1" nrpn="-1" ch="0"/>
    <Param nm="451" v="0" cc="-1" nrpn="-1" ch="0"/>
    <Param nm="452" v="0" cc="-1" nrpn="-1" ch="0"/>
    <Param nm="453" v="0" cc="-1" nrpn="-1" ch="0"/>
    <Param nm="454" v="0" cc="-1" nrpn="-1" ch="0"/>
    <Param nm="455" v="0" cc="-1" nrpn="-1" ch="0"/>
    <Param nm="456" v="0" cc="-1" nrpn="-1" ch="0"/>
    <Param nm="457" v="0" cc="-1" nrpn="-1" ch="0"/>
    <Param nm="458" v="0" cc="-1" nrpn="-1" ch="0"/>
    <Param nm="459" v="0" cc="-1" nrpn="-1" ch="0"/>
    <Param nm="460" v="0" cc="-1" nrpn="-1" ch="0"/>
    <Param nm="461" v="0" cc="-1" nrpn="-1" ch="0"/>
    <Param nm="462" v="0" cc="-1" nrpn="-1" ch="0"/>
    <Param nm="463" v="0" cc="-1" nrpn="-1" ch="0"/>
    <Param nm="464" v="0" cc="-1" nrpn="-1" ch="0"/>
    <Param nm="465" v="0" cc="-1" nrpn="-1" ch="0"/>
    <Param nm="466" v="0" cc="-1" nrpn="-1" ch="0"/>
    <Param nm="467" v="0" cc="-1" nrpn="-1" ch="0"/>
    <Param nm="468" v="0" cc="-1" nrpn="-1" ch="0"/>
    <Param nm="469" v="0" cc="-1" nrpn="-1" ch="0"/>
    <Param nm="470" v="0" cc="-1" nrpn="-1" ch="0"/>
    <Param nm="471" v="0" cc="-1" nrpn="-1" ch="0"/>
    <Param nm="472" v="0" cc="-1" nrpn="-1" ch="0"/>
    <Param nm="473" v="0" cc="-1" nrpn="-1" ch="0"/>
    <Param nm="474" v="0" cc="-1" nrpn="-1" ch="0"/>
    <Param nm="475" v="0" cc="-1" nrpn="-1" ch="0"/>
    <Param nm="476" v="0" cc="-1" nrpn="-1" ch="0"/>
    <Param nm="477" v="0" cc="-1" nrpn="-1" ch="0"/>
    <Param nm="478" v="0" cc="-1" nrpn="-1" ch="0"/>
    <Param nm="479" v="0" cc="-1" nrpn="-1" ch="0"/>
    <Param nm="480" v="0" cc="-1" nrpn="-1" ch="0"/>
    <Param nm="481" v="0" cc="-1" nrpn="-1" ch="0"/>
    <Param nm="482" v="0" cc="-1" nrpn="-1" ch="0"/>
    <Param nm="483" v="0" cc="-1" nrpn="-1" ch="0"/>
    <Param nm="484" v="0" cc="-1" nrpn="-1" ch="0"/>
    <Param nm="485" v="0" cc="-1" nrpn="-1" ch="0"/>
    <Param nm="486" v="0" cc="-1" nrpn="-1" ch="0"/>
    <Param nm="487" v="0" cc="-1" nrpn="-1" ch="0"/>
    <Param nm="488" v="0" cc="-1" nrpn="-1" ch="0"/>
    <Param nm="489" v="0" cc="-1" nrpn="-1" ch="0"/>
    <Param nm="490" v="0" cc="-1" nrpn="-1" ch="0"/>
    <Param nm="491" v="0" cc="-1" nrpn="-1" ch="0"/>
    <Param nm="492" v="0" cc="-1" nrpn="-1" ch="0"/>
    <Param nm="493" v="0" cc="-1" nrpn="-1" ch="0"/>
    <Param nm="494" v="0" cc="-1" nrpn="-1" ch="0"/>
    <Param nm="495" v="0" cc="-1" nrpn="-1" ch="0"/>
    <Param nm="496" v="0" cc="-1" nrpn="-1" ch="0"/>
    <Param nm="497" v="0" cc="-1" nrpn="-1" ch="0"/>
    <Param nm="498" v="0" cc="-1" nrpn="-1" ch="0"/>
    <Param nm="499" v="0" cc="-1" nrpn="-1" ch="0"/>
    <Param nm="500" v="0" cc="-1" nrpn="-1" ch="0"/>
    <Param nm="501" v="0" cc="-1" nrpn="-1" ch="0"/>
    <Param nm="502" v="0" cc="-1" nrpn="-1" ch="0"/>
    <Param nm="503" v="0" cc="-1" nrpn="-1" ch="0"/>
    <Param nm="504" v="0" cc="-1" nrpn="-1" ch="0"/>
    <Param nm="505" v="0" cc="-1" nrpn="-1" ch="0"/>
    <Param nm="506" v="0" cc="-1" nrpn="-1" ch="0"/>
    <Param nm="507" v="0" cc="-1" nrpn="-1" ch="0"/>
    <Param nm="508" v="0" cc="-1" nrpn="-1" ch="0"/>
    <Param nm="509" v="0" cc="-1" nrpn="-1" ch="0"/>
    <Param nm="510" v="0" cc="-1" nrpn="-1" ch="0"/>
    <Param nm="511" v="0" cc="-1" nrpn="-1" ch="0"/>
    <Param nm="512" v="0" cc="-1" nrpn="-1" ch="0"/>
    <Param nm="DmxNextPage" v="0" cc="-1" nrpn="-1" ch="0"/>
    <Param nm="DmxPrevPage" v="0" cc="-1" nrpn="-1" ch="0"/>
    <Param nm="Master Speed" v="1.04167" cc="-1" nrpn="-1" ch="0"/>
    <Param nm="MasterTempo" v="120" cc="-1" nrpn="-1" ch="0"/>
    <Param nm="Macros" v="0" cc="-1" nrpn="-1" ch="0"/>
    <Param nm="Grand Master" v="0.07561582" cc="-1" nrpn="-1" ch="0"/>
    <Param nm="Crossfade" v="0" cc="-1" nrpn="-1" ch="0"/>
    <Param nm="Type" v="0" cc="-1" nrpn="-1" ch="0"/>
    <Param nm="Amount" v="0.5" cc="-1" nrpn="-1" ch="0"/>
    <Param nm="Offset" v="0" cc="-1" nrpn="-1" ch="0"/>
    <Param nm="Speed" v="0.357143" cc="-1" nrpn="-1" ch="0"/>
    <Param nm="Shape" v="0.5" cc="-1" nrpn="-1" ch="0"/>
    <Param nm="Band" v="0" cc="-1" nrpn="-1" ch="0"/>
    <Param nm="Level" v="0" cc="-1" nrpn="-1" ch="0"/>
    <Param nm="Attack" v="1" cc="-1" nrpn="-1" ch="0"/>
    <Param nm="Release" v="49.9875" cc="-1" nrpn="-1" ch="0"/>
    <Param nm="Dir" v="0" cc="-1" nrpn="-1" ch="0"/>
    <Param nm="Invert" v="0" cc="-1" nrpn="-1" ch="0"/>
    <Param nm="Enabled" v="0" cc="-1" nrpn="-1" ch="0"/>
  </Params>
  <DmxUniverse>
    <c n="0" t="0" a="0.5" p="0" s="7" tm="10" sh="0.5" i="0" en="0" fa="1" fr="49.96251" fg="0" fd="0" ff="0"/>
    <c n="1" t="0" a="0.5" p="0" s="7" tm="10" sh="0.5" i="0" en="1" fa="1" fr="49.96251" fg="0" fd="0" ff="0"/>
    <c n="2" t="0" a="0.5" p="0" s="7" tm="10" sh="0.5" i="0" en="1" fa="1" fr="49.96251" fg="0" fd="0" ff="0"/>
    <c n="3" t="0" a="0.5" p="0" s="7" tm="10" sh="0.5" i="0" en="1" fa="1" fr="49.96251" fg="0" fd="0" ff="0"/>
    <c n="4" t="0" a="0.5" p="0" s="7" tm="10" sh="0.5" i="0" en="1" fa="1" fr="49.96251" fg="0" fd="0" ff="0"/>
    <c n="5" t="0" a="0.5" p="0" s="7" tm="10" sh="0.5" i="0" en="1" fa="1" fr="49.96251" fg="0" fd="0" ff="0"/>
    <c n="6" t="0" a="0.5" p="0" s="7" tm="10" sh="0.5" i="0" en="1" fa="1" fr="49.96251" fg="0" fd="0" ff="0"/>
    <c n="7" t="0" a="0.5" p="0" s="7" tm="10" sh="0.5" i="0" en="1" fa="1" fr="49.96251" fg="0" fd="0" ff="0"/>
    <c n="8" t="0" a="0.5" p="0" s="7" tm="10" sh="0.5" i="0" en="1" fa="1" fr="49.96251" fg="0" fd="0" ff="0"/>
    <c n="9" t="0" a="0.5" p="0" s="7" tm="10" sh="0.5" i="0" en="1" fa="1" fr="49.96251" fg="0" fd="0" ff="0"/>
    <c n="10" t="0" a="0.5" p="0" s="7" tm="10" sh="0.5" i="0" en="1" fa="1" fr="49.96251" fg="0" fd="0" ff="0"/>
    <c n="11" t="0" a="0.5" p="0" s="7" tm="10" sh="0.5" i="0" en="1" fa="1" fr="49.96251" fg="0" fd="0" ff="0"/>
    <c n="12" t="0" a="0.5" p="0" s="7" tm="10" sh="0.5" i="0" en="1" fa="1" fr="49.96251" fg="0" fd="0" ff="0"/>
    <c n="13" t="0" a="0.5" p="0" s="7" tm="10" sh="0.5" i="0" en="1" fa="1" fr="49.96251" fg="0" fd="0" ff="0"/>
    <c n="14" t="0" a="0.5" p="0" s="7" tm="10" sh="0.5" i="0" en="1" fa="1" fr="49.96251" fg="0" fd="0" ff="0"/>
    <c n="15" t="0" a="0.5" p="0" s="7" tm="10" sh="0.5" i="0" en="1" fa="1" fr="49.96251" fg="0" fd="0" ff="0"/>
    <c n="16" t="0" a="0.5" p="0" s="7" tm="10" sh="0.5" i="0" en="1" fa="1" fr="49.96251" fg="0" fd="0" ff="0"/>
    <c n="17" t="0" a="0.5" p="0" s="7" tm="10" sh="0.5" i="0" en="1" fa="1" fr="49.96251" fg="0" fd="0" ff="0"/>
    <c n="18" t="0" a="0.5" p="0" s="7" tm="10" sh="0.5" i="0" en="1" fa="1" fr="49.96251" fg="0" fd="0" ff="0"/>
    <c n="19" t="0" a="0.5" p="0" s="7" tm="10" sh="0.5" i="0" en="1" fa="1" fr="49.96251" fg="0" fd="0" ff="0"/>
    <c n="20" t="0" a="0.5" p="0" s="7" tm="10" sh="0.5" i="0" en="1" fa="1" fr="49.96251" fg="0" fd="0" ff="0"/>
    <c n="21" t="0" a="0.5" p="0" s="7" tm="10" sh="0.5" i="0" en="1" fa="1" fr="49.96251" fg="0" fd="0" ff="0"/>
    <c n="22" t="0" a="0.5" p="0" s="7" tm="10" sh="0.5" i="0" en="1" fa="1" fr="49.96251" fg="0" fd="0" ff="0"/>
    <c n="23" t="0" a="0.5" p="0" s="7" tm="10" sh="0.5" i="0" en="1" fa="1" fr="49.96251" fg="0" fd="0" ff="0"/>
    <c n="24" t="0" a="0.5" p="0" s="7" tm="10" sh="0.5" i="0" en="1" fa="1" fr="49.96251" fg="0" fd="0" ff="0"/>
    <c n="25" t="0" a="0.5" p="0" s="7" tm="10" sh="0.5" i="0" en="1" fa="1" fr="49.96251" fg="0" fd="0" ff="0"/>
    <c n="26" t="0" a="0.5" p="0" s="7" tm="10" sh="0.5" i="0" en="1" fa="1" fr="49.96251" fg="0" fd="0" ff="0"/>
    <c n="27" t="0" a="0.5" p="0" s="7" tm="10" sh="0.5" i="0" en="1" fa="1" fr="49.96251" fg="0" fd="0" ff="0"/>
    <c n="28" t="0" a="0.5" p="0" s="7" tm="10" sh="0.5" i="0" en="0" fa="1" fr="49.96251" fg="0" fd="0" ff="0"/>
    <c n="29" t="0" a="0.5" p="0" s="7" tm="10" sh="0.5" i="0" en="0" fa="1" fr="49.96251" fg="0" fd="0" ff="0"/>
    <c n="30" t="0" a="0.5" p="0" s="7" tm="10" sh="0.5" i="0" en="0" fa="1" fr="49.96251" fg="0" fd="0" ff="0"/>
    <c n="31" t="0" a="0.5" p="0" s="7" tm="10" sh="0.5" i="0" en="0" fa="1" fr="49.96251" fg="0" fd="0" ff="0"/>
    <c n="32" t="0" a="0.5" p="0" s="7" tm="10" sh="0.5" i="0" en="0" fa="1" fr="49.96251" fg="0" fd="0" ff="0"/>
    <c n="33" t="0" a="0.5" p="0" s="7" tm="10" sh="0.5" i="0" en="1" fa="1" fr="49.96251" fg="0" fd="0" ff="0"/>
    <c n="34" t="0" a="0.5" p="0" s="7" tm="10" sh="0.5" i="0" en="1" fa="1" fr="49.96251" fg="0" fd="0" ff="0"/>
    <c n="35" t="0" a="0.5" p="0" s="7" tm="10" sh="0.5" i="0" en="1" fa="1" fr="49.96251" fg="0" fd="0" ff="0"/>
    <c n="36" t="0" a="0.5" p="0" s="7" tm="10" sh="0.5" i="0" en="1" fa="1" fr="49.96251" fg="0" fd="0" ff="0"/>
    <c n="37" t="0" a="0.5" p="0" s="7" tm="10" sh="0.5" i="0" en="1" fa="1" fr="49.96251" fg="0" fd="0" ff="0"/>
    <c n="38" t="0" a="0.5" p="0" s="7" tm="10" sh="0.5" i="0" en="1" fa="1" fr="49.96251" fg="0" fd="0" ff="0"/>
    <c n="39" t="0" a="0.5" p="0" s="7" tm="10" sh="0.5" i="0" en="1" fa="1" fr="49.96251" fg="0" fd="0" ff="0"/>
    <c n="40" t="0" a="0.5" p="0" s="7" tm="10" sh="0.5" i="0" en="1" fa="1" fr="49.96251" fg="0" fd="0" ff="0"/>
    <c n="41" t="0" a="0.5" p="0" s="7" tm="10" sh="0.5" i="0" en="1" fa="1" fr="49.96251" fg="0" fd="0" ff="0"/>
    <c n="42" t="0" a="0.5" p="0" s="7" tm="10" sh="0.5" i="0" en="1" fa="1" fr="49.96251" fg="0" fd="0" ff="0"/>
    <c n="43" t="0" a="0.5" p="0" s="7" tm="10" sh="0.5" i="0" en="1" fa="1" fr="49.96251" fg="0" fd="0" ff="0"/>
    <c n="44" t="0" a="0.5" p="0" s="7" tm="10" sh="0.5" i="0" en="1" fa="1" fr="49.96251" fg="0" fd="0" ff="0"/>
    <c n="45" t="0" a="0.5" p="0" s="7" tm="10" sh="0.5" i="0" en="1" fa="1" fr="49.96251" fg="0" fd="0" ff="0"/>
    <c n="46" t="0" a="0.5" p="0" s="7" tm="10" sh="0.5" i="0" en="1" fa="1" fr="49.96251" fg="0" fd="0" ff="0"/>
    <c n="47" t="0" a="0.5" p="0" s="7" tm="10" sh="0.5" i="0" en="1" fa="1" fr="49.96251" fg="0" fd="0" ff="0"/>
    <c n="48" t="0" a="0.5" p="0" s="7" tm="10" sh="0.5" i="0" en="1" fa="1" fr="49.96251" fg="0" fd="0" ff="0"/>
    <c n="49" t="0" a="0.5" p="0" s="7" tm="10" sh="0.5" i="0" en="1" fa="1" fr="49.96251" fg="0" fd="0" ff="0"/>
    <c n="50" t="0" a="0.5" p="0" s="7" tm="10" sh="0.5" i="0" en="1" fa="1" fr="49.96251" fg="0" fd="0" ff="0"/>
    <c n="51" t="0" a="0.5" p="0" s="7" tm="10" sh="0.5" i="0" en="1" fa="1" fr="49.96251" fg="0" fd="0" ff="0"/>
    <c n="52" t="0" a="0.5" p="0" s="7" tm="10" sh="0.5" i="0" en="1" fa="1" fr="49.96251" fg="0" fd="0" ff="0"/>
    <c n="53" t="0" a="0.5" p="0" s="7" tm="10" sh="0.5" i="0" en="1" fa="1" fr="49.96251" fg="0" fd="0" ff="0"/>
    <c n="54" t="0" a="0.5" p="0" s="7" tm="10" sh="0.5" i="0" en="1" fa="1" fr="49.96251" fg="0" fd="0" ff="0"/>
    <c n="55" t="0" a="0.5" p="0" s="7" tm="10" sh="0.5" i="0" en="1" fa="1" fr="49.96251" fg="0" fd="0" ff="0"/>
    <c n="56" t="0" a="0.5" p="0" s="7" tm="10" sh="0.5" i="0" en="1" fa="1" fr="49.96251" fg="0" fd="0" ff="0"/>
    <c n="57" t="0" a="0.5" p="0" s="7" tm="10" sh="0.5" i="0" en="1" fa="1" fr="49.96251" fg="0" fd="0" ff="0"/>
    <c n="58" t="0" a="0.5" p="0" s="7" tm="10" sh="0.5" i="0" en="1" fa="1" fr="49.96251" fg="0" fd="0" ff="0"/>
    <c n="59" t="0" a="0.5" p="0" s="7" tm="10" sh="0.5" i="0" en="1" fa="1" fr="49.96251" fg="0" fd="0" ff="0"/>
    <c n="60" t="0" a="0.5" p="0" s="7" tm="10" sh="0.5" i="0" en="0" fa="1" fr="49.96251" fg="0" fd="0" ff="0"/>
    <c n="61" t="0" a="0.5" p="0" s="7" tm="10" sh="0.5" i="0" en="0" fa="1" fr="49.96251" fg="0" fd="0" ff="0"/>
    <c n="62" t="0" a="0.5" p="0" s="7" tm="10" sh="0.5" i="0" en="0" fa="1" fr="49.96251" fg="0" fd="0" ff="0"/>
    <c n="63" t="0" a="0.5" p="0" s="7" tm="10" sh="0.5" i="0" en="0" fa="1" fr="49.96251" fg="0" fd="0" ff="0"/>
    <c n="64" t="0" a="0.5" p="0" s="7" tm="10" sh="0.5" i="0" en="0" fa="1" fr="49.96251" fg="0" fd="0" ff="0"/>
    <c n="65" t="0" a="0.5" p="0" s="7" tm="10" sh="0.5" i="0" en="0" fa="1" fr="49.96251" fg="0" fd="0" ff="0"/>
    <c n="66" t="0" a="0.5" p="0" s="7" tm="10" sh="0.5" i="0" en="0" fa="1" fr="49.96251" fg="0" fd="0" ff="0"/>
    <c n="67" t="0" a="0.5" p="0" s="7" tm="10" sh="0.5" i="0" en="0" fa="1" fr="49.96251" fg="0" fd="0" ff="0"/>
    <c n="68" t="0" a="0.5" p="0" s="7" tm="10" sh="0.5" i="0" en="0" fa="1" fr="49.96251" fg="0" fd="0" ff="0"/>
    <c n="69" t="0" a="0.5" p="0" s="7" tm="10" sh="0.5" i="0" en="0" fa="1" fr="49.96251" fg="0" fd="0" ff="0"/>
    <c n="70" t="0" a="0.5" p="0" s="7" tm="10" sh="0.5" i="0" en="0" fa="1" fr="49.96251" fg="0" fd="0" ff="0"/>
    <c n="71" t="0" a="0.5" p="0" s="7" tm="10" sh="0.5" i="0" en="0" fa="1" fr="49.96251" fg="0" fd="0" ff="0"/>
    <c n="72" t="0" a="0.5" p="0" s="7" tm="10" sh="0.5" i="0" en="0" fa="1" fr="49.96251" fg="0" fd="0" ff="0"/>
    <c n="73" t="0" a="0.5" p="0" s="7" tm="10" sh="0.5" i="0" en="0" fa="1" fr="49.96251" fg="0" fd="0" ff="0"/>
    <c n="74" t="0" a="0.5" p="0" s="7" tm="10" sh="0.5" i="0" en="0" fa="1" fr="49.96251" fg="0" fd="0" ff="0"/>
    <c n="75" t="0" a="0.5" p="0" s="7" tm="10" sh="0.5" i="0" en="0" fa="1" fr="49.96251" fg="0" fd="0" ff="0"/>
    <c n="76" t="0" a="0.5" p="0" s="7" tm="10" sh="0.5" i="0" en="0" fa="1" fr="49.96251" fg="0" fd="0" ff="0"/>
    <c n="77" t="0" a="0.5" p="0" s="7" tm="10" sh="0.5" i="0" en="0" fa="1" fr="49.96251" fg="0" fd="0" ff="0"/>
    <c n="78" t="0" a="0.5" p="0" s="7" tm="10" sh="0.5" i="0" en="0" fa="1" fr="49.96251" fg="0" fd="0" ff="0"/>
    <c n="79" t="0" a="0.5" p="0" s="7" tm="10" sh="0.5" i="0" en="0" fa="1" fr="49.96251" fg="0" fd="0" ff="0"/>
    <c n="80" t="0" a="0.5" p="0" s="7" tm="10" sh="0.5" i="0" en="0" fa="1" fr="49.96251" fg="0" fd="0" ff="0"/>
    <c n="81" t="0" a="0.5" p="0" s="7" tm="10" sh="0.5" i="0" en="0" fa="1" fr="49.96251" fg="0" fd="0" ff="0"/>
    <c n="82" t="0" a="0.5" p="0" s="7" tm="10" sh="0.5" i="0" en="0" fa="1" fr="49.96251" fg="0" fd="0" ff="0"/>
    <c n="83" t="0" a="0.5" p="0" s="7" tm="10" sh="0.5" i="0" en="0" fa="1" fr="49.96251" fg="0" fd="0" ff="0"/>
    <c n="84" t="0" a="0.5" p="0" s="7" tm="10" sh="0.5" i="0" en="0" fa="1" fr="49.96251" fg="0" fd="0" ff="0"/>
    <c n="85" t="0" a="0.5" p="0" s="7" tm="10" sh="0.5" i="0" en="0" fa="1" fr="49.96251" fg="0" fd="0" ff="0"/>
    <c n="86" t="0" a="0.5" p="0" s="7" tm="10" sh="0.5" i="0" en="0" fa="1" fr="49.96251" fg="0" fd="0" ff="0"/>
    <c n="87" t="0" a="0.5" p="0" s="7" tm="10" sh="0.5" i="0" en="0" fa="1" fr="49.96251" fg="0" fd="0" ff="0"/>
    <c n="88" t="0" a="0.5" p="0" s="7" tm="10" sh="0.5" i="0" en="0" fa="1" fr="49.96251" fg="0" fd="0" ff="0"/>
    <c n="89" t="0" a="0.5" p="0" s="7" tm="10" sh="0.5" i="0" en="0" fa="1" fr="49.96251" fg="0" fd="0" ff="0"/>
    <c n="90" t="0" a="0.5" p="0" s="7" tm="10" sh="0.5" i="0" en="0" fa="1" fr="49.96251" fg="0" fd="0" ff="0"/>
    <c n="91" t="0" a="0.5" p="0" s="7" tm="10" sh="0.5" i="0" en="0" fa="1" fr="49.96251" fg="0" fd="0" ff="0"/>
    <c n="92" t="0" a="0.5" p="0" s="7" tm="10" sh="0.5" i="0" en="0" fa="1" fr="49.96251" fg="0" fd="0" ff="0"/>
    <c n="93" t="0" a="0.5" p="0" s="7" tm="10" sh="0.5" i="0" en="0" fa="1" fr="49.96251" fg="0" fd="0" ff="0"/>
    <c n="94" t="0" a="0.5" p="0" s="7" tm="10" sh="0.5" i="0" en="0" fa="1" fr="49.96251" fg="0" fd="0" ff="0"/>
    <c n="95" t="0" a="0.5" p="0" s="7" tm="10" sh="0.5" i="0" en="0" fa="1" fr="49.96251" fg="0" fd="0" ff="0"/>
    <c n="96" t="0" a="0.5" p="0" s="7" tm="10" sh="0.5" i="0" en="0" fa="1" fr="49.96251" fg="0" fd="0" ff="0"/>
    <c n="97" t="0" a="0.5" p="0" s="7" tm="10" sh="0.5" i="0" en="0" fa="1" fr="49.96251" fg="0" fd="0" ff="0"/>
    <c n="98" t="0" a="0.5" p="0" s="7" tm="10" sh="0.5" i="0" en="0" fa="1" fr="49.96251" fg="0" fd="0" ff="0"/>
    <c n="99" t="0" a="0.5" p="0" s="7" tm="10" sh="0.5" i="0" en="0" fa="1" fr="49.96251" fg="0" fd="0" ff="0"/>
    <c n="100" t="0" a="0.5" p="0" s="7" tm="10" sh="0.5" i="0" en="0" fa="1" fr="49.96251" fg="0" fd="0" ff="0"/>
    <c n="101" t="0" a="0.5" p="0" s="7" tm="10" sh="0.5" i="0" en="0" fa="1" fr="49.96251" fg="0" fd="0" ff="0"/>
    <c n="102" t="0" a="0.5" p="0" s="7" tm="10" sh="0.5" i="0" en="0" fa="1" fr="49.96251" fg="0" fd="0" ff="0"/>
    <c n="103" t="0" a="0.5" p="0" s="7" tm="10" sh="0.5" i="0" en="0" fa="1" fr="49.96251" fg="0" fd="0" ff="0"/>
    <c n="104" t="0" a="0.5" p="0" s="7" tm="10" sh="0.5" i="0" en="0" fa="1" fr="49.9875" fg="0" fd="0" ff="0"/>
    <c n="105" t="0" a="0.5" p="0" s="7" tm="10" sh="0.5" i="0" en="0" fa="1" fr="49.9875" fg="0" fd="0" ff="0"/>
    <c n="106" t="0" a="0.5" p="0" s="7" tm="10" sh="0.5" i="0" en="0" fa="1" fr="49.96251" fg="0" fd="0" ff="0"/>
    <c n="107" t="0" a="0.5" p="0" s="7" tm="10" sh="0.5" i="0" en="0" fa="1" fr="49.96251" fg="0" fd="0" ff="0"/>
    <c n="108" t="0" a="0.5" p="0" s="7" tm="10" sh="0.5" i="0" en="0" fa="1" fr="49.96251" fg="0" fd="0" ff="0"/>
    <c n="109" t="0" a="0.5" p="0" s="7" tm="10" sh="0.5" i="0" en="0" fa="1" fr="49.96251" fg="0" fd="0" ff="0"/>
    <c n="110" t="0" a="0.5" p="0" s="7" tm="10" sh="0.5" i="0" en="0" fa="1" fr="49.96251" fg="0" fd="0" ff="0"/>
    <c n="111" t="0" a="0.5" p="0" s="7" tm="10" sh="0.5" i="0" en="0" fa="1" fr="49.96251" fg="0" fd="0" ff="0"/>
    <c n="112" t="0" a="0.5" p="0" s="7" tm="10" sh="0.5" i="0" en="0" fa="1" fr="49.9875" fg="0" fd="0" ff="0"/>
    <c n="113" t="0" a="0.5" p="0" s="7" tm="10" sh="0.5" i="0" en="0" fa="1" fr="49.9875" fg="0" fd="0" ff="0"/>
    <c n="114" t="0" a="0.5" p="0" s="7" tm="10" sh="0.5" i="0" en="0" fa="1" fr="49.9875" fg="0" fd="0" ff="0"/>
    <c n="115" t="0" a="0.5" p="0" s="7" tm="10" sh="0.5" i="0" en="0" fa="1" fr="49.9875" fg="0" fd="0" ff="0"/>
    <c n="116" t="0" a="0.5" p="0" s="7" tm="10" sh="0.5" i="0" en="0" fa="1" fr="49.9875" fg="0" fd="0" ff="0"/>
    <c n="117" t="0" a="0.5" p="0" s="7" tm="10" sh="0.5" i="0" en="0" fa="1" fr="49.9875" fg="0" fd="0" ff="0"/>
    <c n="118" t="0" a="0.5" p="0" s="7" tm="10" sh="0.5" i="0" en="0" fa="1" fr="49.9875" fg="0" fd="0" ff="0"/>
    <c n="119" t="0" a="0.5" p="0" s="7" tm="10" sh="0.5" i="0" en="0" fa="1" fr="49.9875" fg="0" fd="0" ff="0"/>
    <c n="120" t="0" a="0.5" p="0" s="7" tm="10" sh="0.5" i="0" en="0" fa="1" fr="49.9875" fg="0" fd="0" ff="0"/>
    <c n="121" t="0" a="0.5" p="0" s="7" tm="10" sh="0.5" i="0" en="0" fa="1" fr="49.9875" fg="0" fd="0" ff="0"/>
    <c n="122" t="0" a="0.5" p="0" s="7" tm="10" sh="0.5" i="0" en="0" fa="1" fr="49.96251" fg="0" fd="0" ff="0"/>
    <c n="123" t="0" a="0.5" p="0" s="7" tm="10" sh="0.5" i="0" en="0" fa="1" fr="49.96251" fg="0" fd="0" ff="0"/>
    <c n="124" t="0" a="0.5" p="0" s="7" tm="10" sh="0.5" i="0" en="0" fa="1" fr="49.96251" fg="0" fd="0" ff="0"/>
    <c n="125" t="0" a="0.5" p="0" s="7" tm="10" sh="0.5" i="0" en="0" fa="1" fr="49.96251" fg="0" fd="0" ff="0"/>
    <c n="126" t="0" a="0.5" p="0" s="7" tm="10" sh="0.5" i="0" en="0" fa="1" fr="49.96251" fg="0" fd="0" ff="0"/>
    <c n="127" t="0" a="0.5" p="0" s="7" tm="10" sh="0.5" i="0" en="0" fa="1" fr="49.96251" fg="0" fd="0" ff="0"/>
    <c n="128" t="0" a="0.5" p="0" s="7" tm="10" sh="0.5" i="0" en="0" fa="1" fr="49.9875" fg="0" fd="0" ff="0"/>
    <c n="129" t="0" a="0.5" p="0" s="7" tm="10" sh="0.5" i="0" en="0" fa="1" fr="49.9875" fg="0" fd="0" ff="0"/>
    <c n="130" t="0" a="0.5" p="0" s="7" tm="10" sh="0.5" i="0" en="0" fa="1" fr="49.9875" fg="0" fd="0" ff="0"/>
    <c n="131" t="0" a="0.5" p="0" s="7" tm="10" sh="0.5" i="0" en="0" fa="1" fr="49.9875" fg="0" fd="0" ff="0"/>
    <c n="132" t="0" a="0.5" p="0" s="7" tm="10" sh="0.5" i="0" en="0" fa="1" fr="49.9875" fg="0" fd="0" ff="0"/>
    <c n="133" t="0" a="0.5" p="0" s="7" tm="10" sh="0.5" i="0" en="0" fa="1" fr="49.9875" fg="0" fd="0" ff="0"/>
    <c n="134" t="0" a="0.5" p="0" s="7" tm="10" sh="0.5" i="0" en="0" fa="1" fr="49.96251" fg="0" fd="0" ff="0"/>
    <c n="135" t="0" a="0.5" p="0" s="7" tm="10" sh="0.5" i="0" en="0" fa="1" fr="49.96251" fg="0" fd="0" ff="0"/>
    <c n="136" t="0" a="0.5" p="0" s="7" tm="10" sh="0.5" i="0" en="0" fa="1" fr="49.96251" fg="0" fd="0" ff="0"/>
    <c n="137" t="0" a="0.5" p="0" s="7" tm="10" sh="0.5" i="0" en="0" fa="1" fr="49.96251" fg="0" fd="0" ff="0"/>
    <c n="138" t="0" a="0.5" p="0" s="7" tm="10" sh="0.5" i="0" en="0" fa="1" fr="49.96251" fg="0" fd="0" ff="0"/>
    <c n="139" t="0" a="0.5" p="0" s="7" tm="10" sh="0.5" i="0" en="0" fa="1" fr="49.96251" fg="0" fd="0" ff="0"/>
    <c n="140" t="0" a="0.5" p="0" s="7" tm="10" sh="0.5" i="0" en="0" fa="1" fr="49.96251" fg="0" fd="0" ff="0"/>
    <c n="141" t="0" a="0.5" p="0" s="7" tm="10" sh="0.5" i="0" en="0" fa="1" fr="49.96251" fg="0" fd="0" ff="0"/>
    <c n="142" t="0" a="0.5" p="0" s="7" tm="10" sh="0.5" i="0" en="0" fa="1" fr="49.96251" fg="0" fd="0" ff="0"/>
    <c n="143" t="0" a="0.5" p="0" s="7" tm="10" sh="0.5" i="0" en="0" fa="1" fr="49.96251" fg="0" fd="0" ff="0"/>
    <c n="144" t="0" a="0.5" p="0" s="7" tm="10" sh="0.5" i="0" en="0" fa="1" fr="49.96251" fg="0" fd="0" ff="0"/>
    <c n="145" t="0" a="0.5" p="0" s="7" tm="10" sh="0.5" i="0" en="0" fa="1" fr="49.96251" fg="0" fd="0" ff="0"/>
    <c n="146" t="0" a="0.5" p="0" s="7" tm="10" sh="0.5" i="0" en="0" fa="1" fr="49.96251" fg="0" fd="0" ff="0"/>
    <c n="147" t="0" a="0.5" p="0" s="7" tm="10" sh="0.5" i="0" en="0" fa="1" fr="49.96251" fg="0" fd="0" ff="0"/>
    <c n="148" t="0" a="0.5" p="0" s="7" tm="10" sh="0.5" i="0" en="0" fa="1" fr="49.96251" fg="0" fd="0" ff="0"/>
    <c n="149" t="0" a="0.5" p="0" s="7" tm="10" sh="0.5" i="0" en="0" fa="1" fr="49.96251" fg="0" fd="0" ff="0"/>
    <c n="150" t="0" a="0.5" p="0" s="7" tm="10" sh="0.5" i="0" en="0" fa="1" fr="49.96251" fg="0" fd="0" ff="0"/>
    <c n="151" t="0" a="0.5" p="0" s="7" tm="10" sh="0.5" i="0" en="0" fa="1" fr="49.96251" fg="0" fd="0" ff="0"/>
    <c n="152" t="0" a="0.5" p="0" s="7" tm="10" sh="0.5" i="0" en="0" fa="1" fr="49.96251" fg="0" fd="0" ff="0"/>
    <c n="153" t="0" a="0.5" p="0" s="7" tm="10" sh="0.5" i="0" en="0" fa="1" fr="49.96251" fg="0" fd="0" ff="0"/>
    <c n="154" t="0" a="0.5" p="0" s="7" tm="10" sh="0.5" i="0" en="0" fa="1" fr="49.96251" fg="0" fd="0" ff="0"/>
    <c n="155" t="0" a="0.5" p="0" s="7" tm="10" sh="0.5" i="0" en="0" fa="1" fr="49.96251" fg="0" fd="0" ff="0"/>
    <c n="156" t="0" a="0.5" p="0" s="7" tm="10" sh="0.5" i="0" en="0" fa="1" fr="49.96251" fg="0" fd="0" ff="0"/>
    <c n="157" t="0" a="0.5" p="0" s="7" tm="10" sh="0.5" i="0" en="0" fa="1" fr="49.96251" fg="0" fd="0" ff="0"/>
    <c n="158" t="0" a="0.5" p="0" s="7" tm="10" sh="0.5" i="0" en="0" fa="1" fr="49.96251" fg="0" fd="0" ff="0"/>
    <c n="159" t="0" a="0.5" p="0" s="7" tm="10" sh="0.5" i="0" en="0" fa="1" fr="49.96251" fg="0" fd="0" ff="0"/>
    <c n="160" t="0" a="0.5" p="0" s="7" tm="10" sh="0.5" i="0" en="0" fa="1" fr="49.96251" fg="0" fd="0" ff="0"/>
    <c n="161" t="0" a="0.5" p="0" s="7" tm="10" sh="0.5" i="0" en="0" fa="1" fr="49.96251" fg="0" fd="0" ff="0"/>
    <c n="162" t="0" a="0.5" p="0" s="7" tm="10" sh="0.5" i="0" en="0" fa="1" fr="49.96251" fg="0" fd="0" ff="0"/>
    <c n="163" t="0" a="0.5" p="0" s="7" tm="10" sh="0.5" i="0" en="0" fa="1" fr="49.96251" fg="0" fd="0" ff="0"/>
    <c n="164" t="0" a="0.5" p="0" s="7" tm="10" sh="0.5" i="0" en="0" fa="1" fr="49.96251" fg="0" fd="0" ff="0"/>
    <c n="165" t="0" a="0.5" p="0" s="7" tm="10" sh="0.5" i="0" en="0" fa="1" fr="49.96251" fg="0" fd="0" ff="0"/>
    <c n="166" t="0" a="0.5" p="0" s="7" tm="10" sh="0.5" i="0" en="0" fa="1" fr="49.96251" fg="0" fd="0" ff="0"/>
    <c n="167" t="0" a="0.5" p="0" s="7" tm="10" sh="0.5" i="0" en="0" fa="1" fr="49.96251" fg="0" fd="0" ff="0"/>
    <c n="168" t="0" a="0.5" p="0" s="7" tm="10" sh="0.5" i="0" en="0" fa="1" fr="49.96251" fg="0" fd="0" ff="0"/>
    <c n="169" t="0" a="0.5" p="0" s="7" tm="10" sh="0.5" i="0" en="0" fa="1" fr="49.96251" fg="0" fd="0" ff="0"/>
    <c n="170" t="0" a="0.5" p="0" s="7" tm="10" sh="0.5" i="0" en="0" fa="1" fr="49.96251" fg="0" fd="0" ff="0"/>
    <c n="171" t="0" a="0.5" p="0" s="7" tm="10" sh="0.5" i="0" en="0" fa="1" fr="49.96251" fg="0" fd="0" ff="0"/>
    <c n="172" t="0" a="0.5" p="0" s="7" tm="10" sh="0.5" i="0" en="0" fa="1" fr="49.96251" fg="0" fd="0" ff="0"/>
    <c n="173" t="0" a="0.5" p="0" s="7" tm="10" sh="0.5" i="0" en="0" fa="1" fr="49.96251" fg="0" fd="0" ff="0"/>
    <c n="174" t="0" a="0.5" p="0" s="7" tm="10" sh="0.5" i="0" en="0" fa="1" fr="49.96251" fg="0" fd="0" ff="0"/>
    <c n="175" t="0" a="0.5" p="0" s="7" tm="10" sh="0.5" i="0" en="0" fa="1" fr="49.96251" fg="0" fd="0" ff="0"/>
    <c n="176" t="0" a="0.5" p="0" s="7" tm="10" sh="0.5" i="0" en="0" fa="1" fr="49.96251" fg="0" fd="0" ff="0"/>
    <c n="177" t="0" a="0.5" p="0" s="7" tm="10" sh="0.5" i="0" en="0" fa="1" fr="49.96251" fg="0" fd="0" ff="0"/>
    <c n="178" t="0" a="0.5" p="0" s="7" tm="10" sh="0.5" i="0" en="0" fa="1" fr="49.96251" fg="0" fd="0" ff="0"/>
    <c n="179" t="0" a="0.5" p="0" s="7" tm="10" sh="0.5" i="0" en="0" fa="1" fr="49.96251" fg="0" fd="0" ff="0"/>
    <c n="180" t="0" a="0.5" p="0" s="7" tm="10" sh="0.5" i="0" en="0" fa="1" fr="49.96251" fg="0" fd="0" ff="0"/>
    <c n="181" t="0" a="0.5" p="0" s="7" tm="10" sh="0.5" i="0" en="0" fa="1" fr="49.96251" fg="0" fd="0" ff="0"/>
    <c n="182" t="0" a="0.5" p="0" s="7" tm="10" sh="0.5" i="0" en="0" fa="1" fr="49.96251" fg="0" fd="0" ff="0"/>
    <c n="183" t="0" a="0.5" p="0" s="7" tm="10" sh="0.5" i="0" en="0" fa="1" fr="49.96251" fg="0" fd="0" ff="0"/>
    <c n="184" t="0" a="0.5" p="0" s="7" tm="10" sh="0.5" i="0" en="0" fa="1" fr="49.96251" fg="0" fd="0" ff="0"/>
    <c n="185" t="0" a="0.5" p="0" s="7" tm="10" sh="0.5" i="0" en="0" fa="1" fr="49.96251" fg="0" fd="0" ff="0"/>
    <c n="186" t="0" a="0.5" p="0" s="7" tm="10" sh="0.5" i="0" en="0" fa="1" fr="49.96251" fg="0" fd="0" ff="0"/>
    <c n="187" t="0" a="0.5" p="0" s="7" tm="10" sh="0.5" i="0" en="0" fa="1" fr="49.96251" fg="0" fd="0" ff="0"/>
    <c n="188" t="0" a="0.5" p="0" s="7" tm="10" sh="0.5" i="0" en="0" fa="1" fr="49.96251" fg="0" fd="0" ff="0"/>
    <c n="189" t="0" a="0.5" p="0" s="7" tm="10" sh="0.5" i="0" en="0" fa="1" fr="49.96251" fg="0" fd="0" ff="0"/>
    <c n="190" t="0" a="0.5" p="0" s="7" tm="10" sh="0.5" i="0" en="0" fa="1" fr="49.96251" fg="0" fd="0" ff="0"/>
    <c n="191" t="0" a="0.5" p="0" s="7" tm="10" sh="0.5" i="0" en="0" fa="1" fr="49.96251" fg="0" fd="0" ff="0"/>
    <c n="192" t="0" a="0.5" p="0" s="7" tm="10" sh="0.5" i="0" en="0" fa="1" fr="49.96251" fg="0" fd="0" ff="0"/>
    <c n="193" t="0" a="0.5" p="0" s="7" tm="10" sh="0.5" i="0" en="0" fa="1" fr="49.96251" fg="0" fd="0" ff="0"/>
    <c n="194" t="0" a="0.5" p="0" s="7" tm="10" sh="0.5" i="0" en="0" fa="1" fr="49.96251" fg="0" fd="0" ff="0"/>
    <c n="195" t="0" a="0.5" p="0" s="7" tm="10" sh="0.5" i="0" en="0" fa="1" fr="49.96251" fg="0" fd="0" ff="0"/>
    <c n="196" t="0" a="0.5" p="0" s="7" tm="10" sh="0.5" i="0" en="0" fa="1" fr="49.96251" fg="0" fd="0" ff="0"/>
    <c n="197" t="0" a="0.5" p="0" s="7" tm="10" sh="0.5" i="0" en="0" fa="1" fr="49.96251" fg="0" fd="0" ff="0"/>
    <c n="198" t="0" a="0.5" p="0" s="7" tm="10" sh="0.5" i="0" en="0" fa="1" fr="49.96251" fg="0" fd="0" ff="0"/>
    <c n="199" t="0" a="0.5" p="0" s="7" tm="10" sh="0.5" i="0" en="0" fa="1" fr="49.96251" fg="0" fd="0" ff="0"/>
    <c n="200" t="0" a="0.5" p="0" s="7" tm="10" sh="0.5" i="0" en="0" fa="1" fr="49.96251" fg="0" fd="0" ff="0"/>
    <c n="201" t="0" a="0.5" p="0" s="7" tm="10" sh="0.5" i="0" en="0" fa="1" fr="49.96251" fg="0" fd="0" ff="0"/>
    <c n="202" t="0" a="0.5" p="0" s="7" tm="10" sh="0.5" i="0" en="0" fa="1" fr="49.96251" fg="0" fd="0" ff="0"/>
    <c n="203" t="0" a="0.5" p="0" s="7" tm="10" sh="0.5" i="0" en="0" fa="1" fr="49.96251" fg="0" fd="0" ff="0"/>
    <c n="204" t="0" a="0.5" p="0" s="7" tm="10" sh="0.5" i="0" en="0" fa="1" fr="49.96251" fg="0" fd="0" ff="0"/>
    <c n="205" t="0" a="0.5" p="0" s="7" tm="10" sh="0.5" i="0" en="0" fa="1" fr="49.96251" fg="0" fd="0" ff="0"/>
    <c n="206" t="0" a="0.5" p="0" s="7" tm="10" sh="0.5" i="0" en="0" fa="1" fr="49.96251" fg="0" fd="0" ff="0"/>
    <c n="207" t="0" a="0.5" p="0" s="7" tm="10" sh="0.5" i="0" en="0" fa="1" fr="49.96251" fg="0" fd="0" ff="0"/>
    <c n="208" t="0" a="0.5" p="0" s="7" tm="10" sh="0.5" i="0" en="0" fa="1" fr="49.96251" fg="0" fd="0" ff="0"/>
    <c n="209" t="0" a="0.5" p="0" s="7" tm="10" sh="0.5" i="0" en="0" fa="1" fr="49.96251" fg="0" fd="0" ff="0"/>
    <c n="210" t="0" a="0.5" p="0" s="7" tm="10" sh="0.5" i="0" en="0" fa="1" fr="49.96251" fg="0" fd="0" ff="0"/>
    <c n="211" t="0" a="0.5" p="0" s="7" tm="10" sh="0.5" i="0" en="0" fa="1" fr="49.96251" fg="0" fd="0" ff="0"/>
    <c n="212" t="0" a="0.5" p="0" s="7" tm="10" sh="0.5" i="0" en="0" fa="1" fr="49.96251" fg="0" fd="0" ff="0"/>
    <c n="213" t="0" a="0.5" p="0" s="7" tm="10" sh="0.5" i="0" en="0" fa="1" fr="49.96251" fg="0" fd="0" ff="0"/>
    <c n="214" t="0" a="0.5" p="0" s="7" tm="10" sh="0.5" i="0" en="0" fa="1" fr="49.96251" fg="0" fd="0" ff="0"/>
    <c n="215" t="0" a="0.5" p="0" s="7" tm="10" sh="0.5" i="0" en="0" fa="1" fr="49.96251" fg="0" fd="0" ff="0"/>
    <c n="216" t="0" a="0.5" p="0" s="7" tm="10" sh="0.5" i="0" en="0" fa="1" fr="49.96251" fg="0" fd="0" ff="0"/>
    <c n="217" t="0" a="0.5" p="0" s="7" tm="10" sh="0.5" i="0" en="0" fa="1" fr="49.96251" fg="0" fd="0" ff="0"/>
    <c n="218" t="0" a="0.5" p="0" s="7" tm="10" sh="0.5" i="0" en="0" fa="1" fr="49.96251" fg="0" fd="0" ff="0"/>
    <c n="219" t="0" a="0.5" p="0" s="7" tm="10" sh="0.5" i="0" en="0" fa="1" fr="49.96251" fg="0" fd="0" ff="0"/>
    <c n="220" t="0" a="0.5" p="0" s="7" tm="10" sh="0.5" i="0" en="0" fa="1" fr="49.96251" fg="0" fd="0" ff="0"/>
    <c n="221" t="0" a="0.5" p="0" s="7" tm="10" sh="0.5" i="0" en="0" fa="1" fr="49.96251" fg="0" fd="0" ff="0"/>
    <c n="222" t="0" a="0.5" p="0" s="7" tm="10" sh="0.5" i="0" en="0" fa="1" fr="49.96251" fg="0" fd="0" ff="0"/>
    <c n="223" t="0" a="0.5" p="0" s="7" tm="10" sh="0.5" i="0" en="0" fa="1" fr="49.96251" fg="0" fd="0" ff="0"/>
    <c n="224" t="0" a="0.5" p="0" s="7" tm="10" sh="0.5" i="0" en="0" fa="1" fr="49.96251" fg="0" fd="0" ff="0"/>
    <c n="225" t="0" a="0.5" p="0" s="7" tm="10" sh="0.5" i="0" en="0" fa="1" fr="49.96251" fg="0" fd="0" ff="0"/>
    <c n="226" t="0" a="0.5" p="0" s="7" tm="10" sh="0.5" i="0" en="0" fa="1" fr="49.96251" fg="0" fd="0" ff="0"/>
    <c n="227" t="0" a="0.5" p="0" s="7" tm="10" sh="0.5" i="0" en="0" fa="1" fr="49.96251" fg="0" fd="0" ff="0"/>
    <c n="228" t="0" a="0.5" p="0" s="7" tm="10" sh="0.5" i="0" en="0" fa="1" fr="49.96251" fg="0" fd="0" ff="0"/>
    <c n="229" t="0" a="0.5" p="0" s="7" tm="10" sh="0.5" i="0" en="0" fa="1" fr="49.96251" fg="0" fd="0" ff="0"/>
    <c n="230" t="0" a="0.5" p="0" s="7" tm="10" sh="0.5" i="0" en="0" fa="1" fr="49.96251" fg="0" fd="0" ff="0"/>
    <c n="231" t="0" a="0.5" p="0" s="7" tm="10" sh="0.5" i="0" en="0" fa="1" fr="49.96251" fg="0" fd="0" ff="0"/>
    <c n="232" t="0" a="0.5" p="0" s="7" tm="10" sh="0.5" i="0" en="0" fa="1" fr="49.96251" fg="0" fd="0" ff="0"/>
    <c n="233" t="0" a="0.5" p="0" s="7" tm="10" sh="0.5" i="0" en="0" fa="1" fr="49.96251" fg="0" fd="0" ff="0"/>
    <c n="234" t="0" a="0.5" p="0" s="7" tm="10" sh="0.5" i="0" en="0" fa="1" fr="49.96251" fg="0" fd="0" ff="0"/>
    <c n="235" t="0" a="0.5" p="0" s="7" tm="10" sh="0.5" i="0" en="0" fa="1" fr="49.96251" fg="0" fd="0" ff="0"/>
    <c n="236" t="0" a="0.5" p="0" s="7" tm="10" sh="0.5" i="0" en="0" fa="1" fr="49.96251" fg="0" fd="0" ff="0"/>
    <c n="237" t="0" a="0.5" p="0" s="7" tm="10" sh="0.5" i="0" en="0" fa="1" fr="49.96251" fg="0" fd="0" ff="0"/>
    <c n="238" t="0" a="0.5" p="0" s="7" tm="10" sh="0.5" i="0" en="0" fa="1" fr="49.96251" fg="0" fd="0" ff="0"/>
    <c n="239" t="0" a="0.5" p="0" s="7" tm="10" sh="0.5" i="0" en="0" fa="1" fr="49.96251" fg="0" fd="0" ff="0"/>
    <c n="240" t="0" a="0.5" p="0" s="7" tm="10" sh="0.5" i="0" en="0" fa="1" fr="49.96251" fg="0" fd="0" ff="0"/>
    <c n="241" t="0" a="0.5" p="0" s="7" tm="10" sh="0.5" i="0" en="0" fa="1" fr="49.96251" fg="0" fd="0" ff="0"/>
    <c n="242" t="0" a="0.5" p="0" s="7" tm="10" sh="0.5" i="0" en="0" fa="1" fr="49.96251" fg="0" fd="0" ff="0"/>
    <c n="243" t="0" a="0.5" p="0" s="7" tm="10" sh="0.5" i="0" en="0" fa="1" fr="49.96251" fg="0" fd="0" ff="0"/>
    <c n="244" t="0" a="0.5" p="0" s="7" tm="10" sh="0.5" i="0" en="0" fa="1" fr="49.96251" fg="0" fd="0" ff="0"/>
    <c n="245" t="0" a="0.5" p="0" s="7" tm="10" sh="0.5" i="0" en="0" fa="1" fr="49.96251" fg="0" fd="0" ff="0"/>
    <c n="246" t="0" a="0.5" p="0" s="7" tm="10" sh="0.5" i="0" en="0" fa="1" fr="49.96251" fg="0" fd="0" ff="0"/>
    <c n="247" t="0" a="0.5" p="0" s="7" tm="10" sh="0.5" i="0" en="0" fa="1" fr="49.96251" fg="0" fd="0" ff="0"/>
    <c n="248" t="0" a="0.5" p="0" s="7" tm="10" sh="0.5" i="0" en="0" fa="1" fr="49.96251" fg="0" fd="0" ff="0"/>
    <c n="249" t="0" a="0.5" p="0" s="7" tm="10" sh="0.5" i="0" en="0" fa="1" fr="49.96251" fg="0" fd="0" ff="0"/>
    <c n="250" t="0" a="0.5" p="0" s="7" tm="10" sh="0.5" i="0" en="0" fa="1" fr="49.96251" fg="0" fd="0" ff="0"/>
    <c n="251" t="0" a="0.5" p="0" s="7" tm="10" sh="0.5" i="0" en="0" fa="1" fr="49.96251" fg="0" fd="0" ff="0"/>
    <c n="252" t="0" a="0.5" p="0" s="7" tm="10" sh="0.5" i="0" en="0" fa="1" fr="49.96251" fg="0" fd="0" ff="0"/>
    <c n="253" t="0" a="0.5" p="0" s="7" tm="10" sh="0.5" i="0" en="0" fa="1" fr="49.96251" fg="0" fd="0" ff="0"/>
    <c n="254" t="0" a="0.5" p="0" s="7" tm="10" sh="0.5" i="0" en="0" fa="1" fr="49.96251" fg="0" fd="0" ff="0"/>
    <c n="255" t="0" a="0.5" p="0" s="7" tm="10" sh="0.5" i="0" en="0" fa="1" fr="49.96251" fg="0" fd="0" ff="0"/>
    <c n="256" t="0" a="0.5" p="0" s="7" tm="10" sh="0.5" i="0" en="0" fa="1" fr="49.96251" fg="0" fd="0" ff="0"/>
    <c n="257" t="0" a="0.5" p="0" s="7" tm="10" sh="0.5" i="0" en="0" fa="1" fr="49.96251" fg="0" fd="0" ff="0"/>
    <c n="258" t="0" a="0.5" p="0" s="7" tm="10" sh="0.5" i="0" en="0" fa="1" fr="49.96251" fg="0" fd="0" ff="0"/>
    <c n="259" t="0" a="0.5" p="0" s="7" tm="10" sh="0.5" i="0" en="0" fa="1" fr="49.96251" fg="0" fd="0" ff="0"/>
    <c n="260" t="0" a="0.5" p="0" s="7" tm="10" sh="0.5" i="0" en="0" fa="1" fr="49.96251" fg="0" fd="0" ff="0"/>
    <c n="261" t="0" a="0.5" p="0" s="7" tm="10" sh="0.5" i="0" en="0" fa="1" fr="49.96251" fg="0" fd="0" ff="0"/>
    <c n="262" t="0" a="0.5" p="0" s="7" tm="10" sh="0.5" i="0" en="0" fa="1" fr="49.96251" fg="0" fd="0" ff="0"/>
    <c n="263" t="0" a="0.5" p="0" s="7" tm="10" sh="0.5" i="0" en="0" fa="1" fr="49.96251" fg="0" fd="0" ff="0"/>
    <c n="264" t="0" a="0.5" p="0" s="7" tm="10" sh="0.5" i="0" en="0" fa="1" fr="49.96251" fg="0" fd="0" ff="0"/>
    <c n="265" t="0" a="0.5" p="0" s="7" tm="10" sh="0.5" i="0" en="0" fa="1" fr="49.96251" fg="0" fd="0" ff="0"/>
    <c n="266" t="0" a="0.5" p="0" s="7" tm="10" sh="0.5" i="0" en="0" fa="1" fr="49.96251" fg="0" fd="0" ff="0"/>
    <c n="267" t="0" a="0.5" p="0" s="7" tm="10" sh="0.5" i="0" en="0" fa="1" fr="49.96251" fg="0" fd="0" ff="0"/>
    <c n="268" t="0" a="0.5" p="0" s="7" tm="10" sh="0.5" i="0" en="0" fa="1" fr="49.96251" fg="0" fd="0" ff="0"/>
    <c n="269" t="0" a="0.5" p="0" s="7" tm="10" sh="0.5" i="0" en="0" fa="1" fr="49.96251" fg="0" fd="0" ff="0"/>
    <c n="270" t="0" a="0.5" p="0" s="7" tm="10" sh="0.5" i="0" en="0" fa="1" fr="49.96251" fg="0" fd="0" ff="0"/>
    <c n="271" t="0" a="0.5" p="0" s="7" tm="10" sh="0.5" i="0" en="0" fa="1" fr="49.96251" fg="0" fd="0" ff="0"/>
    <c n="272" t="0" a="0.5" p="0" s="7" tm="10" sh="0.5" i="0" en="0" fa="1" fr="49.96251" fg="0" fd="0" ff="0"/>
    <c n="273" t="0" a="0.5" p="0" s="7" tm="10" sh="0.5" i="0" en="0" fa="1" fr="49.96251" fg="0" fd="0" ff="0"/>
    <c n="274" t="0" a="0.5" p="0" s="7" tm="10" sh="0.5" i="0" en="0" fa="1" fr="49.96251" fg="0" fd="0" ff="0"/>
    <c n="275" t="0" a="0.5" p="0" s="7" tm="10" sh="0.5" i="0" en="0" fa="1" fr="49.96251" fg="0" fd="0" ff="0"/>
    <c n="276" t="0" a="0.5" p="0" s="7" tm="10" sh="0.5" i="0" en="0" fa="1" fr="49.96251" fg="0" fd="0" ff="0"/>
    <c n="277" t="0" a="0.5" p="0" s="7" tm="10" sh="0.5" i="0" en="0" fa="1" fr="49.96251" fg="0" fd="0" ff="0"/>
    <c n="278" t="0" a="0.5" p="0" s="7" tm="10" sh="0.5" i="0" en="0" fa="1" fr="49.96251" fg="0" fd="0" ff="0"/>
    <c n="279" t="0" a="0.5" p="0" s="7" tm="10" sh="0.5" i="0" en="0" fa="1" fr="49.96251" fg="0" fd="0" ff="0"/>
    <c n="280" t="0" a="0.5" p="0" s="7" tm="10" sh="0.5" i="0" en="0" fa="1" fr="49.96251" fg="0" fd="0" ff="0"/>
    <c n="281" t="0" a="0.5" p="0" s="7" tm="10" sh="0.5" i="0" en="0" fa="1" fr="49.96251" fg="0" fd="0" ff="0"/>
    <c n="282" t="0" a="0.5" p="0" s="7" tm="10" sh="0.5" i="0" en="0" fa="1" fr="49.96251" fg="0" fd="0" ff="0"/>
    <c n="283" t="0" a="0.5" p="0" s="7" tm="10" sh="0.5" i="0" en="0" fa="1" fr="49.96251" fg="0" fd="0" ff="0"/>
    <c n="284" t="0" a="0.5" p="0" s="7" tm="10" sh="0.5" i="0" en="0" fa="1" fr="49.96251" fg="0" fd="0" ff="0"/>
    <c n="285" t="0" a="0.5" p="0" s="7" tm="10" sh="0.5" i="0" en="0" fa="1" fr="49.96251" fg="0" fd="0" ff="0"/>
    <c n="286" t="0" a="0.5" p="0" s="7" tm="10" sh="0.5" i="0" en="0" fa="1" fr="49.96251" fg="0" fd="0" ff="0"/>
    <c n="287" t="0" a="0.5" p="0" s="7" tm="10" sh="0.5" i="0" en="0" fa="1" fr="49.96251" fg="0" fd="0" ff="0"/>
    <c n="288" t="0" a="0.5" p="0" s="7" tm="10" sh="0.5" i="0" en="0" fa="1" fr="49.96251" fg="0" fd="0" ff="0"/>
    <c n="289" t="0" a="0.5" p="0" s="7" tm="10" sh="0.5" i="0" en="0" fa="1" fr="49.96251" fg="0" fd="0" ff="0"/>
    <c n="290" t="0" a="0.5" p="0" s="7" tm="10" sh="0.5" i="0" en="0" fa="1" fr="49.96251" fg="0" fd="0" ff="0"/>
    <c n="291" t="0" a="0.5" p="0" s="7" tm="10" sh="0.5" i="0" en="0" fa="1" fr="49.96251" fg="0" fd="0" ff="0"/>
    <c n="292" t="0" a="0.5" p="0" s="7" tm="10" sh="0.5" i="0" en="0" fa="1" fr="49.96251" fg="0" fd="0" ff="0"/>
    <c n="293" t="0" a="0.5" p="0" s="7" tm="10" sh="0.5" i="0" en="0" fa="1" fr="49.96251" fg="0" fd="0" ff="0"/>
    <c n="294" t="0" a="0.5" p="0" s="7" tm="10" sh="0.5" i="0" en="0" fa="1" fr="49.96251" fg="0" fd="0" ff="0"/>
    <c n="295" t="0" a="0.5" p="0" s="7" tm="10" sh="0.5" i="0" en="0" fa="1" fr="49.96251" fg="0" fd="0" ff="0"/>
    <c n="296" t="0" a="0.5" p="0" s="7" tm="10" sh="0.5" i="0" en="0" fa="1" fr="49.96251" fg="0" fd="0" ff="0"/>
    <c n="297" t="0" a="0.5" p="0" s="7" tm="10" sh="0.5" i="0" en="0" fa="1" fr="49.96251" fg="0" fd="0" ff="0"/>
    <c n="298" t="0" a="0.5" p="0" s="7" tm="10" sh="0.5" i="0" en="0" fa="1" fr="49.96251" fg="0" fd="0" ff="0"/>
    <c n="299" t="0" a="0.5" p="0" s="7" tm="10" sh="0.5" i="0" en="0" fa="1" fr="49.96251" fg="0" fd="0" ff="0"/>
    <c n="300" t="0" a="0.5" p="0" s="7" tm="10" sh="0.5" i="0" en="0" fa="1" fr="49.96251" fg="0" fd="0" ff="0"/>
    <c n="301" t="0" a="0.5" p="0" s="7" tm="10" sh="0.5" i="0" en="0" fa="1" fr="49.96251" fg="0" fd="0" ff="0"/>
    <c n="302" t="0" a="0.5" p="0" s="7" tm="10" sh="0.5" i="0" en="0" fa="1" fr="49.96251" fg="0" fd="0" ff="0"/>
    <c n="303" t="0" a="0.5" p="0" s="7" tm="10" sh="0.5" i="0" en="0" fa="1" fr="49.96251" fg="0" fd="0" ff="0"/>
    <c n="304" t="0" a="0.5" p="0" s="7" tm="10" sh="0.5" i="0" en="0" fa="1" fr="49.96251" fg="0" fd="0" ff="0"/>
    <c n="305" t="0" a="0.5" p="0" s="7" tm="10" sh="0.5" i="0" en="0" fa="1" fr="49.96251" fg="0" fd="0" ff="0"/>
    <c n="306" t="0" a="0.5" p="0" s="7" tm="10" sh="0.5" i="0" en="0" fa="1" fr="49.96251" fg="0" fd="0" ff="0"/>
    <c n="307" t="0" a="0.5" p="0" s="7" tm="10" sh="0.5" i="0" en="0" fa="1" fr="49.96251" fg="0" fd="0" ff="0"/>
    <c n="308" t="0" a="0.5" p="0" s="7" tm="10" sh="0.5" i="0" en="0" fa="1" fr="49.96251" fg="0" fd="0" ff="0"/>
    <c n="309" t="0" a="0.5" p="0" s="7" tm="10" sh="0.5" i="0" en="0" fa="1" fr="49.96251" fg="0" fd="0" ff="0"/>
    <c n="310" t="0" a="0.5" p="0" s="7" tm="10" sh="0.5" i="0" en="0" fa="1" fr="49.96251" fg="0" fd="0" ff="0"/>
    <c n="311" t="0" a="0.5" p="0" s="7" tm="10" sh="0.5" i="0" en="0" fa="1" fr="49.96251" fg="0" fd="0" ff="0"/>
    <c n="312" t="0" a="0.5" p="0" s="7" tm="10" sh="0.5" i="0" en="0" fa="1" fr="49.96251" fg="0" fd="0" ff="0"/>
    <c n="313" t="0" a="0.5" p="0" s="7" tm="10" sh="0.5" i="0" en="0" fa="1" fr="49.96251" fg="0" fd="0" ff="0"/>
    <c n="314" t="0" a="0.5" p="0" s="7" tm="10" sh="0.5" i="0" en="0" fa="1" fr="49.96251" fg="0" fd="0" ff="0"/>
    <c n="315" t="0" a="0.5" p="0" s="7" tm="10" sh="0.5" i="0" en="0" fa="1" fr="49.96251" fg="0" fd="0" ff="0"/>
    <c n="316" t="0" a="0.5" p="0" s="7" tm="10" sh="0.5" i="0" en="0" fa="1" fr="49.96251" fg="0" fd="0" ff="0"/>
    <c n="317" t="0" a="0.5" p="0" s="7" tm="10" sh="0.5" i="0" en="0" fa="1" fr="49.96251" fg="0" fd="0" ff="0"/>
    <c n="318" t="0" a="0.5" p="0" s="7" tm="10" sh="0.5" i="0" en="0" fa="1" fr="49.96251" fg="0" fd="0" ff="0"/>
    <c n="319" t="0" a="0.5" p="0" s="7" tm="10" sh="0.5" i="0" en="0" fa="1" fr="49.96251" fg="0" fd="0" ff="0"/>
    <c n="320" t="0" a="0.5" p="0" s="7" tm="10" sh="0.5" i="0" en="0" fa="1" fr="49.96251" fg="0" fd="0" ff="0"/>
    <c n="321" t="0" a="0.5" p="0" s="7" tm="10" sh="0.5" i="0" en="0" fa="1" fr="49.96251" fg="0" fd="0" ff="0"/>
    <c n="322" t="0" a="0.5" p="0" s="7" tm="10" sh="0.5" i="0" en="0" fa="1" fr="49.96251" fg="0" fd="0" ff="0"/>
    <c n="323" t="0" a="0.5" p="0" s="7" tm="10" sh="0.5" i="0" en="0" fa="1" fr="49.96251" fg="0" fd="0" ff="0"/>
    <c n="324" t="0" a="0.5" p="0" s="7" tm="10" sh="0.5" i="0" en="0" fa="1" fr="49.96251" fg="0" fd="0" ff="0"/>
    <c n="325" t="0" a="0.5" p="0" s="7" tm="10" sh="0.5" i="0" en="0" fa="1" fr="49.96251" fg="0" fd="0" ff="0"/>
    <c n="326" t="0" a="0.5" p="0" s="7" tm="10" sh="0.5" i="0" en="0" fa="1" fr="49.96251" fg="0" fd="0" ff="0"/>
    <c n="327" t="0" a="0.5" p="0" s="7" tm="10" sh="0.5" i="0" en="0" fa="1" fr="49.96251" fg="0" fd="0" ff="0"/>
    <c n="328" t="0" a="0.5" p="0" s="7" tm="10" sh="0.5" i="0" en="0" fa="1" fr="49.96251" fg="0" fd="0" ff="0"/>
    <c n="329" t="0" a="0.5" p="0" s="7" tm="10" sh="0.5" i="0" en="0" fa="1" fr="49.96251" fg="0" fd="0" ff="0"/>
    <c n="330" t="0" a="0.5" p="0" s="7" tm="10" sh="0.5" i="0" en="0" fa="1" fr="49.96251" fg="0" fd="0" ff="0"/>
    <c n="331" t="0" a="0.5" p="0" s="7" tm="10" sh="0.5" i="0" en="0" fa="1" fr="49.96251" fg="0" fd="0" ff="0"/>
    <c n="332" t="0" a="0.5" p="0" s="7" tm="10" sh="0.5" i="0" en="0" fa="1" fr="49.96251" fg="0" fd="0" ff="0"/>
    <c n="333" t="0" a="0.5" p="0" s="7" tm="10" sh="0.5" i="0" en="0" fa="1" fr="49.96251" fg="0" fd="0" ff="0"/>
    <c n="334" t="0" a="0.5" p="0" s="7" tm="10" sh="0.5" i="0" en="0" fa="1" fr="49.96251" fg="0" fd="0" ff="0"/>
    <c n="335" t="0" a="0.5" p="0" s="7" tm="10" sh="0.5" i="0" en="0" fa="1" fr="49.96251" fg="0" fd="0" ff="0"/>
    <c n="336" t="0" a="0.5" p="0" s="7" tm="10" sh="0.5" i="0" en="0" fa="1" fr="49.96251" fg="0" fd="0" ff="0"/>
    <c n="337" t="0" a="0.5" p="0" s="7" tm="10" sh="0.5" i="0" en="0" fa="1" fr="49.96251" fg="0" fd="0" ff="0"/>
    <c n="338" t="0" a="0.5" p="0" s="7" tm="10" sh="0.5" i="0" en="0" fa="1" fr="49.96251" fg="0" fd="0" ff="0"/>
    <c n="339" t="0" a="0.5" p="0" s="7" tm="10" sh="0.5" i="0" en="0" fa="1" fr="49.96251" fg="0" fd="0" ff="0"/>
    <c n="340" t="0" a="0.5" p="0" s="7" tm="10" sh="0.5" i="0" en="0" fa="1" fr="49.96251" fg="0" fd="0" ff="0"/>
    <c n="341" t="0" a="0.5" p="0" s="7" tm="10" sh="0.5" i="0" en="0" fa="1" fr="49.96251" fg="0" fd="0" ff="0"/>
    <c n="342" t="0" a="0.5" p="0" s="7" tm="10" sh="0.5" i="0" en="0" fa="1" fr="49.96251" fg="0" fd="0" ff="0"/>
    <c n="343" t="0" a="0.5" p="0" s="7" tm="10" sh="0.5" i="0" en="0" fa="1" fr="49.96251" fg="0" fd="0" ff="0"/>
    <c n="344" t="0" a="0.5" p="0" s="7" tm="10" sh="0.5" i="0" en="0" fa="1" fr="49.96251" fg="0" fd="0" ff="0"/>
    <c n="345" t="0" a="0.5" p="0" s="7" tm="10" sh="0.5" i="0" en="0" fa="1" fr="49.96251" fg="0" fd="0" ff="0"/>
    <c n="346" t="0" a="0.5" p="0" s="7" tm="10" sh="0.5" i="0" en="0" fa="1" fr="49.96251" fg="0" fd="0" ff="0"/>
    <c n="347" t="0" a="0.5" p="0" s="7" tm="10" sh="0.5" i="0" en="0" fa="1" fr="49.96251" fg="0" fd="0" ff="0"/>
    <c n="348" t="0" a="0.5" p="0" s="7" tm="10" sh="0.5" i="0" en="0" fa="1" fr="49.96251" fg="0" fd="0" ff="0"/>
    <c n="349" t="0" a="0.5" p="0" s="7" tm="10" sh="0.5" i="0" en="0" fa="1" fr="49.96251" fg="0" fd="0" ff="0"/>
    <c n="350" t="0" a="0.5" p="0" s="7" tm="10" sh="0.5" i="0" en="0" fa="1" fr="49.96251" fg="0" fd="0" ff="0"/>
    <c n="351" t="0" a="0.5" p="0" s="7" tm="10" sh="0.5" i="0" en="0" fa="1" fr="49.96251" fg="0" fd="0" ff="0"/>
    <c n="352" t="0" a="0.5" p="0" s="7" tm="10" sh="0.5" i="0" en="0" fa="1" fr="49.96251" fg="0" fd="0" ff="0"/>
    <c n="353" t="0" a="0.5" p="0" s="7" tm="10" sh="0.5" i="0" en="0" fa="1" fr="49.96251" fg="0" fd="0" ff="0"/>
    <c n="354" t="0" a="0.5" p="0" s="7" tm="10" sh="0.5" i="0" en="0" fa="1" fr="49.96251" fg="0" fd="0" ff="0"/>
    <c n="355" t="0" a="0.5" p="0" s="7" tm="10" sh="0.5" i="0" en="0" fa="1" fr="49.96251" fg="0" fd="0" ff="0"/>
    <c n="356" t="0" a="0.5" p="0" s="7" tm="10" sh="0.5" i="0" en="0" fa="1" fr="49.96251" fg="0" fd="0" ff="0"/>
    <c n="357" t="0" a="0.5" p="0" s="7" tm="10" sh="0.5" i="0" en="0" fa="1" fr="49.96251" fg="0" fd="0" ff="0"/>
    <c n="358" t="0" a="0.5" p="0" s="7" tm="10" sh="0.5" i="0" en="0" fa="1" fr="49.96251" fg="0" fd="0" ff="0"/>
    <c n="359" t="0" a="0.5" p="0" s="7" tm="10" sh="0.5" i="0" en="0" fa="1" fr="49.96251" fg="0" fd="0" ff="0"/>
    <c n="360" t="0" a="0.5" p="0" s="7" tm="10" sh="0.5" i="0" en="0" fa="1" fr="49.96251" fg="0" fd="0" ff="0"/>
    <c n="361" t="0" a="0.5" p="0" s="7" tm="10" sh="0.5" i="0" en="0" fa="1" fr="49.96251" fg="0" fd="0" ff="0"/>
    <c n="362" t="0" a="0.5" p="0" s="7" tm="10" sh="0.5" i="0" en="0" fa="1" fr="49.96251" fg="0" fd="0" ff="0"/>
    <c n="363" t="0" a="0.5" p="0" s="7" tm="10" sh="0.5" i="0" en="0" fa="1" fr="49.96251" fg="0" fd="0" ff="0"/>
    <c n="364" t="0" a="0.5" p="0" s="7" tm="10" sh="0.5" i="0" en="0" fa="1" fr="49.96251" fg="0" fd="0" ff="0"/>
    <c n="365" t="0" a="0.5" p="0" s="7" tm="10" sh="0.5" i="0" en="0" fa="1" fr="49.96251" fg="0" fd="0" ff="0"/>
    <c n="366" t="0" a="0.5" p="0" s="7" tm="10" sh="0.5" i="0" en="0" fa="1" fr="49.96251" fg="0" fd="0" ff="0"/>
    <c n="367" t="0" a="0.5" p="0" s="7" tm="10" sh="0.5" i="0" en="0" fa="1" fr="49.96251" fg="0" fd="0" ff="0"/>
    <c n="368" t="0" a="0.5" p="0" s="7" tm="10" sh="0.5" i="0" en="0" fa="1" fr="49.96251" fg="0" fd="0" ff="0"/>
    <c n="369" t="0" a="0.5" p="0" s="7" tm="10" sh="0.5" i="0" en="0" fa="1" fr="49.96251" fg="0" fd="0" ff="0"/>
    <c n="370" t="0" a="0.5" p="0" s="7" tm="10" sh="0.5" i="0" en="0" fa="1" fr="49.96251" fg="0" fd="0" ff="0"/>
    <c n="371" t="0" a="0.5" p="0" s="7" tm="10" sh="0.5" i="0" en="0" fa="1" fr="49.96251" fg="0" fd="0" ff="0"/>
    <c n="372" t="0" a="0.5" p="0" s="7" tm="10" sh="0.5" i="0" en="0" fa="1" fr="49.96251" fg="0" fd="0" ff="0"/>
    <c n="373" t="0" a="0.5" p="0" s="7" tm="10" sh="0.5" i="0" en="0" fa="1" fr="49.96251" fg="0" fd="0" ff="0"/>
    <c n="374" t="0" a="0.5" p="0" s="7" tm="10" sh="0.5" i="0" en="0" fa="1" fr="49.96251" fg="0" fd="0" ff="0"/>
    <c n="375" t="0" a="0.5" p="0" s="7" tm="10" sh="0.5" i="0" en="0" fa="1" fr="49.96251" fg="0" fd="0" ff="0"/>
    <c n="376" t="0" a="0.5" p="0" s="7" tm="10" sh="0.5" i="0" en="0" fa="1" fr="49.96251" fg="0" fd="0" ff="0"/>
    <c n="377" t="0" a="0.5" p="0" s="7" tm="10" sh="0.5" i="0" en="0" fa="1" fr="49.96251" fg="0" fd="0" ff="0"/>
    <c n="378" t="0" a="0.5" p="0" s="7" tm="10" sh="0.5" i="0" en="0" fa="1" fr="49.96251" fg="0" fd="0" ff="0"/>
    <c n="379" t="0" a="0.5" p="0" s="7" tm="10" sh="0.5" i="0" en="0" fa="1" fr="49.96251" fg="0" fd="0" ff="0"/>
    <c n="380" t="0" a="0.5" p="0" s="7" tm="10" sh="0.5" i="0" en="0" fa="1" fr="49.96251" fg="0" fd="0" ff="0"/>
    <c n="381" t="0" a="0.5" p="0" s="7" tm="10" sh="0.5" i="0" en="0" fa="1" fr="49.96251" fg="0" fd="0" ff="0"/>
    <c n="382" t="0" a="0.5" p="0" s="7" tm="10" sh="0.5" i="0" en="0" fa="1" fr="49.96251" fg="0" fd="0" ff="0"/>
    <c n="383" t="0" a="0.5" p="0" s="7" tm="10" sh="0.5" i="0" en="0" fa="1" fr="49.96251" fg="0" fd="0" ff="0"/>
    <c n="384" t="0" a="0.5" p="0" s="7" tm="10" sh="0.5" i="0" en="0" fa="1" fr="49.96251" fg="0" fd="0" ff="0"/>
    <c n="385" t="0" a="0.5" p="0" s="7" tm="10" sh="0.5" i="0" en="0" fa="1" fr="49.96251" fg="0" fd="0" ff="0"/>
    <c n="386" t="0" a="0.5" p="0" s="7" tm="10" sh="0.5" i="0" en="0" fa="1" fr="49.96251" fg="0" fd="0" ff="0"/>
    <c n="387" t="0" a="0.5" p="0" s="7" tm="10" sh="0.5" i="0" en="0" fa="1" fr="49.96251" fg="0" fd="0" ff="0"/>
    <c n="388" t="0" a="0.5" p="0" s="7" tm="10" sh="0.5" i="0" en="0" fa="1" fr="49.96251" fg="0" fd="0" ff="0"/>
    <c n="389" t="0" a="0.5" p="0" s="7" tm="10" sh="0.5" i="0" en="0" fa="1" fr="49.96251" fg="0" fd="0" ff="0"/>
    <c n="390" t="0" a="0.5" p="0" s="7" tm="10" sh="0.5" i="0" en="0" fa="1" fr="49.96251" fg="0" fd="0" ff="0"/>
    <c n="391" t="0" a="0.5" p="0" s="7" tm="10" sh="0.5" i="0" en="0" fa="1" fr="49.96251" fg="0" fd="0" ff="0"/>
    <c n="392" t="0" a="0.5" p="0" s="7" tm="10" sh="0.5" i="0" en="0" fa="1" fr="49.96251" fg="0" fd="0" ff="0"/>
    <c n="393" t="0" a="0.5" p="0" s="7" tm="10" sh="0.5" i="0" en="0" fa="1" fr="49.96251" fg="0" fd="0" ff="0"/>
    <c n="394" t="0" a="0.5" p="0" s="7" tm="10" sh="0.5" i="0" en="0" fa="1" fr="49.96251" fg="0" fd="0" ff="0"/>
    <c n="395" t="0" a="0.5" p="0" s="7" tm="10" sh="0.5" i="0" en="0" fa="1" fr="49.96251" fg="0" fd="0" ff="0"/>
    <c n="396" t="0" a="0.5" p="0" s="7" tm="10" sh="0.5" i="0" en="0" fa="1" fr="49.96251" fg="0" fd="0" ff="0"/>
    <c n="397" t="0" a="0.5" p="0" s="7" tm="10" sh="0.5" i="0" en="0" fa="1" fr="49.96251" fg="0" fd="0" ff="0"/>
    <c n="398" t="0" a="0.5" p="0" s="7" tm="10" sh="0.5" i="0" en="0" fa="1" fr="49.96251" fg="0" fd="0" ff="0"/>
    <c n="399" t="0" a="0.5" p="0" s="7" tm="10" sh="0.5" i="0" en="0" fa="1" fr="49.96251" fg="0" fd="0" ff="0"/>
    <c n="400" t="0" a="0.5" p="0" s="7" tm="10" sh="0.5" i="0" en="0" fa="1" fr="49.96251" fg="0" fd="0" ff="0"/>
    <c n="401" t="0" a="0.5" p="0" s="7" tm="10" sh="0.5" i="0" en="0" fa="1" fr="49.96251" fg="0" fd="0" ff="0"/>
    <c n="402" t="0" a="0.5" p="0" s="7" tm="10" sh="0.5" i="0" en="0" fa="1" fr="49.96251" fg="0" fd="0" ff="0"/>
    <c n="403" t="0" a="0.5" p="0" s="7" tm="10" sh="0.5" i="0" en="0" fa="1" fr="49.96251" fg="0" fd="0" ff="0"/>
    <c n="404" t="0" a="0.5" p="0" s="7" tm="10" sh="0.5" i="0" en="0" fa="1" fr="49.96251" fg="0" fd="0" ff="0"/>
    <c n="405" t="0" a="0.5" p="0" s="7" tm="10" sh="0.5" i="0" en="0" fa="1" fr="49.96251" fg="0" fd="0" ff="0"/>
    <c n="406" t="0" a="0.5" p="0" s="7" tm="10" sh="0.5" i="0" en="0" fa="1" fr="49.96251" fg="0" fd="0" ff="0"/>
    <c n="407" t="0" a="0.5" p="0" s="7" tm="10" sh="0.5" i="0" en="0" fa="1" fr="49.96251" fg="0" fd="0" ff="0"/>
    <c n="408" t="0" a="0.5" p="0" s="7" tm="10" sh="0.5" i="0" en="0" fa="1" fr="49.96251" fg="0" fd="0" ff="0"/>
    <c n="409" t="0" a="0.5" p="0" s="7" tm="10" sh="0.5" i="0" en="0" fa="1" fr="49.96251" fg="0" fd="0" ff="0"/>
    <c n="410" t="0" a="0.5" p="0" s="7" tm="10" sh="0.5" i="0" en="0" fa="1" fr="49.96251" fg="0" fd="0" ff="0"/>
    <c n="411" t="0" a="0.5" p="0" s="7" tm="10" sh="0.5" i="0" en="0" fa="1" fr="49.96251" fg="0" fd="0" ff="0"/>
    <c n="412" t="0" a="0.5" p="0" s="7" tm="10" sh="0.5" i="0" en="0" fa="1" fr="49.96251" fg="0" fd="0" ff="0"/>
    <c n="413" t="0" a="0.5" p="0" s="7" tm="10" sh="0.5" i="0" en="0" fa="1" fr="49.96251" fg="0" fd="0" ff="0"/>
    <c n="414" t="0" a="0.5" p="0" s="7" tm="10" sh="0.5" i="0" en="0" fa="1" fr="49.96251" fg="0" fd="0" ff="0"/>
    <c n="415" t="0" a="0.5" p="0" s="7" tm="10" sh="0.5" i="0" en="0" fa="1" fr="49.96251" fg="0" fd="0" ff="0"/>
    <c n="416" t="0" a="0.5" p="0" s="7" tm="10" sh="0.5" i="0" en="0" fa="1" fr="49.96251" fg="0" fd="0" ff="0"/>
    <c n="417" t="0" a="0.5" p="0" s="7" tm="10" sh="0.5" i="0" en="0" fa="1" fr="49.96251" fg="0" fd="0" ff="0"/>
    <c n="418" t="0" a="0.5" p="0" s="7" tm="10" sh="0.5" i="0" en="0" fa="1" fr="49.96251" fg="0" fd="0" ff="0"/>
    <c n="419" t="0" a="0.5" p="0" s="7" tm="10" sh="0.5" i="0" en="0" fa="1" fr="49.96251" fg="0" fd="0" ff="0"/>
    <c n="420" t="0" a="0.5" p="0" s="7" tm="10" sh="0.5" i="0" en="0" fa="1" fr="49.96251" fg="0" fd="0" ff="0"/>
    <c n="421" t="0" a="0.5" p="0" s="7" tm="10" sh="0.5" i="0" en="0" fa="1" fr="49.96251" fg="0" fd="0" ff="0"/>
    <c n="422" t="0" a="0.5" p="0" s="7" tm="10" sh="0.5" i="0" en="0" fa="1" fr="49.96251" fg="0" fd="0" ff="0"/>
    <c n="423" t="0" a="0.5" p="0" s="7" tm="10" sh="0.5" i="0" en="0" fa="1" fr="49.96251" fg="0" fd="0" ff="0"/>
    <c n="424" t="0" a="0.5" p="0" s="7" tm="10" sh="0.5" i="0" en="0" fa="1" fr="49.96251" fg="0" fd="0" ff="0"/>
    <c n="425" t="0" a="0.5" p="0" s="7" tm="10" sh="0.5" i="0" en="0" fa="1" fr="49.96251" fg="0" fd="0" ff="0"/>
    <c n="426" t="0" a="0.5" p="0" s="7" tm="10" sh="0.5" i="0" en="0" fa="1" fr="49.96251" fg="0" fd="0" ff="0"/>
    <c n="427" t="0" a="0.5" p="0" s="7" tm="10" sh="0.5" i="0" en="0" fa="1" fr="49.96251" fg="0" fd="0" ff="0"/>
    <c n="428" t="0" a="0.5" p="0" s="7" tm="10" sh="0.5" i="0" en="0" fa="1" fr="49.96251" fg="0" fd="0" ff="0"/>
    <c n="429" t="0" a="0.5" p="0" s="7" tm="10" sh="0.5" i="0" en="0" fa="1" fr="49.96251" fg="0" fd="0" ff="0"/>
    <c n="430" t="0" a="0.5" p="0" s="7" tm="10" sh="0.5" i="0" en="0" fa="1" fr="49.96251" fg="0" fd="0" ff="0"/>
    <c n="431" t="0" a="0.5" p="0" s="7" tm="10" sh="0.5" i="0" en="0" fa="1" fr="49.96251" fg="0" fd="0" ff="0"/>
    <c n="432" t="0" a="0.5" p="0" s="7" tm="10" sh="0.5" i="0" en="0" fa="1" fr="49.96251" fg="0" fd="0" ff="0"/>
    <c n="433" t="0" a="0.5" p="0" s="7" tm="10" sh="0.5" i="0" en="0" fa="1" fr="49.96251" fg="0" fd="0" ff="0"/>
    <c n="434" t="0" a="0.5" p="0" s="7" tm="10" sh="0.5" i="0" en="0" fa="1" fr="49.96251" fg="0" fd="0" ff="0"/>
    <c n="435" t="0" a="0.5" p="0" s="7" tm="10" sh="0.5" i="0" en="0" fa="1" fr="49.96251" fg="0" fd="0" ff="0"/>
    <c n="436" t="0" a="0.5" p="0" s="7" tm="10" sh="0.5" i="0" en="0" fa="1" fr="49.96251" fg="0" fd="0" ff="0"/>
    <c n="437" t="0" a="0.5" p="0" s="7" tm="10" sh="0.5" i="0" en="0" fa="1" fr="49.96251" fg="0" fd="0" ff="0"/>
    <c n="438" t="0" a="0.5" p="0" s="7" tm="10" sh="0.5" i="0" en="0" fa="1" fr="49.96251" fg="0" fd="0" ff="0"/>
    <c n="439" t="0" a="0.5" p="0" s="7" tm="10" sh="0.5" i="0" en="0" fa="1" fr="49.96251" fg="0" fd="0" ff="0"/>
    <c n="440" t="0" a="0.5" p="0" s="7" tm="10" sh="0.5" i="0" en="0" fa="1" fr="49.96251" fg="0" fd="0" ff="0"/>
    <c n="441" t="0" a="0.5" p="0" s="7" tm="10" sh="0.5" i="0" en="0" fa="1" fr="49.96251" fg="0" fd="0" ff="0"/>
    <c n="442" t="0" a="0.5" p="0" s="7" tm="10" sh="0.5" i="0" en="0" fa="1" fr="49.96251" fg="0" fd="0" ff="0"/>
    <c n="443" t="0" a="0.5" p="0" s="7" tm="10" sh="0.5" i="0" en="0" fa="1" fr="49.96251" fg="0" fd="0" ff="0"/>
    <c n="444" t="0" a="0.5" p="0" s="7" tm="10" sh="0.5" i="0" en="0" fa="1" fr="49.96251" fg="0" fd="0" ff="0"/>
    <c n="445" t="0" a="0.5" p="0" s="7" tm="10" sh="0.5" i="0" en="0" fa="1" fr="49.96251" fg="0" fd="0" ff="0"/>
    <c n="446" t="0" a="0.5" p="0" s="7" tm="10" sh="0.5" i="0" en="0" fa="1" fr="49.96251" fg="0" fd="0" ff="0"/>
    <c n="447" t="0" a="0.5" p="0" s="7" tm="10" sh="0.5" i="0" en="0" fa="1" fr="49.96251" fg="0" fd="0" ff="0"/>
    <c n="448" t="0" a="0.5" p="0" s="7" tm="10" sh="0.5" i="0" en="0" fa="1" fr="49.96251" fg="0" fd="0" ff="0"/>
    <c n="449" t="0" a="0.5" p="0" s="7" tm="10" sh="0.5" i="0" en="0" fa="1" fr="49.96251" fg="0" fd="0" ff="0"/>
    <c n="450" t="0" a="0.5" p="0" s="7" tm="10" sh="0.5" i="0" en="0" fa="1" fr="49.96251" fg="0" fd="0" ff="0"/>
    <c n="451" t="0" a="0.5" p="0" s="7" tm="10" sh="0.5" i="0" en="0" fa="1" fr="49.96251" fg="0" fd="0" ff="0"/>
    <c n="452" t="0" a="0.5" p="0" s="7" tm="10" sh="0.5" i="0" en="0" fa="1" fr="49.96251" fg="0" fd="0" ff="0"/>
    <c n="453" t="0" a="0.5" p="0" s="7" tm="10" sh="0.5" i="0" en="0" fa="1" fr="49.96251" fg="0" fd="0" ff="0"/>
    <c n="454" t="0" a="0.5" p="0" s="7" tm="10" sh="0.5" i="0" en="0" fa="1" fr="49.96251" fg="0" fd="0" ff="0"/>
    <c n="455" t="0" a="0.5" p="0" s="7" tm="10" sh="0.5" i="0" en="0" fa="1" fr="49.96251" fg="0" fd="0" ff="0"/>
    <c n="456" t="0" a="0.5" p="0" s="7" tm="10" sh="0.5" i="0" en="0" fa="1" fr="49.96251" fg="0" fd="0" ff="0"/>
    <c n="457" t="0" a="0.5" p="0" s="7" tm="10" sh="0.5" i="0" en="0" fa="1" fr="49.96251" fg="0" fd="0" ff="0"/>
    <c n="458" t="0" a="0.5" p="0" s="7" tm="10" sh="0.5" i="0" en="0" fa="1" fr="49.96251" fg="0" fd="0" ff="0"/>
    <c n="459" t="0" a="0.5" p="0" s="7" tm="10" sh="0.5" i="0" en="0" fa="1" fr="49.96251" fg="0" fd="0" ff="0"/>
    <c n="460" t="0" a="0.5" p="0" s="7" tm="10" sh="0.5" i="0" en="0" fa="1" fr="49.96251" fg="0" fd="0" ff="0"/>
    <c n="461" t="0" a="0.5" p="0" s="7" tm="10" sh="0.5" i="0" en="0" fa="1" fr="49.96251" fg="0" fd="0" ff="0"/>
    <c n="462" t="0" a="0.5" p="0" s="7" tm="10" sh="0.5" i="0" en="0" fa="1" fr="49.96251" fg="0" fd="0" ff="0"/>
    <c n="463" t="0" a="0.5" p="0" s="7" tm="10" sh="0.5" i="0" en="0" fa="1" fr="49.96251" fg="0" fd="0" ff="0"/>
    <c n="464" t="0" a="0.5" p="0" s="7" tm="10" sh="0.5" i="0" en="0" fa="1" fr="49.96251" fg="0" fd="0" ff="0"/>
    <c n="465" t="0" a="0.5" p="0" s="7" tm="10" sh="0.5" i="0" en="0" fa="1" fr="49.96251" fg="0" fd="0" ff="0"/>
    <c n="466" t="0" a="0.5" p="0" s="7" tm="10" sh="0.5" i="0" en="0" fa="1" fr="49.96251" fg="0" fd="0" ff="0"/>
    <c n="467" t="0" a="0.5" p="0" s="7" tm="10" sh="0.5" i="0" en="0" fa="1" fr="49.96251" fg="0" fd="0" ff="0"/>
    <c n="468" t="0" a="0.5" p="0" s="7" tm="10" sh="0.5" i="0" en="0" fa="1" fr="49.96251" fg="0" fd="0" ff="0"/>
    <c n="469" t="0" a="0.5" p="0" s="7" tm="10" sh="0.5" i="0" en="0" fa="1" fr="49.96251" fg="0" fd="0" ff="0"/>
    <c n="470" t="0" a="0.5" p="0" s="7" tm="10" sh="0.5" i="0" en="0" fa="1" fr="49.96251" fg="0" fd="0" ff="0"/>
    <c n="471" t="0" a="0.5" p="0" s="7" tm="10" sh="0.5" i="0" en="0" fa="1" fr="49.96251" fg="0" fd="0" ff="0"/>
    <c n="472" t="0" a="0.5" p="0" s="7" tm="10" sh="0.5" i="0" en="0" fa="1" fr="49.96251" fg="0" fd="0" ff="0"/>
    <c n="473" t="0" a="0.5" p="0" s="7" tm="10" sh="0.5" i="0" en="0" fa="1" fr="49.96251" fg="0" fd="0" ff="0"/>
    <c n="474" t="0" a="0.5" p="0" s="7" tm="10" sh="0.5" i="0" en="0" fa="1" fr="49.96251" fg="0" fd="0" ff="0"/>
    <c n="475" t="0" a="0.5" p="0" s="7" tm="10" sh="0.5" i="0" en="0" fa="1" fr="49.96251" fg="0" fd="0" ff="0"/>
    <c n="476" t="0" a="0.5" p="0" s="7" tm="10" sh="0.5" i="0" en="0" fa="1" fr="49.96251" fg="0" fd="0" ff="0"/>
    <c n="477" t="0" a="0.5" p="0" s="7" tm="10" sh="0.5" i="0" en="0" fa="1" fr="49.96251" fg="0" fd="0" ff="0"/>
    <c n="478" t="0" a="0.5" p="0" s="7" tm="10" sh="0.5" i="0" en="0" fa="1" fr="49.96251" fg="0" fd="0" ff="0"/>
    <c n="479" t="0" a="0.5" p="0" s="7" tm="10" sh="0.5" i="0" en="0" fa="1" fr="49.96251" fg="0" fd="0" ff="0"/>
    <c n="480" t="0" a="0.5" p="0" s="7" tm="10" sh="0.5" i="0" en="0" fa="1" fr="49.96251" fg="0" fd="0" ff="0"/>
    <c n="481" t="0" a="0.5" p="0" s="7" tm="10" sh="0.5" i="0" en="0" fa="1" fr="49.96251" fg="0" fd="0" ff="0"/>
    <c n="482" t="0" a="0.5" p="0" s="7" tm="10" sh="0.5" i="0" en="0" fa="1" fr="49.96251" fg="0" fd="0" ff="0"/>
    <c n="483" t="0" a="0.5" p="0" s="7" tm="10" sh="0.5" i="0" en="0" fa="1" fr="49.96251" fg="0" fd="0" ff="0"/>
    <c n="484" t="0" a="0.5" p="0" s="7" tm="10" sh="0.5" i="0" en="0" fa="1" fr="49.96251" fg="0" fd="0" ff="0"/>
    <c n="485" t="0" a="0.5" p="0" s="7" tm="10" sh="0.5" i="0" en="0" fa="1" fr="49.96251" fg="0" fd="0" ff="0"/>
    <c n="486" t="0" a="0.5" p="0" s="7" tm="10" sh="0.5" i="0" en="0" fa="1" fr="49.96251" fg="0" fd="0" ff="0"/>
    <c n="487" t="0" a="0.5" p="0" s="7" tm="10" sh="0.5" i="0" en="0" fa="1" fr="49.96251" fg="0" fd="0" ff="0"/>
    <c n="488" t="0" a="0.5" p="0" s="7" tm="10" sh="0.5" i="0" en="0" fa="1" fr="49.96251" fg="0" fd="0" ff="0"/>
    <c n="489" t="0" a="0.5" p="0" s="7" tm="10" sh="0.5" i="0" en="0" fa="1" fr="49.96251" fg="0" fd="0" ff="0"/>
    <c n="490" t="0" a="0.5" p="0" s="7" tm="10" sh="0.5" i="0" en="0" fa="1" fr="49.96251" fg="0" fd="0" ff="0"/>
    <c n="491" t="0" a="0.5" p="0" s="7" tm="10" sh="0.5" i="0" en="0" fa="1" fr="49.96251" fg="0" fd="0" ff="0"/>
    <c n="492" t="0" a="0.5" p="0" s="7" tm="10" sh="0.5" i="0" en="0" fa="1" fr="49.96251" fg="0" fd="0" ff="0"/>
    <c n="493" t="0" a="0.5" p="0" s="7" tm="10" sh="0.5" i="0" en="0" fa="1" fr="49.96251" fg="0" fd="0" ff="0"/>
    <c n="494" t="0" a="0.5" p="0" s="7" tm="10" sh="0.5" i="0" en="0" fa="1" fr="49.96251" fg="0" fd="0" ff="0"/>
    <c n="495" t="0" a="0.5" p="0" s="7" tm="10" sh="0.5" i="0" en="0" fa="1" fr="49.96251" fg="0" fd="0" ff="0"/>
    <c n="496" t="0" a="0.5" p="0" s="7" tm="10" sh="0.5" i="0" en="0" fa="1" fr="49.96251" fg="0" fd="0" ff="0"/>
    <c n="497" t="0" a="0.5" p="0" s="7" tm="10" sh="0.5" i="0" en="0" fa="1" fr="49.96251" fg="0" fd="0" ff="0"/>
    <c n="498" t="0" a="0.5" p="0" s="7" tm="10" sh="0.5" i="0" en="0" fa="1" fr="49.96251" fg="0" fd="0" ff="0"/>
    <c n="499" t="0" a="0.5" p="0" s="7" tm="10" sh="0.5" i="0" en="0" fa="1" fr="49.96251" fg="0" fd="0" ff="0"/>
    <c n="500" t="0" a="0.5" p="0" s="7" tm="10" sh="0.5" i="0" en="0" fa="1" fr="49.96251" fg="0" fd="0" ff="0"/>
    <c n="501" t="0" a="0.5" p="0" s="7" tm="10" sh="0.5" i="0" en="0" fa="1" fr="49.96251" fg="0" fd="0" ff="0"/>
    <c n="502" t="0" a="0.5" p="0" s="7" tm="10" sh="0.5" i="0" en="0" fa="1" fr="49.96251" fg="0" fd="0" ff="0"/>
    <c n="503" t="0" a="0.5" p="0" s="7" tm="10" sh="0.5" i="0" en="0" fa="1" fr="49.96251" fg="0" fd="0" ff="0"/>
    <c n="504" t="0" a="0.5" p="0" s="7" tm="10" sh="0.5" i="0" en="0" fa="1" fr="49.96251" fg="0" fd="0" ff="0"/>
    <c n="505" t="0" a="0.5" p="0" s="7" tm="10" sh="0.5" i="0" en="0" fa="1" fr="49.96251" fg="0" fd="0" ff="0"/>
    <c n="506" t="0" a="0.5" p="0" s="7" tm="10" sh="0.5" i="0" en="0" fa="1" fr="49.96251" fg="0" fd="0" ff="0"/>
    <c n="507" t="0" a="0.5" p="0" s="7" tm="10" sh="0.5" i="0" en="0" fa="1" fr="49.96251" fg="0" fd="0" ff="0"/>
    <c n="508" t="0" a="0.5" p="0" s="7" tm="10" sh="0.5" i="0" en="0" fa="1" fr="49.96251" fg="0" fd="0" ff="0"/>
    <c n="509" t="0" a="0.5" p="0" s="7" tm="10" sh="0.5" i="0" en="0" fa="1" fr="49.96251" fg="0" fd="0" ff="0"/>
    <c n="510" t="0" a="0.5" p="0" s="7" tm="10" sh="0.5" i="0" en="0" fa="1" fr="49.96251" fg="0" fd="0" ff="0"/>
    <c n="511" t="0" a="0.5" p="0" s="7" tm="10" sh="0.5" i="0" en="0" fa="1" fr="49.96251" fg="0" fd="0" ff="0"/>
  </DmxUniverse>
</DbAudiowarePreset>
 