<?xml version="1.0" encoding="UTF-8"?>

<DbAudiowarePreset product="DMXIS" major="1" minor="7" patch="4" name="Refrain Candle 1" algoname="DMXIS">
  <Params>
    <Param nm="X Value" v="0" cc="-1" nrpn="-1" ch="0"/>
    <Param nm="Bank" v="0.3625" cc="-1" nrpn="-1" ch="0"/>
    <Param nm="Preset" v="0.8725" cc="-1" nrpn="-1" ch="0"/>
    <Param nm="PresetUp" v="0" cc="-1" nrpn="-1" ch="0"/>
    <Param nm="PresetDown" v="0" cc="-1" nrpn="-1" ch="0"/>
    <Param nm="ShowPresetPage" v="1" cc="-1" nrpn="-1" ch="0"/>
    <Param nm="BankUp" v="0" cc="-1" nrpn="-1" ch="0"/>
    <Param nm="BankDown" v="0" cc="-1" nrpn="-1" ch="0"/>
    <Param nm="NewPreset" v="0" cc="-1" nrpn="-1" ch="0"/>
    <Param nm="DeletePreset" v="0" cc="-1" nrpn="-1" ch="0"/>
    <Param nm="EditPreset" v="0" cc="-1" nrpn="-1" ch="0"/>
    <Param nm="NewBank" v="0" cc="-1" nrpn="-1" ch="0"/>
    <Param nm="DeleteBank" v="0" cc="-1" nrpn="-1" ch="0"/>
    <Param nm="EditBank" v="0" cc="-1" nrpn="-1" ch="0"/>
    <Param nm="Autoplay Bank" v="0" cc="-1" nrpn="-1" ch="0"/>
    <Param nm="OverwrtPst" v="1" cc="-1" nrpn="-1" ch="0"/>
    <Param nm="1" v="0.354649" cc="-1" nrpn="-1" ch="0"/>
    <Param nm="2" v="0.101916" cc="-1" nrpn="-1" ch="0"/>
    <Param nm="3" v="0.207595" cc="-1" nrpn="-1" ch="0"/>
    <Param nm="4" v="0.400328" cc="-1" nrpn="-1" ch="0"/>
    <Param nm="5" v="0.20764" cc="-1" nrpn="-1" ch="0"/>
    <Param nm="6" v="0.10241" cc="-1" nrpn="-1" ch="0"/>
    <Param nm="7" v="0.132101" cc="-1" nrpn="-1" ch="0"/>
    <Param nm="8" v="0.305576" cc="-1" nrpn="-1" ch="0"/>
    <Param nm="9" v="0.5" cc="-1" nrpn="-1" ch="0"/>
    <Param nm="10" v="0.304565" cc="-1" nrpn="-1" ch="0"/>
    <Param nm="11" v="0.154921" cc="-1" nrpn="-1" ch="0"/>
    <Param nm="12" v="0.21" cc="-1" nrpn="-1" ch="0"/>
    <Param nm="13" v="0.347731" cc="-1" nrpn="-1" ch="0"/>
    <Param nm="14" v="1" cc="-1" nrpn="-1" ch="0"/>
    <Param nm="15" v="0.35473" cc="-1" nrpn="-1" ch="0"/>
    <Param nm="16" v="0.199876" cc="-1" nrpn="-1" ch="0"/>
    <Param nm="17" v="0.125976" cc="-1" nrpn="-1" ch="0"/>
    <Param nm="18" v="0.305959" cc="-1" nrpn="-1" ch="0"/>
    <Param nm="19" v="0.96" cc="-1" nrpn="-1" ch="0"/>
    <Param nm="20" v="0.30767" cc="-1" nrpn="-1" ch="0"/>
    <Param nm="21" v="0.145799" cc="-1" nrpn="-1" ch="0"/>
    <Param nm="22" v="0.103267" cc="-1" nrpn="-1" ch="0"/>
    <Param nm="23" v="0.20272" cc="-1" nrpn="-1" ch="0"/>
    <Param nm="24" v="1" cc="-1" nrpn="-1" ch="0"/>
    <Param nm="25" v="0.206278" cc="-1" nrpn="-1" ch="0"/>
    <Param nm="26" v="0.103165" cc="-1" nrpn="-1" ch="0"/>
    <Param nm="27" v="0" cc="-1" nrpn="-1" ch="0"/>
    <Param nm="28" v="0" cc="-1" nrpn="-1" ch="0"/>
    <Param nm="29" v="1" cc="-1" nrpn="-1" ch="0"/>
    <Param nm="30" v="0" cc="-1" nrpn="-1" ch="0"/>
    <Param nm="31" v="1" cc="-1" nrpn="-1" ch="0"/>
    <Param nm="32" v="0" cc="-1" nrpn="-1" ch="0"/>
    <Param nm="33" v="0.309196" cc="-1" nrpn="-1" ch="0"/>
    <Param nm="34" v="0" cc="-1" nrpn="-1" ch="0"/>
    <Param nm="35" v="0" cc="-1" nrpn="-1" ch="0"/>
    <Param nm="36" v="0.462443" cc="-1" nrpn="-1" ch="0"/>
    <Param nm="37" v="0" cc="-1" nrpn="-1" ch="0"/>
    <Param nm="38" v="0" cc="-1" nrpn="-1" ch="0"/>
    <Param nm="39" v="0" cc="-1" nrpn="-1" ch="0"/>
    <Param nm="40" v="0.535972" cc="-1" nrpn="-1" ch="0"/>
    <Param nm="41" v="0.532547" cc="-1" nrpn="-1" ch="0"/>
    <Param nm="42" v="0.4644" cc="-1" nrpn="-1" ch="0"/>
    <Param nm="43" v="0" cc="-1" nrpn="-1" ch="0"/>
    <Param nm="44" v="0" cc="-1" nrpn="-1" ch="0"/>
    <Param nm="45" v="0.498706" cc="-1" nrpn="-1" ch="0"/>
    <Param nm="46" v="0.550259" cc="-1" nrpn="-1" ch="0"/>
    <Param nm="47" v="0.531603" cc="-1" nrpn="-1" ch="0"/>
    <Param nm="48" v="0" cc="-1" nrpn="-1" ch="0"/>
    <Param nm="49" v="0" cc="-1" nrpn="-1" ch="0"/>
    <Param nm="50" v="0.516334" cc="-1" nrpn="-1" ch="0"/>
    <Param nm="51" v="0.527583" cc="-1" nrpn="-1" ch="0"/>
    <Param nm="52" v="0.501465" cc="-1" nrpn="-1" ch="0"/>
    <Param nm="53" v="0" cc="-1" nrpn="-1" ch="0"/>
    <Param nm="54" v="0" cc="-1" nrpn="-1" ch="0"/>
    <Param nm="55" v="0.499295" cc="-1" nrpn="-1" ch="0"/>
    <Param nm="56" v="0.520462" cc="-1" nrpn="-1" ch="0"/>
    <Param nm="57" v="0.498285" cc="-1" nrpn="-1" ch="0"/>
    <Param nm="58" v="0" cc="-1" nrpn="-1" ch="0"/>
    <Param nm="59" v="0" cc="-1" nrpn="-1" ch="0"/>
    <Param nm="60" v="0" cc="-1" nrpn="-1" ch="0"/>
    <Param nm="61" v="0" cc="-1" nrpn="-1" ch="0"/>
    <Param nm="62" v="0" cc="-1" nrpn="-1" ch="0"/>
    <Param nm="63" v="0" cc="-1" nrpn="-1" ch="0"/>
    <Param nm="64" v="0" cc="-1" nrpn="-1" ch="0"/>
    <Param nm="65" v="0.19" cc="-1" nrpn="-1" ch="0"/>
    <Param nm="66" v="0.19" cc="-1" nrpn="-1" ch="0"/>
    <Param nm="67" v="0.19" cc="-1" nrpn="-1" ch="0"/>
    <Param nm="68" v="0.19" cc="-1" nrpn="-1" ch="0"/>
    <Param nm="69" v="0.19" cc="-1" nrpn="-1" ch="0"/>
    <Param nm="70" v="0.19" cc="-1" nrpn="-1" ch="0"/>
    <Param nm="71" v="0.19" cc="-1" nrpn="-1" ch="0"/>
    <Param nm="72" v="0.19" cc="-1" nrpn="-1" ch="0"/>
    <Param nm="73" v="0.19" cc="-1" nrpn="-1" ch="0"/>
    <Param nm="74" v="0.19" cc="-1" nrpn="-1" ch="0"/>
    <Param nm="75" v="1" cc="-1" nrpn="-1" ch="0"/>
    <Param nm="76" v="0" cc="-1" nrpn="-1" ch="0"/>
    <Param nm="77" v="1" cc="-1" nrpn="-1" ch="0"/>
    <Param nm="78" v="0.246667" cc="-1" nrpn="-1" ch="0"/>
    <Param nm="79" v="0" cc="-1" nrpn="-1" ch="0"/>
    <Param nm="80" v="0" cc="-1" nrpn="-1" ch="0"/>
    <Param nm="81" v="0.189453" cc="-1" nrpn="-1" ch="0"/>
    <Param nm="82" v="0.189453" cc="-1" nrpn="-1" ch="0"/>
    <Param nm="83" v="0.189453" cc="-1" nrpn="-1" ch="0"/>
    <Param nm="84" v="0.189453" cc="-1" nrpn="-1" ch="0"/>
    <Param nm="85" v="0.189453" cc="-1" nrpn="-1" ch="0"/>
    <Param nm="86" v="0.189453" cc="-1" nrpn="-1" ch="0"/>
    <Param nm="87" v="0.189453" cc="-1" nrpn="-1" ch="0"/>
    <Param nm="88" v="0.189453" cc="-1" nrpn="-1" ch="0"/>
    <Param nm="89" v="0.189453" cc="-1" nrpn="-1" ch="0"/>
    <Param nm="90" v="0.189453" cc="-1" nrpn="-1" ch="0"/>
    <Param nm="91" v="0.001953" cc="-1" nrpn="-1" ch="0"/>
    <Param nm="92" v="0.001953" cc="-1" nrpn="-1" ch="0"/>
    <Param nm="93" v="0.001953" cc="-1" nrpn="-1" ch="0"/>
    <Param nm="94" v="0.001953" cc="-1" nrpn="-1" ch="0"/>
    <Param nm="95" v="0.001953" cc="-1" nrpn="-1" ch="0"/>
    <Param nm="96" v="0.001953" cc="-1" nrpn="-1" ch="0"/>
    <Param nm="97" v="1" cc="-1" nrpn="-1" ch="0"/>
    <Param nm="98" v="0" cc="-1" nrpn="-1" ch="0"/>
    <Param nm="99" v="0.206667" cc="-1" nrpn="-1" ch="0"/>
    <Param nm="100" v="0" cc="-1" nrpn="-1" ch="0"/>
    <Param nm="101" v="0" cc="-1" nrpn="-1" ch="0"/>
    <Param nm="102" v="0" cc="-1" nrpn="-1" ch="0"/>
    <Param nm="103" v="1" cc="-1" nrpn="-1" ch="0"/>
    <Param nm="104" v="0" cc="-1" nrpn="-1" ch="0"/>
    <Param nm="105" v="0" cc="-1" nrpn="-1" ch="0"/>
    <Param nm="106" v="0" cc="-1" nrpn="-1" ch="0"/>
    <Param nm="107" v="0.205078" cc="-1" nrpn="-1" ch="0"/>
    <Param nm="108" v="0" cc="-1" nrpn="-1" ch="0"/>
    <Param nm="109" v="0" cc="-1" nrpn="-1" ch="0"/>
    <Param nm="110" v="0" cc="-1" nrpn="-1" ch="0"/>
    <Param nm="111" v="1" cc="-1" nrpn="-1" ch="0"/>
    <Param nm="112" v="0" cc="-1" nrpn="-1" ch="0"/>
    <Param nm="113" v="1" cc="-1" nrpn="-1" ch="0"/>
    <Param nm="114" v="0" cc="-1" nrpn="-1" ch="0"/>
    <Param nm="115" v="0" cc="-1" nrpn="-1" ch="0"/>
    <Param nm="116" v="0" cc="-1" nrpn="-1" ch="0"/>
    <Param nm="117" v="0" cc="-1" nrpn="-1" ch="0"/>
    <Param nm="118" v="1" cc="-1" nrpn="-1" ch="0"/>
    <Param nm="119" v="0" cc="-1" nrpn="-1" ch="0"/>
    <Param nm="120" v="1" cc="-1" nrpn="-1" ch="0"/>
    <Param nm="121" v="0" cc="-1" nrpn="-1" ch="0"/>
    <Param nm="122" v="0" cc="-1" nrpn="-1" ch="0"/>
    <Param nm="123" v="0" cc="-1" nrpn="-1" ch="0"/>
    <Param nm="124" v="0" cc="-1" nrpn="-1" ch="0"/>
    <Param nm="125" v="0" cc="-1" nrpn="-1" ch="0"/>
    <Param nm="126" v="0" cc="-1" nrpn="-1" ch="0"/>
    <Param nm="127" v="0" cc="-1" nrpn="-1" ch="0"/>
    <Param nm="128" v="0" cc="-1" nrpn="-1" ch="0"/>
    <Param nm="129" v="1" cc="-1" nrpn="-1" ch="0"/>
    <Param nm="130" v="0" cc="-1" nrpn="-1" ch="0"/>
    <Param nm="131" v="1" cc="-1" nrpn="-1" ch="0"/>
    <Param nm="132" v="1" cc="-1" nrpn="-1" ch="0"/>
    <Param nm="133" v="1" cc="-1" nrpn="-1" ch="0"/>
    <Param nm="134" v="0" cc="-1" nrpn="-1" ch="0"/>
    <Param nm="135" v="0" cc="-1" nrpn="-1" ch="0"/>
    <Param nm="136" v="0" cc="-1" nrpn="-1" ch="0"/>
    <Param nm="137" v="0" cc="-1" nrpn="-1" ch="0"/>
    <Param nm="138" v="0" cc="-1" nrpn="-1" ch="0"/>
    <Param nm="139" v="0" cc="-1" nrpn="-1" ch="0"/>
    <Param nm="140" v="0" cc="-1" nrpn="-1" ch="0"/>
    <Param nm="141" v="0" cc="-1" nrpn="-1" ch="0"/>
    <Param nm="142" v="0" cc="-1" nrpn="-1" ch="0"/>
    <Param nm="143" v="0" cc="-1" nrpn="-1" ch="0"/>
    <Param nm="144" v="0" cc="-1" nrpn="-1" ch="0"/>
    <Param nm="145" v="0" cc="-1" nrpn="-1" ch="0"/>
    <Param nm="146" v="0" cc="-1" nrpn="-1" ch="0"/>
    <Param nm="147" v="0" cc="-1" nrpn="-1" ch="0"/>
    <Param nm="148" v="0" cc="-1" nrpn="-1" ch="0"/>
    <Param nm="149" v="0" cc="-1" nrpn="-1" ch="0"/>
    <Param nm="150" v="0" cc="-1" nrpn="-1" ch="0"/>
    <Param nm="151" v="0" cc="-1" nrpn="-1" ch="0"/>
    <Param nm="152" v="0" cc="-1" nrpn="-1" ch="0"/>
    <Param nm="153" v="0" cc="-1" nrpn="-1" ch="0"/>
    <Param nm="154" v="0" cc="-1" nrpn="-1" ch="0"/>
    <Param nm="155" v="0" cc="-1" nrpn="-1" ch="0"/>
    <Param nm="156" v="0" cc="-1" nrpn="-1" ch="0"/>
    <Param nm="157" v="0" cc="-1" nrpn="-1" ch="0"/>
    <Param nm="158" v="0" cc="-1" nrpn="-1" ch="0"/>
    <Param nm="159" v="0" cc="-1" nrpn="-1" ch="0"/>
    <Param nm="160" v="0" cc="-1" nrpn="-1" ch="0"/>
    <Param nm="161" v="0" cc="-1" nrpn="-1" ch="0"/>
    <Param nm="162" v="0" cc="-1" nrpn="-1" ch="0"/>
    <Param nm="163" v="0" cc="-1" nrpn="-1" ch="0"/>
    <Param nm="164" v="0" cc="-1" nrpn="-1" ch="0"/>
    <Param nm="165" v="0" cc="-1" nrpn="-1" ch="0"/>
    <Param nm="166" v="0" cc="-1" nrpn="-1" ch="0"/>
    <Param nm="167" v="0" cc="-1" nrpn="-1" ch="0"/>
    <Param nm="168" v="0" cc="-1" nrpn="-1" ch="0"/>
    <Param nm="169" v="0" cc="-1" nrpn="-1" ch="0"/>
    <Param nm="170" v="0" cc="-1" nrpn="-1" ch="0"/>
    <Param nm="171" v="0" cc="-1" nrpn="-1" ch="0"/>
    <Param nm="172" v="0" cc="-1" nrpn="-1" ch="0"/>
    <Param nm="173" v="0" cc="-1" nrpn="-1" ch="0"/>
    <Param nm="174" v="0" cc="-1" nrpn="-1" ch="0"/>
    <Param nm="175" v="0" cc="-1" nrpn="-1" ch="0"/>
    <Param nm="176" v="0" cc="-1" nrpn="-1" ch="0"/>
    <Param nm="177" v="0" cc="-1" nrpn="-1" ch="0"/>
    <Param nm="178" v="0" cc="-1" nrpn="-1" ch="0"/>
    <Param nm="179" v="0" cc="-1" nrpn="-1" ch="0"/>
    <Param nm="180" v="0" cc="-1" nrpn="-1" ch="0"/>
    <Param nm="181" v="0" cc="-1" nrpn="-1" ch="0"/>
    <Param nm="182" v="0" cc="-1" nrpn="-1" ch="0"/>
    <Param nm="183" v="0" cc="-1" nrpn="-1" ch="0"/>
    <Param nm="184" v="0" cc="-1" nrpn="-1" ch="0"/>
    <Param nm="185" v="0" cc="-1" nrpn="-1" ch="0"/>
    <Param nm="186" v="0" cc="-1" nrpn="-1" ch="0"/>
    <Param nm="187" v="0" cc="-1" nrpn="-1" ch="0"/>
    <Param nm="188" v="0" cc="-1" nrpn="-1" ch="0"/>
    <Param nm="189" v="0" cc="-1" nrpn="-1" ch="0"/>
    <Param nm="190" v="0" cc="-1" nrpn="-1" ch="0"/>
    <Param nm="191" v="0" cc="-1" nrpn="-1" ch="0"/>
    <Param nm="192" v="0" cc="-1" nrpn="-1" ch="0"/>
    <Param nm="193" v="0" cc="-1" nrpn="-1" ch="0"/>
    <Param nm="194" v="0" cc="-1" nrpn="-1" ch="0"/>
    <Param nm="195" v="0" cc="-1" nrpn="-1" ch="0"/>
    <Param nm="196" v="0" cc="-1" nrpn="-1" ch="0"/>
    <Param nm="197" v="0" cc="-1" nrpn="-1" ch="0"/>
    <Param nm="198" v="0" cc="-1" nrpn="-1" ch="0"/>
    <Param nm="199" v="0" cc="-1" nrpn="-1" ch="0"/>
    <Param nm="200" v="0" cc="-1" nrpn="-1" ch="0"/>
    <Param nm="201" v="0" cc="-1" nrpn="-1" ch="0"/>
    <Param nm="202" v="0" cc="-1" nrpn="-1" ch="0"/>
    <Param nm="203" v="0" cc="-1" nrpn="-1" ch="0"/>
    <Param nm="204" v="0" cc="-1" nrpn="-1" ch="0"/>
    <Param nm="205" v="0" cc="-1" nrpn="-1" ch="0"/>
    <Param nm="206" v="0" cc="-1" nrpn="-1" ch="0"/>
    <Param nm="207" v="0" cc="-1" nrpn="-1" ch="0"/>
    <Param nm="208" v="0" cc="-1" nrpn="-1" ch="0"/>
    <Param nm="209" v="0" cc="-1" nrpn="-1" ch="0"/>
    <Param nm="210" v="0" cc="-1" nrpn="-1" ch="0"/>
    <Param nm="211" v="0" cc="-1" nrpn="-1" ch="0"/>
    <Param nm="212" v="0" cc="-1" nrpn="-1" ch="0"/>
    <Param nm="213" v="0" cc="-1" nrpn="-1" ch="0"/>
    <Param nm="214" v="0" cc="-1" nrpn="-1" ch="0"/>
    <Param nm="215" v="0" cc="-1" nrpn="-1" ch="0"/>
    <Param nm="216" v="0" cc="-1" nrpn="-1" ch="0"/>
    <Param nm="217" v="0" cc="-1" nrpn="-1" ch="0"/>
    <Param nm="218" v="0" cc="-1" nrpn="-1" ch="0"/>
    <Param nm="219" v="0" cc="-1" nrpn="-1" ch="0"/>
    <Param nm="220" v="0" cc="-1" nrpn="-1" ch="0"/>
    <Param nm="221" v="0" cc="-1" nrpn="-1" ch="0"/>
    <Param nm="222" v="0" cc="-1" nrpn="-1" ch="0"/>
    <Param nm="223" v="0" cc="-1" nrpn="-1" ch="0"/>
    <Param nm="224" v="0" cc="-1" nrpn="-1" ch="0"/>
    <Param nm="225" v="0" cc="-1" nrpn="-1" ch="0"/>
    <Param nm="226" v="0" cc="-1" nrpn="-1" ch="0"/>
    <Param nm="227" v="0" cc="-1" nrpn="-1" ch="0"/>
    <Param nm="228" v="0" cc="-1" nrpn="-1" ch="0"/>
    <Param nm="229" v="0" cc="-1" nrpn="-1" ch="0"/>
    <Param nm="230" v="0" cc="-1" nrpn="-1" ch="0"/>
    <Param nm="231" v="0" cc="-1" nrpn="-1" ch="0"/>
    <Param nm="232" v="0" cc="-1" nrpn="-1" ch="0"/>
    <Param nm="233" v="0" cc="-1" nrpn="-1" ch="0"/>
    <Param nm="234" v="0" cc="-1" nrpn="-1" ch="0"/>
    <Param nm="235" v="0" cc="-1" nrpn="-1" ch="0"/>
    <Param nm="236" v="0" cc="-1" nrpn="-1" ch="0"/>
    <Param nm="237" v="0" cc="-1" nrpn="-1" ch="0"/>
    <Param nm="238" v="0" cc="-1" nrpn="-1" ch="0"/>
    <Param nm="239" v="0" cc="-1" nrpn="-1" ch="0"/>
    <Param nm="240" v="0" cc="-1" nrpn="-1" ch="0"/>
    <Param nm="241" v="0" cc="-1" nrpn="-1" ch="0"/>
    <Param nm="242" v="0" cc="-1" nrpn="-1" ch="0"/>
    <Param nm="243" v="0" cc="-1" nrpn="-1" ch="0"/>
    <Param nm="244" v="0" cc="-1" nrpn="-1" ch="0"/>
    <Param nm="245" v="0" cc="-1" nrpn="-1" ch="0"/>
    <Param nm="246" v="0" cc="-1" nrpn="-1" ch="0"/>
    <Param nm="247" v="0" cc="-1" nrpn="-1" ch="0"/>
    <Param nm="248" v="0" cc="-1" nrpn="-1" ch="0"/>
    <Param nm="249" v="0" cc="-1" nrpn="-1" ch="0"/>
    <Param nm="250" v="0" cc="-1" nrpn="-1" ch="0"/>
    <Param nm="251" v="0" cc="-1" nrpn="-1" ch="0"/>
    <Param nm="252" v="0" cc="-1" nrpn="-1" ch="0"/>
    <Param nm="253" v="0" cc="-1" nrpn="-1" ch="0"/>
    <Param nm="254" v="0" cc="-1" nrpn="-1" ch="0"/>
    <Param nm="255" v="0" cc="-1" nrpn="-1" ch="0"/>
    <Param nm="256" v="0" cc="-1" nrpn="-1" ch="0"/>
    <Param nm="257" v="0" cc="-1" nrpn="-1" ch="0"/>
    <Param nm="258" v="0" cc="-1" nrpn="-1" ch="0"/>
    <Param nm="259" v="0" cc="-1" nrpn="-1" ch="0"/>
    <Param nm="260" v="0" cc="-1" nrpn="-1" ch="0"/>
    <Param nm="261" v="0" cc="-1" nrpn="-1" ch="0"/>
    <Param nm="262" v="0" cc="-1" nrpn="-1" ch="0"/>
    <Param nm="263" v="0" cc="-1" nrpn="-1" ch="0"/>
    <Param nm="264" v="0" cc="-1" nrpn="-1" ch="0"/>
    <Param nm="265" v="0" cc="-1" nrpn="-1" ch="0"/>
    <Param nm="266" v="0" cc="-1" nrpn="-1" ch="0"/>
    <Param nm="267" v="0" cc="-1" nrpn="-1" ch="0"/>
    <Param nm="268" v="0" cc="-1" nrpn="-1" ch="0"/>
    <Param nm="269" v="0" cc="-1" nrpn="-1" ch="0"/>
    <Param nm="270" v="0" cc="-1" nrpn="-1" ch="0"/>
    <Param nm="271" v="0" cc="-1" nrpn="-1" ch="0"/>
    <Param nm="272" v="0" cc="-1" nrpn="-1" ch="0"/>
    <Param nm="273" v="0" cc="-1" nrpn="-1" ch="0"/>
    <Param nm="274" v="0" cc="-1" nrpn="-1" ch="0"/>
    <Param nm="275" v="0" cc="-1" nrpn="-1" ch="0"/>
    <Param nm="276" v="0" cc="-1" nrpn="-1" ch="0"/>
    <Param nm="277" v="0" cc="-1" nrpn="-1" ch="0"/>
    <Param nm="278" v="0" cc="-1" nrpn="-1" ch="0"/>
    <Param nm="279" v="0" cc="-1" nrpn="-1" ch="0"/>
    <Param nm="280" v="0" cc="-1" nrpn="-1" ch="0"/>
    <Param nm="281" v="0" cc="-1" nrpn="-1" ch="0"/>
    <Param nm="282" v="0" cc="-1" nrpn="-1" ch="0"/>
    <Param nm="283" v="0" cc="-1" nrpn="-1" ch="0"/>
    <Param nm="284" v="0" cc="-1" nrpn="-1" ch="0"/>
    <Param nm="285" v="0" cc="-1" nrpn="-1" ch="0"/>
    <Param nm="286" v="0" cc="-1" nrpn="-1" ch="0"/>
    <Param nm="287" v="0" cc="-1" nrpn="-1" ch="0"/>
    <Param nm="288" v="0" cc="-1" nrpn="-1" ch="0"/>
    <Param nm="289" v="0" cc="-1" nrpn="-1" ch="0"/>
    <Param nm="290" v="0" cc="-1" nrpn="-1" ch="0"/>
    <Param nm="291" v="0" cc="-1" nrpn="-1" ch="0"/>
    <Param nm="292" v="0" cc="-1" nrpn="-1" ch="0"/>
    <Param nm="293" v="0" cc="-1" nrpn="-1" ch="0"/>
    <Param nm="294" v="0" cc="-1" nrpn="-1" ch="0"/>
    <Param nm="295" v="0" cc="-1" nrpn="-1" ch="0"/>
    <Param nm="296" v="0" cc="-1" nrpn="-1" ch="0"/>
    <Param nm="297" v="0" cc="-1" nrpn="-1" ch="0"/>
    <Param nm="298" v="0" cc="-1" nrpn="-1" ch="0"/>
    <Param nm="299" v="0" cc="-1" nrpn="-1" ch="0"/>
    <Param nm="300" v="0" cc="-1" nrpn="-1" ch="0"/>
    <Param nm="301" v="0" cc="-1" nrpn="-1" ch="0"/>
    <Param nm="302" v="0" cc="-1" nrpn="-1" ch="0"/>
    <Param nm="303" v="0" cc="-1" nrpn="-1" ch="0"/>
    <Param nm="304" v="0" cc="-1" nrpn="-1" ch="0"/>
    <Param nm="305" v="0" cc="-1" nrpn="-1" ch="0"/>
    <Param nm="306" v="0" cc="-1" nrpn="-1" ch="0"/>
    <Param nm="307" v="0" cc="-1" nrpn="-1" ch="0"/>
    <Param nm="308" v="0" cc="-1" nrpn="-1" ch="0"/>
    <Param nm="309" v="0" cc="-1" nrpn="-1" ch="0"/>
    <Param nm="310" v="0" cc="-1" nrpn="-1" ch="0"/>
    <Param nm="311" v="0" cc="-1" nrpn="-1" ch="0"/>
    <Param nm="312" v="0" cc="-1" nrpn="-1" ch="0"/>
    <Param nm="313" v="0" cc="-1" nrpn="-1" ch="0"/>
    <Param nm="314" v="0" cc="-1" nrpn="-1" ch="0"/>
    <Param nm="315" v="0" cc="-1" nrpn="-1" ch="0"/>
    <Param nm="316" v="0" cc="-1" nrpn="-1" ch="0"/>
    <Param nm="317" v="0" cc="-1" nrpn="-1" ch="0"/>
    <Param nm="318" v="0" cc="-1" nrpn="-1" ch="0"/>
    <Param nm="319" v="0" cc="-1" nrpn="-1" ch="0"/>
    <Param nm="320" v="0" cc="-1" nrpn="-1" ch="0"/>
    <Param nm="321" v="0" cc="-1" nrpn="-1" ch="0"/>
    <Param nm="322" v="0" cc="-1" nrpn="-1" ch="0"/>
    <Param nm="323" v="0" cc="-1" nrpn="-1" ch="0"/>
    <Param nm="324" v="0" cc="-1" nrpn="-1" ch="0"/>
    <Param nm="325" v="0" cc="-1" nrpn="-1" ch="0"/>
    <Param nm="326" v="0" cc="-1" nrpn="-1" ch="0"/>
    <Param nm="327" v="0" cc="-1" nrpn="-1" ch="0"/>
    <Param nm="328" v="0" cc="-1" nrpn="-1" ch="0"/>
    <Param nm="329" v="0" cc="-1" nrpn="-1" ch="0"/>
    <Param nm="330" v="0" cc="-1" nrpn="-1" ch="0"/>
    <Param nm="331" v="0" cc="-1" nrpn="-1" ch="0"/>
    <Param nm="332" v="0" cc="-1" nrpn="-1" ch="0"/>
    <Param nm="333" v="0" cc="-1" nrpn="-1" ch="0"/>
    <Param nm="334" v="0" cc="-1" nrpn="-1" ch="0"/>
    <Param nm="335" v="0" cc="-1" nrpn="-1" ch="0"/>
    <Param nm="336" v="0" cc="-1" nrpn="-1" ch="0"/>
    <Param nm="337" v="0" cc="-1" nrpn="-1" ch="0"/>
    <Param nm="338" v="0" cc="-1" nrpn="-1" ch="0"/>
    <Param nm="339" v="0" cc="-1" nrpn="-1" ch="0"/>
    <Param nm="340" v="0" cc="-1" nrpn="-1" ch="0"/>
    <Param nm="341" v="0" cc="-1" nrpn="-1" ch="0"/>
    <Param nm="342" v="0" cc="-1" nrpn="-1" ch="0"/>
    <Param nm="343" v="0" cc="-1" nrpn="-1" ch="0"/>
    <Param nm="344" v="0" cc="-1" nrpn="-1" ch="0"/>
    <Param nm="345" v="0" cc="-1" nrpn="-1" ch="0"/>
    <Param nm="346" v="0" cc="-1" nrpn="-1" ch="0"/>
    <Param nm="347" v="0" cc="-1" nrpn="-1" ch="0"/>
    <Param nm="348" v="0" cc="-1" nrpn="-1" ch="0"/>
    <Param nm="349" v="0" cc="-1" nrpn="-1" ch="0"/>
    <Param nm="350" v="0" cc="-1" nrpn="-1" ch="0"/>
    <Param nm="351" v="0" cc="-1" nrpn="-1" ch="0"/>
    <Param nm="352" v="0" cc="-1" nrpn="-1" ch="0"/>
    <Param nm="353" v="0" cc="-1" nrpn="-1" ch="0"/>
    <Param nm="354" v="0" cc="-1" nrpn="-1" ch="0"/>
    <Param nm="355" v="0" cc="-1" nrpn="-1" ch="0"/>
    <Param nm="356" v="0" cc="-1" nrpn="-1" ch="0"/>
    <Param nm="357" v="0" cc="-1" nrpn="-1" ch="0"/>
    <Param nm="358" v="0" cc="-1" nrpn="-1" ch="0"/>
    <Param nm="359" v="0" cc="-1" nrpn="-1" ch="0"/>
    <Param nm="360" v="0" cc="-1" nrpn="-1" ch="0"/>
    <Param nm="361" v="0" cc="-1" nrpn="-1" ch="0"/>
    <Param nm="362" v="0" cc="-1" nrpn="-1" ch="0"/>
    <Param nm="363" v="0" cc="-1" nrpn="-1" ch="0"/>
    <Param nm="364" v="0" cc="-1" nrpn="-1" ch="0"/>
    <Param nm="365" v="0" cc="-1" nrpn="-1" ch="0"/>
    <Param nm="366" v="0" cc="-1" nrpn="-1" ch="0"/>
    <Param nm="367" v="0" cc="-1" nrpn="-1" ch="0"/>
    <Param nm="368" v="0" cc="-1" nrpn="-1" ch="0"/>
    <Param nm="369" v="0" cc="-1" nrpn="-1" ch="0"/>
    <Param nm="370" v="0" cc="-1" nrpn="-1" ch="0"/>
    <Param nm="371" v="0" cc="-1" nrpn="-1" ch="0"/>
    <Param nm="372" v="0" cc="-1" nrpn="-1" ch="0"/>
    <Param nm="373" v="0" cc="-1" nrpn="-1" ch="0"/>
    <Param nm="374" v="0" cc="-1" nrpn="-1" ch="0"/>
    <Param nm="375" v="0" cc="-1" nrpn="-1" ch="0"/>
    <Param nm="376" v="0" cc="-1" nrpn="-1" ch="0"/>
    <Param nm="377" v="0" cc="-1" nrpn="-1" ch="0"/>
    <Param nm="378" v="0" cc="-1" nrpn="-1" ch="0"/>
    <Param nm="379" v="0" cc="-1" nrpn="-1" ch="0"/>
    <Param nm="380" v="0" cc="-1" nrpn="-1" ch="0"/>
    <Param nm="381" v="0" cc="-1" nrpn="-1" ch="0"/>
    <Param nm="382" v="0" cc="-1" nrpn="-1" ch="0"/>
    <Param nm="383" v="0" cc="-1" nrpn="-1" ch="0"/>
    <Param nm="384" v="0" cc="-1" nrpn="-1" ch="0"/>
    <Param nm="385" v="0" cc="-1" nrpn="-1" ch="0"/>
    <Param nm="386" v="0" cc="-1" nrpn="-1" ch="0"/>
    <Param nm="387" v="0" cc="-1" nrpn="-1" ch="0"/>
    <Param nm="388" v="0" cc="-1" nrpn="-1" ch="0"/>
    <Param nm="389" v="0" cc="-1" nrpn="-1" ch="0"/>
    <Param nm="390" v="0" cc="-1" nrpn="-1" ch="0"/>
    <Param nm="391" v="0" cc="-1" nrpn="-1" ch="0"/>
    <Param nm="392" v="0" cc="-1" nrpn="-1" ch="0"/>
    <Param nm="393" v="0" cc="-1" nrpn="-1" ch="0"/>
    <Param nm="394" v="0" cc="-1" nrpn="-1" ch="0"/>
    <Param nm="395" v="0" cc="-1" nrpn="-1" ch="0"/>
    <Param nm="396" v="0" cc="-1" nrpn="-1" ch="0"/>
    <Param nm="397" v="0" cc="-1" nrpn="-1" ch="0"/>
    <Param nm="398" v="0" cc="-1" nrpn="-1" ch="0"/>
    <Param nm="399" v="0" cc="-1" nrpn="-1" ch="0"/>
    <Param nm="400" v="0" cc="-1" nrpn="-1" ch="0"/>
    <Param nm="401" v="0" cc="-1" nrpn="-1" ch="0"/>
    <Param nm="402" v="0" cc="-1" nrpn="-1" ch="0"/>
    <Param nm="403" v="0" cc="-1" nrpn="-1" ch="0"/>
    <Param nm="404" v="0" cc="-1" nrpn="-1" ch="0"/>
    <Param nm="405" v="0" cc="-1" nrpn="-1" ch="0"/>
    <Param nm="406" v="0" cc="-1" nrpn="-1" ch="0"/>
    <Param nm="407" v="0" cc="-1" nrpn="-1" ch="0"/>
    <Param nm="408" v="0" cc="-1" nrpn="-1" ch="0"/>
    <Param nm="409" v="0" cc="-1" nrpn="-1" ch="0"/>
    <Param nm="410" v="0" cc="-1" nrpn="-1" ch="0"/>
    <Param nm="411" v="0" cc="-1" nrpn="-1" ch="0"/>
    <Param nm="412" v="0" cc="-1" nrpn="-1" ch="0"/>
    <Param nm="413" v="0" cc="-1" nrpn="-1" ch="0"/>
    <Param nm="414" v="0" cc="-1" nrpn="-1" ch="0"/>
    <Param nm="415" v="0" cc="-1" nrpn="-1" ch="0"/>
    <Param nm="416" v="0" cc="-1" nrpn="-1" ch="0"/>
    <Param nm="417" v="0" cc="-1" nrpn="-1" ch="0"/>
    <Param nm="418" v="0" cc="-1" nrpn="-1" ch="0"/>
    <Param nm="419" v="0" cc="-1" nrpn="-1" ch="0"/>
    <Param nm="420" v="0" cc="-1" nrpn="-1" ch="0"/>
    <Param nm="421" v="0" cc="-1" nrpn="-1" ch="0"/>
    <Param nm="422" v="0" cc="-1" nrpn="-1" ch="0"/>
    <Param nm="423" v="0" cc="-1" nrpn="-1" ch="0"/>
    <Param nm="424" v="0" cc="-1" nrpn="-1" ch="0"/>
    <Param nm="425" v="0" cc="-1" nrpn="-1" ch="0"/>
    <Param nm="426" v="0" cc="-1" nrpn="-1" ch="0"/>
    <Param nm="427" v="0" cc="-1" nrpn="-1" ch="0"/>
    <Param nm="428" v="0" cc="-1" nrpn="-1" ch="0"/>
    <Param nm="429" v="0" cc="-1" nrpn="-1" ch="0"/>
    <Param nm="430" v="0" cc="-1" nrpn="-1" ch="0"/>
    <Param nm="431" v="0" cc="-1" nrpn="-1" ch="0"/>
    <Param nm="432" v="0" cc="-1" nrpn="-1" ch="0"/>
    <Param nm="433" v="0" cc="-1" nrpn="-1" ch="0"/>
    <Param nm="434" v="0" cc="-1" nrpn="-1" ch="0"/>
    <Param nm="435" v="0" cc="-1" nrpn="-1" ch="0"/>
    <Param nm="436" v="0" cc="-1" nrpn="-1" ch="0"/>
    <Param nm="437" v="0" cc="-1" nrpn="-1" ch="0"/>
    <Param nm="438" v="0" cc="-1" nrpn="-1" ch="0"/>
    <Param nm="439" v="0" cc="-1" nrpn="-1" ch="0"/>
    <Param nm="440" v="0" cc="-1" nrpn="-1" ch="0"/>
    <Param nm="441" v="0" cc="-1" nrpn="-1" ch="0"/>
    <Param nm="442" v="0" cc="-1" nrpn="-1" ch="0"/>
    <Param nm="443" v="0" cc="-1" nrpn="-1" ch="0"/>
    <Param nm="444" v="0" cc="-1" nrpn="-1" ch="0"/>
    <Param nm="445" v="0" cc="-1" nrpn="-1" ch="0"/>
    <Param nm="446" v="0" cc="-1" nrpn="-1" ch="0"/>
    <Param nm="447" v="0" cc="-1" nrpn="-1" ch="0"/>
    <Param nm="448" v="0" cc="-1" nrpn="-1" ch="0"/>
    <Param nm="449" v="0" cc="-1" nrpn="-1" ch="0"/>
    <Param nm="450" v="0" cc="-1" nrpn="-1" ch="0"/>
    <Param nm="451" v="0" cc="-1" nrpn="-1" ch="0"/>
    <Param nm="452" v="0" cc="-1" nrpn="-1" ch="0"/>
    <Param nm="453" v="0" cc="-1" nrpn="-1" ch="0"/>
    <Param nm="454" v="0" cc="-1" nrpn="-1" ch="0"/>
    <Param nm="455" v="0" cc="-1" nrpn="-1" ch="0"/>
    <Param nm="456" v="0" cc="-1" nrpn="-1" ch="0"/>
    <Param nm="457" v="0" cc="-1" nrpn="-1" ch="0"/>
    <Param nm="458" v="0" cc="-1" nrpn="-1" ch="0"/>
    <Param nm="459" v="0" cc="-1" nrpn="-1" ch="0"/>
    <Param nm="460" v="0" cc="-1" nrpn="-1" ch="0"/>
    <Param nm="461" v="0" cc="-1" nrpn="-1" ch="0"/>
    <Param nm="462" v="0" cc="-1" nrpn="-1" ch="0"/>
    <Param nm="463" v="0" cc="-1" nrpn="-1" ch="0"/>
    <Param nm="464" v="0" cc="-1" nrpn="-1" ch="0"/>
    <Param nm="465" v="0" cc="-1" nrpn="-1" ch="0"/>
    <Param nm="466" v="0" cc="-1" nrpn="-1" ch="0"/>
    <Param nm="467" v="0" cc="-1" nrpn="-1" ch="0"/>
    <Param nm="468" v="0" cc="-1" nrpn="-1" ch="0"/>
    <Param nm="469" v="0" cc="-1" nrpn="-1" ch="0"/>
    <Param nm="470" v="0" cc="-1" nrpn="-1" ch="0"/>
    <Param nm="471" v="0" cc="-1" nrpn="-1" ch="0"/>
    <Param nm="472" v="0" cc="-1" nrpn="-1" ch="0"/>
    <Param nm="473" v="0" cc="-1" nrpn="-1" ch="0"/>
    <Param nm="474" v="0" cc="-1" nrpn="-1" ch="0"/>
    <Param nm="475" v="0" cc="-1" nrpn="-1" ch="0"/>
    <Param nm="476" v="0" cc="-1" nrpn="-1" ch="0"/>
    <Param nm="477" v="0" cc="-1" nrpn="-1" ch="0"/>
    <Param nm="478" v="0" cc="-1" nrpn="-1" ch="0"/>
    <Param nm="479" v="0" cc="-1" nrpn="-1" ch="0"/>
    <Param nm="480" v="0" cc="-1" nrpn="-1" ch="0"/>
    <Param nm="481" v="0" cc="-1" nrpn="-1" ch="0"/>
    <Param nm="482" v="0" cc="-1" nrpn="-1" ch="0"/>
    <Param nm="483" v="0" cc="-1" nrpn="-1" ch="0"/>
    <Param nm="484" v="0" cc="-1" nrpn="-1" ch="0"/>
    <Param nm="485" v="0" cc="-1" nrpn="-1" ch="0"/>
    <Param nm="486" v="0" cc="-1" nrpn="-1" ch="0"/>
    <Param nm="487" v="0" cc="-1" nrpn="-1" ch="0"/>
    <Param nm="488" v="0" cc="-1" nrpn="-1" ch="0"/>
    <Param nm="489" v="0" cc="-1" nrpn="-1" ch="0"/>
    <Param nm="490" v="0" cc="-1" nrpn="-1" ch="0"/>
    <Param nm="491" v="0" cc="-1" nrpn="-1" ch="0"/>
    <Param nm="492" v="0" cc="-1" nrpn="-1" ch="0"/>
    <Param nm="493" v="0" cc="-1" nrpn="-1" ch="0"/>
    <Param nm="494" v="0" cc="-1" nrpn="-1" ch="0"/>
    <Param nm="495" v="0" cc="-1" nrpn="-1" ch="0"/>
    <Param nm="496" v="0" cc="-1" nrpn="-1" ch="0"/>
    <Param nm="497" v="0" cc="-1" nrpn="-1" ch="0"/>
    <Param nm="498" v="0" cc="-1" nrpn="-1" ch="0"/>
    <Param nm="499" v="0" cc="-1" nrpn="-1" ch="0"/>
    <Param nm="500" v="0" cc="-1" nrpn="-1" ch="0"/>
    <Param nm="501" v="0" cc="-1" nrpn="-1" ch="0"/>
    <Param nm="502" v="0" cc="-1" nrpn="-1" ch="0"/>
    <Param nm="503" v="0" cc="-1" nrpn="-1" ch="0"/>
    <Param nm="504" v="0" cc="-1" nrpn="-1" ch="0"/>
    <Param nm="505" v="0" cc="-1" nrpn="-1" ch="0"/>
    <Param nm="506" v="0" cc="-1" nrpn="-1" ch="0"/>
    <Param nm="507" v="0" cc="-1" nrpn="-1" ch="0"/>
    <Param nm="508" v="0" cc="-1" nrpn="-1" ch="0"/>
    <Param nm="509" v="0" cc="-1" nrpn="-1" ch="0"/>
    <Param nm="510" v="0" cc="-1" nrpn="-1" ch="0"/>
    <Param nm="511" v="0" cc="-1" nrpn="-1" ch="0"/>
    <Param nm="512" v="0" cc="-1" nrpn="-1" ch="0"/>
    <Param nm="DmxNextPage" v="0" cc="-1" nrpn="-1" ch="0"/>
    <Param nm="DmxPrevPage" v="0" cc="-1" nrpn="-1" ch="0"/>
    <Param nm="Master Speed" v="1.04167" cc="-1" nrpn="-1" ch="0"/>
    <Param nm="MasterTempo" v="120" cc="-1" nrpn="-1" ch="0"/>
    <Param nm="Macros" v="0" cc="-1" nrpn="-1" ch="0"/>
    <Param nm="Grand Master" v="0.975989" cc="-1" nrpn="-1" ch="0"/>
    <Param nm="Crossfade" v="0.1" cc="-1" nrpn="-1" ch="0"/>
    <Param nm="Type" v="0" cc="-1" nrpn="-1" ch="0"/>
    <Param nm="Amount" v="0.5" cc="-1" nrpn="-1" ch="0"/>
    <Param nm="Offset" v="0" cc="-1" nrpn="-1" ch="0"/>
    <Param nm="Speed" v="0.357143" cc="-1" nrpn="-1" ch="0"/>
    <Param nm="Shape" v="0.5" cc="-1" nrpn="-1" ch="0"/>
    <Param nm="Band" v="0" cc="-1" nrpn="-1" ch="0"/>
    <Param nm="Level" v="0" cc="-1" nrpn="-1" ch="0"/>
    <Param nm="Attack" v="1" cc="-1" nrpn="-1" ch="0"/>
    <Param nm="Release" v="49.9625" cc="-1" nrpn="-1" ch="0"/>
    <Param nm="Dir" v="0" cc="-1" nrpn="-1" ch="0"/>
    <Param nm="Invert" v="0" cc="-1" nrpn="-1" ch="0"/>
    <Param nm="Enabled" v="1" cc="-1" nrpn="-1" ch="0"/>
  </Params>
  <DmxUniverse>
    <c n="1" fr="49.9625"/>
    <c n="2" fr="49.9625"/>
    <c n="3" fr="49.9625"/>
    <c n="4" fr="49.9625"/>
    <c n="5" fr="49.9625"/>
    <c n="6" fr="49.9625"/>
    <c n="7" fr="49.9625"/>
    <c n="8" fr="49.9625"/>
    <c n="9" fr="49.9625"/>
    <c n="10" fr="49.9625"/>
    <c n="11" fr="49.9625"/>
    <c n="12" fr="49.9625"/>
    <c n="13" fr="49.9625"/>
    <c n="14" fr="49.9625"/>
    <c n="15" fr="49.9625"/>
    <c n="16" fr="49.9625"/>
    <c n="17" fr="49.9625"/>
    <c n="18" fr="49.9625"/>
    <c n="19" fr="49.9625"/>
    <c n="20" fr="49.9625"/>
    <c n="21" fr="49.9625"/>
    <c n="22" fr="49.9625"/>
    <c n="23" fr="49.9625"/>
    <c n="24" fr="49.9625"/>
    <c n="25" fr="49.9625"/>
    <c n="26" fr="49.9625"/>
    <c n="27" fr="49.9625"/>
    <c n="28" fr="49.9625"/>
    <c n="29" fr="49.9625"/>
    <c n="30" fr="49.9625"/>
    <c n="31" fr="49.9625"/>
    <c n="33" fr="49.9625"/>
    <c n="34" fr="49.9625"/>
    <c n="35" fr="49.9625"/>
    <c n="36" fr="49.9625"/>
    <c n="37" fr="49.9625"/>
    <c n="38" fr="49.9625"/>
    <c n="39" fr="49.9625"/>
    <c n="40" fr="49.9625"/>
    <c n="41" fr="49.9625"/>
    <c n="42" fr="49.9625"/>
    <c n="43" fr="49.9625"/>
    <c n="44" fr="49.9625"/>
    <c n="45" fr="49.9625"/>
    <c n="46" fr="49.9625"/>
    <c n="47" fr="49.9625"/>
    <c n="48" fr="49.9625"/>
    <c n="49" fr="49.9625"/>
    <c n="50" fr="49.9625"/>
    <c n="51" fr="49.9625"/>
    <c n="52" fr="49.9625"/>
    <c n="53" fr="49.9625"/>
    <c n="54" fr="49.9625"/>
    <c n="55" fr="49.9625"/>
    <c n="56" fr="49.9625"/>
    <c n="57" fr="49.9625"/>
    <c n="58" fr="49.9625"/>
    <c n="59" fr="49.9625"/>
    <c n="60" en="0"/>
    <c n="61" en="0"/>
    <c n="62" en="0"/>
    <c n="63" en="0"/>
    <c n="64" t="1" a="0.07" s="10" fr="49.9625"/>
    <c n="65" t="1" a="0.07" p="0.0533333" s="10" fr="49.9625"/>
    <c n="66" t="1" a="0.07" p="0.106667" s="10" fr="49.9625"/>
    <c n="67" t="1" a="0.07" p="0.16" s="10" fr="49.9625"/>
    <c n="68" t="1" a="0.07" p="0.213333" s="10" fr="49.9625"/>
    <c n="69" t="1" a="0.07" p="0.266667" s="10" fr="49.9625"/>
    <c n="70" t="1" a="0.07" p="0.32" s="10" fr="49.9625"/>
    <c n="71" t="1" a="0.07" p="0.373333" s="10" fr="49.9625"/>
    <c n="72" t="1" a="0.07" p="0.426667" s="10" fr="49.9625"/>
    <c n="73" t="1" a="0.07" p="0.48" s="10" fr="49.9625"/>
    <c n="74" fr="49.9625"/>
    <c n="75" fr="49.9625"/>
    <c n="76" fr="49.9625"/>
    <c n="77" fr="49.9625"/>
    <c n="78" fr="49.9625"/>
    <c n="79" fr="49.9625"/>
    <c n="80" t="1" a="0.07" s="10" fr="49.9625"/>
    <c n="81" t="1" a="0.07" p="0.0533333" s="10" fr="49.9625"/>
    <c n="82" t="1" a="0.07" p="0.106667" s="10" fr="49.9625"/>
    <c n="83" t="1" a="0.07" p="0.16" s="10" fr="49.9625"/>
    <c n="84" t="1" a="0.07" p="0.213333" s="10" fr="49.9625"/>
    <c n="85" t="1" a="0.07" p="0.266667" s="10" fr="49.9625"/>
    <c n="86" t="1" a="0.07" p="0.32" s="10" fr="49.9625"/>
    <c n="87" t="1" a="0.07" p="0.373333" s="10" fr="49.9625"/>
    <c n="88" t="1" a="0.07" p="0.426667" s="10" fr="49.9625"/>
    <c n="89" t="1" a="0.07" p="0.48" s="10" fr="49.9625"/>
    <c n="90" en="0"/>
    <c n="91" en="0"/>
    <c n="92" en="0"/>
    <c n="93" en="0"/>
    <c n="94" en="0"/>
    <c n="95" en="0"/>
    <c n="96" en="0" fr="49.9625"/>
    <c n="97" en="0" fr="49.9625"/>
    <c n="98" t="1" a="0.156667" s="10" fr="49.9625"/>
    <c n="99" fr="49.9625"/>
    <c n="100" fr="49.9625"/>
    <c n="101" fr="49.9625"/>
    <c n="102" fr="49.9625"/>
    <c n="103" fr="49.9625"/>
    <c n="104" fr="49.9625"/>
    <c n="105" fr="49.9625"/>
    <c n="106" t="1" a="0.156667" s="10"/>
    <c n="112" en="0" fr="49.9875"/>
    <c n="113" en="0" fr="49.9875"/>
    <c n="114" en="0" fr="49.9875"/>
    <c n="115" en="0" fr="49.9875"/>
    <c n="116" en="0" fr="49.9875"/>
    <c n="117" en="0"/>
    <c n="118" en="0" fr="49.9875"/>
    <c n="119" en="0" fr="49.9875"/>
    <c n="120" en="0" fr="49.9875"/>
    <c n="121" en="0" fr="49.9875"/>
    <c n="122" en="0"/>
    <c n="123" en="0"/>
    <c n="124" en="0"/>
    <c n="125" en="0"/>
    <c n="126" en="0"/>
    <c n="127" en="0"/>
    <c n="128" en="0" fr="49.9875"/>
    <c n="129" en="0"/>
    <c n="130" en="0"/>
    <c n="131" en="0"/>
    <c n="132" en="0"/>
    <c n="133" en="0"/>
    <c n="134" en="0"/>
    <c n="135" en="0"/>
    <c n="136" en="0"/>
    <c n="137" en="0"/>
    <c n="138" en="0"/>
    <c n="139" en="0"/>
    <c n="140" en="0"/>
    <c n="141" en="0"/>
    <c n="142" en="0"/>
    <c n="143" en="0"/>
    <c n="144" en="0"/>
    <c n="145" en="0"/>
    <c n="146" en="0"/>
    <c n="147" en="0"/>
    <c n="148" en="0"/>
    <c n="149" en="0"/>
    <c n="150" en="0"/>
    <c n="151" en="0"/>
    <c n="152" en="0"/>
    <c n="153" en="0"/>
    <c n="154" en="0"/>
    <c n="155" en="0"/>
    <c n="156" en="0"/>
    <c n="157" en="0"/>
    <c n="158" en="0"/>
    <c n="159" en="0"/>
    <c n="160" en="0"/>
    <c n="161" en="0"/>
    <c n="162" en="0"/>
    <c n="163" en="0"/>
    <c n="164" en="0"/>
    <c n="165" en="0"/>
    <c n="166" en="0"/>
    <c n="167" en="0"/>
    <c n="168" en="0"/>
    <c n="169" en="0"/>
    <c n="170" en="0"/>
    <c n="171" en="0"/>
    <c n="172" en="0"/>
    <c n="173" en="0"/>
    <c n="174" en="0"/>
    <c n="175" en="0"/>
    <c n="176" en="0"/>
    <c n="177" en="0"/>
    <c n="178" en="0"/>
    <c n="179" en="0"/>
    <c n="180" en="0"/>
    <c n="181" en="0"/>
    <c n="182" en="0"/>
    <c n="183" en="0"/>
    <c n="184" en="0"/>
    <c n="185" en="0"/>
    <c n="186" en="0"/>
    <c n="187" en="0"/>
    <c n="188" en="0"/>
    <c n="189" en="0"/>
    <c n="190" en="0"/>
    <c n="191" en="0"/>
    <c n="192" en="0"/>
    <c n="193" en="0"/>
    <c n="194" en="0"/>
    <c n="195" en="0"/>
    <c n="196" en="0"/>
    <c n="197" en="0"/>
    <c n="198" en="0"/>
    <c n="199" en="0"/>
    <c n="200" en="0"/>
    <c n="201" en="0"/>
    <c n="202" en="0"/>
    <c n="203" en="0"/>
    <c n="204" en="0"/>
    <c n="205" en="0"/>
    <c n="206" en="0"/>
    <c n="207" en="0"/>
    <c n="208" en="0"/>
    <c n="209" en="0"/>
    <c n="210" en="0"/>
    <c n="211" en="0"/>
    <c n="212" en="0"/>
    <c n="213" en="0"/>
    <c n="214" en="0"/>
    <c n="215" en="0"/>
    <c n="216" en="0"/>
    <c n="217" en="0"/>
    <c n="218" en="0"/>
    <c n="219" en="0"/>
    <c n="220" en="0"/>
    <c n="221" en="0"/>
    <c n="222" en="0"/>
    <c n="223" en="0"/>
    <c n="224" en="0"/>
    <c n="225" en="0"/>
    <c n="226" en="0"/>
    <c n="227" en="0"/>
    <c n="228" en="0"/>
    <c n="229" en="0"/>
    <c n="230" en="0"/>
    <c n="231" en="0"/>
    <c n="232" en="0"/>
    <c n="233" en="0"/>
    <c n="234" en="0"/>
    <c n="235" en="0"/>
    <c n="236" en="0"/>
    <c n="237" en="0"/>
    <c n="238" en="0"/>
    <c n="239" en="0"/>
    <c n="240" en="0"/>
    <c n="241" en="0"/>
    <c n="242" en="0"/>
    <c n="243" en="0"/>
    <c n="244" en="0"/>
    <c n="245" en="0"/>
    <c n="246" en="0"/>
    <c n="247" en="0"/>
    <c n="248" en="0"/>
    <c n="249" en="0"/>
    <c n="250" en="0"/>
    <c n="251" en="0"/>
    <c n="252" en="0"/>
    <c n="253" en="0"/>
    <c n="254" en="0"/>
    <c n="255" en="0"/>
    <c n="256" en="0"/>
    <c n="257" en="0"/>
    <c n="258" en="0"/>
    <c n="259" en="0"/>
    <c n="260" en="0"/>
    <c n="261" en="0"/>
    <c n="262" en="0"/>
    <c n="263" en="0"/>
    <c n="264" en="0"/>
    <c n="265" en="0"/>
    <c n="266" en="0"/>
    <c n="267" en="0"/>
    <c n="268" en="0"/>
    <c n="269" en="0"/>
    <c n="270" en="0"/>
    <c n="271" en="0"/>
    <c n="272" en="0"/>
    <c n="273" en="0"/>
    <c n="274" en="0"/>
    <c n="275" en="0"/>
    <c n="276" en="0"/>
    <c n="277" en="0"/>
    <c n="278" en="0"/>
    <c n="279" en="0"/>
    <c n="280" en="0"/>
    <c n="281" en="0"/>
    <c n="282" en="0"/>
    <c n="283" en="0"/>
    <c n="284" en="0"/>
    <c n="285" en="0"/>
    <c n="286" en="0"/>
    <c n="287" en="0"/>
    <c n="288" en="0"/>
    <c n="289" en="0"/>
    <c n="290" en="0"/>
    <c n="291" en="0"/>
    <c n="292" en="0"/>
    <c n="293" en="0"/>
    <c n="294" en="0"/>
    <c n="295" en="0"/>
    <c n="296" en="0"/>
    <c n="297" en="0"/>
    <c n="298" en="0"/>
    <c n="299" en="0"/>
    <c n="300" en="0"/>
    <c n="301" en="0"/>
    <c n="302" en="0"/>
    <c n="303" en="0"/>
    <c n="304" en="0"/>
    <c n="305" en="0"/>
    <c n="306" en="0"/>
    <c n="307" en="0"/>
    <c n="308" en="0"/>
    <c n="309" en="0"/>
    <c n="310" en="0"/>
    <c n="311" en="0"/>
    <c n="312" en="0"/>
    <c n="313" en="0"/>
    <c n="314" en="0"/>
    <c n="315" en="0"/>
    <c n="316" en="0"/>
    <c n="317" en="0"/>
    <c n="318" en="0"/>
    <c n="319" en="0"/>
    <c n="320" en="0"/>
    <c n="321" en="0"/>
    <c n="322" en="0"/>
    <c n="323" en="0"/>
    <c n="324" en="0"/>
    <c n="325" en="0"/>
    <c n="326" en="0"/>
    <c n="327" en="0"/>
    <c n="328" en="0"/>
    <c n="329" en="0"/>
    <c n="330" en="0"/>
    <c n="331" en="0"/>
    <c n="332" en="0"/>
    <c n="333" en="0"/>
    <c n="334" en="0"/>
    <c n="335" en="0"/>
    <c n="336" en="0"/>
    <c n="337" en="0"/>
    <c n="338" en="0"/>
    <c n="339" en="0"/>
    <c n="340" en="0"/>
    <c n="341" en="0"/>
    <c n="342" en="0"/>
    <c n="343" en="0"/>
    <c n="344" en="0"/>
    <c n="345" en="0"/>
    <c n="346" en="0"/>
    <c n="347" en="0"/>
    <c n="348" en="0"/>
    <c n="349" en="0"/>
    <c n="350" en="0"/>
    <c n="351" en="0"/>
    <c n="352" en="0"/>
    <c n="353" en="0"/>
    <c n="354" en="0"/>
    <c n="355" en="0"/>
    <c n="356" en="0"/>
    <c n="357" en="0"/>
    <c n="358" en="0"/>
    <c n="359" en="0"/>
    <c n="360" en="0"/>
    <c n="361" en="0"/>
    <c n="362" en="0"/>
    <c n="363" en="0"/>
    <c n="364" en="0"/>
    <c n="365" en="0"/>
    <c n="366" en="0"/>
    <c n="367" en="0"/>
    <c n="368" en="0"/>
    <c n="369" en="0"/>
    <c n="370" en="0"/>
    <c n="371" en="0"/>
    <c n="372" en="0"/>
    <c n="373" en="0"/>
    <c n="374" en="0"/>
    <c n="375" en="0"/>
    <c n="376" en="0"/>
    <c n="377" en="0"/>
    <c n="378" en="0"/>
    <c n="379" en="0"/>
    <c n="380" en="0"/>
    <c n="381" en="0"/>
    <c n="382" en="0"/>
    <c n="383" en="0"/>
    <c n="384" en="0"/>
    <c n="385" en="0"/>
    <c n="386" en="0"/>
    <c n="387" en="0"/>
    <c n="388" en="0"/>
    <c n="389" en="0"/>
    <c n="390" en="0"/>
    <c n="391" en="0"/>
    <c n="392" en="0"/>
    <c n="393" en="0"/>
    <c n="394" en="0"/>
    <c n="395" en="0"/>
    <c n="396" en="0"/>
    <c n="397" en="0"/>
    <c n="398" en="0"/>
    <c n="399" en="0"/>
    <c n="400" en="0"/>
    <c n="401" en="0"/>
    <c n="402" en="0"/>
    <c n="403" en="0"/>
    <c n="404" en="0"/>
    <c n="405" en="0"/>
    <c n="406" en="0"/>
    <c n="407" en="0"/>
    <c n="408" en="0"/>
    <c n="409" en="0"/>
    <c n="410" en="0"/>
    <c n="411" en="0"/>
    <c n="412" en="0"/>
    <c n="413" en="0"/>
    <c n="414" en="0"/>
    <c n="415" en="0"/>
    <c n="416" en="0"/>
    <c n="417" en="0"/>
    <c n="418" en="0"/>
    <c n="419" en="0"/>
    <c n="420" en="0"/>
    <c n="421" en="0"/>
    <c n="422" en="0"/>
    <c n="423" en="0"/>
    <c n="424" en="0"/>
    <c n="425" en="0"/>
    <c n="426" en="0"/>
    <c n="427" en="0"/>
    <c n="428" en="0"/>
    <c n="429" en="0"/>
    <c n="430" en="0"/>
    <c n="431" en="0"/>
    <c n="432" en="0"/>
    <c n="433" en="0"/>
    <c n="434" en="0"/>
    <c n="435" en="0"/>
    <c n="436" en="0"/>
    <c n="437" en="0"/>
    <c n="438" en="0"/>
    <c n="439" en="0"/>
    <c n="440" en="0"/>
    <c n="441" en="0"/>
    <c n="442" en="0"/>
    <c n="443" en="0"/>
    <c n="444" en="0"/>
    <c n="445" en="0"/>
    <c n="446" en="0"/>
    <c n="447" en="0"/>
    <c n="448" en="0"/>
    <c n="449" en="0"/>
    <c n="450" en="0"/>
    <c n="451" en="0"/>
    <c n="452" en="0"/>
    <c n="453" en="0"/>
    <c n="454" en="0"/>
    <c n="455" en="0"/>
    <c n="456" en="0"/>
    <c n="457" en="0"/>
    <c n="458" en="0"/>
    <c n="459" en="0"/>
    <c n="460" en="0"/>
    <c n="461" en="0"/>
    <c n="462" en="0"/>
    <c n="463" en="0"/>
    <c n="464" en="0"/>
    <c n="465" en="0"/>
    <c n="466" en="0"/>
    <c n="467" en="0"/>
    <c n="468" en="0"/>
    <c n="469" en="0"/>
    <c n="470" en="0"/>
    <c n="471" en="0"/>
    <c n="472" en="0"/>
    <c n="473" en="0"/>
    <c n="474" en="0"/>
    <c n="475" en="0"/>
    <c n="476" en="0"/>
    <c n="477" en="0"/>
    <c n="478" en="0"/>
    <c n="479" en="0"/>
    <c n="480" en="0"/>
    <c n="481" en="0"/>
    <c n="482" en="0"/>
    <c n="483" en="0"/>
    <c n="484" en="0"/>
    <c n="485" en="0"/>
    <c n="486" en="0"/>
    <c n="487" en="0"/>
    <c n="488" en="0"/>
    <c n="489" en="0"/>
    <c n="490" en="0"/>
    <c n="491" en="0"/>
    <c n="492" en="0"/>
    <c n="493" en="0"/>
    <c n="494" en="0"/>
    <c n="495" en="0"/>
    <c n="496" en="0"/>
    <c n="497" en="0"/>
    <c n="498" en="0"/>
    <c n="499" en="0"/>
    <c n="500" en="0"/>
    <c n="501" en="0"/>
    <c n="502" en="0"/>
    <c n="503" en="0"/>
    <c n="504" en="0"/>
    <c n="505" en="0"/>
    <c n="506" en="0"/>
    <c n="507" en="0"/>
    <c n="508" en="0"/>
    <c n="509" en="0"/>
    <c n="510" en="0"/>
    <c n="511" fr="49.9625"/>
  </DmxUniverse>
</DbAudiowarePreset>
 